Log file open, 12/19/17 19:00:09
LogWindows: Failed to load 'aqProf.dll' (GetLastError=126)
LogWindows: File 'aqProf.dll' does not exist
LogWindows: Failed to load 'VtuneApi.dll' (GetLastError=126)
LogWindows: File 'VtuneApi.dll' does not exist
LogWindows: Failed to load 'VtuneApi32e.dll' (GetLastError=126)
LogWindows: File 'VtuneApi32e.dll' does not exist
LogInit: Display: Running engine for game: Graduation
LogPlatformFile: Not using cached read wrapper
LogInit: Display: RandInit(927853750) SRandInit(927853750).
LogInit: Read version file with build ID '3709383'
LogInit: Overriding engine version to CL 3794801, compatible CL 3709383
LogInit: Registered custom module enumerator with build ID '3709383'
LogTaskGraph: Started task graph with 5 named threads and 14 total threads with 3 sets of task threads.
LogStats: Stats thread started at 0.184889
LogD3D11RHI: Aftermath initialized
LogModuleManager: Display: Found up-to-date module file ../../../Engine/Plugins/2D/Paper2D/Binaries/Win64/UE4Editor-Paper2D.dll (API version 3709383).
LogModuleManager: Display: Found up-to-date module file ../../../Engine/Plugins/2D/Paper2D/Binaries/Win64/UE4Editor-Paper2DEditor.dll (API version 3709383).
LogModuleManager: Display: Found up-to-date module file ../../../Engine/Plugins/2D/Paper2D/Binaries/Win64/UE4Editor-PaperSpriteSheetImporter.dll (API version 3709383).
LogModuleManager: Display: Found up-to-date module file ../../../Engine/Plugins/2D/Paper2D/Binaries/Win64/UE4Editor-PaperTiledImporter.dll (API version 3709383).
LogModuleManager: Display: Found up-to-date module file ../../../Engine/Plugins/2D/Paper2D/Binaries/Win64/UE4Editor-SmartSnapping.dll (API version 3709383).
LogModuleManager: Display: Found up-to-date module file ../../../Engine/Plugins/Blendables/LightPropagationVolume/Binaries/Win64/UE4Editor-LightPropagationVolumeRuntime.dll (API version 3709383).
LogModuleManager: Display: Found up-to-date module file ../../../Engine/Plugins/Blendables/LightPropagationVolume/Binaries/Win64/UE4Editor-LightPropagationVolumeEditor.dll (API version 3709383).
LogModuleManager: Display: Found up-to-date module file ../../../Engine/Plugins/Developer/GitSourceControl/Binaries/Win64/UE4Editor-GitSourceControl.dll (API version 3709383).
LogModuleManager: Display: Found up-to-date module file ../../../Engine/Plugins/Developer/PerforceSourceControl/Binaries/Win64/UE4Editor-PerforceSourceControl.dll (API version 3709383).
LogModuleManager: Display: Found up-to-date module file ../../../Engine/Plugins/Developer/SubversionSourceControl/Binaries/Win64/UE4Editor-SubversionSourceControl.dll (API version 3709383).
LogModuleManager: Display: Found up-to-date module file ../../../Engine/Plugins/Developer/UObjectPlugin/Binaries/Win64/UE4Editor-UObjectPlugin.dll (API version 3709383).
LogModuleManager: Display: Found up-to-date module file ../../../Engine/Plugins/Developer/VisualStudioCodeSourceCodeAccess/Binaries/Win64/UE4Editor-VisualStudioCodeSourceCodeAccess.dll (API version 3709383).
LogModuleManager: Display: Found up-to-date module file ../../../Engine/Plugins/Developer/VisualStudioSourceCodeAccess/Binaries/Win64/UE4Editor-VisualStudioSourceCodeAccess.dll (API version 3709383).
LogModuleManager: Display: Found up-to-date module file ../../../Engine/Plugins/Editor/AssetManagerEditor/Binaries/Win64/UE4Editor-AssetManagerEditor.dll (API version 3709383).
LogModuleManager: Display: Found up-to-date module file ../../../Engine/Plugins/Editor/AudioCapture/Binaries/Win64/UE4Editor-AudioCapture.dll (API version 3709383).
LogModuleManager: Display: Found up-to-date module file ../../../Engine/Plugins/Editor/FacialAnimation/Binaries/Win64/UE4Editor-FacialAnimation.dll (API version 3709383).
LogModuleManager: Display: Found up-to-date module file ../../../Engine/Plugins/Editor/FacialAnimation/Binaries/Win64/UE4Editor-FacialAnimationEditor.dll (API version 3709383).
LogModuleManager: Display: Found up-to-date module file ../../../Engine/Plugins/Editor/GameplayTagsEditor/Binaries/Win64/UE4Editor-GameplayTagsEditor.dll (API version 3709383).
LogModuleManager: Display: Found up-to-date module file ../../../Engine/Plugins/Editor/MobileLauncherProfileWizard/Binaries/Win64/UE4Editor-MobileLauncherProfileWizard.dll (API version 3709383).
LogModuleManager: Display: Found up-to-date module file ../../../Engine/Plugins/Editor/PluginBrowser/Binaries/Win64/UE4Editor-PluginBrowser.dll (API version 3709383).
LogModuleManager: Display: Found up-to-date module file ../../../Engine/Plugins/Editor/SpeedTreeImporter/Binaries/Win64/UE4Editor-SpeedTreeImporter.dll (API version 3709383).
LogModuleManager: Display: Found up-to-date module file ../../../Engine/Plugins/Experimental/AlembicImporter/Binaries/Win64/UE4Editor-AlembicImporter.dll (API version 3709383).
LogModuleManager: Display: Found up-to-date module file ../../../Engine/Plugins/Experimental/AlembicImporter/Binaries/Win64/UE4Editor-AlembicLibrary.dll (API version 3709383).
LogModuleManager: Display: Found up-to-date module file ../../../Engine/Plugins/Experimental/CharacterAI/Binaries/Win64/UE4Editor-CharacterAI.dll (API version 3709383).
LogModuleManager: Display: Found up-to-date module file ../../../Engine/Plugins/Experimental/HTML5Networking/Binaries/Win64/UE4Editor-HTML5Networking.dll (API version 3709383).
LogModuleManager: Display: Found up-to-date module file ../../../Engine/Plugins/Media/AndroidMedia/Binaries/Win64/UE4Editor-AndroidMediaEditor.dll (API version 3709383).
LogModuleManager: Display: Found up-to-date module file ../../../Engine/Plugins/Media/AndroidMedia/Binaries/Win64/UE4Editor-AndroidMediaFactory.dll (API version 3709383).
LogModuleManager: Display: Found up-to-date module file ../../../Engine/Plugins/Media/AvfMedia/Binaries/Win64/UE4Editor-AvfMediaEditor.dll (API version 3709383).
LogModuleManager: Display: Found up-to-date module file ../../../Engine/Plugins/Media/AvfMedia/Binaries/Win64/UE4Editor-AvfMediaFactory.dll (API version 3709383).
LogModuleManager: Display: Found up-to-date module file ../../../Engine/Plugins/Media/AvfMedia/Binaries/Win64/UE4Editor-AvfMediaFactory.dll (API version 3709383).
LogModuleManager: Display: Found up-to-date module file ../../../Engine/Plugins/Media/ImgMedia/Binaries/Win64/UE4Editor-ImgMedia.dll (API version 3709383).
LogModuleManager: Display: Found up-to-date module file ../../../Engine/Plugins/Media/ImgMedia/Binaries/Win64/UE4Editor-ImgMediaEditor.dll (API version 3709383).
LogModuleManager: Display: Found up-to-date module file ../../../Engine/Plugins/Media/ImgMedia/Binaries/Win64/UE4Editor-ImgMediaFactory.dll (API version 3709383).
LogModuleManager: Display: Found up-to-date module file ../../../Engine/Plugins/Media/ImgMedia/Binaries/Win64/UE4Editor-ImgMediaFactory.dll (API version 3709383).
LogModuleManager: Display: Found up-to-date module file ../../../Engine/Plugins/Media/ImgMedia/Binaries/Win64/UE4Editor-OpenExrWrapper.dll (API version 3709383).
LogModuleManager: Display: Found up-to-date module file ../../../Engine/Plugins/Media/MediaCompositing/Binaries/Win64/UE4Editor-MediaCompositing.dll (API version 3709383).
LogModuleManager: Display: Found up-to-date module file ../../../Engine/Plugins/Media/MediaCompositing/Binaries/Win64/UE4Editor-MediaCompositingEditor.dll (API version 3709383).
LogModuleManager: Display: Found up-to-date module file ../../../Engine/Plugins/Media/MediaPlayerEditor/Binaries/Win64/UE4Editor-MediaPlayerEditor.dll (API version 3709383).
LogModuleManager: Display: Found up-to-date module file ../../../Engine/Plugins/Media/WmfMedia/Binaries/Win64/UE4Editor-WmfMedia.dll (API version 3709383).
LogModuleManager: Display: Found up-to-date module file ../../../Engine/Plugins/Media/WmfMedia/Binaries/Win64/UE4Editor-WmfMediaEditor.dll (API version 3709383).
LogModuleManager: Display: Found up-to-date module file ../../../Engine/Plugins/Media/WmfMedia/Binaries/Win64/UE4Editor-WmfMediaFactory.dll (API version 3709383).
LogModuleManager: Display: Found up-to-date module file ../../../Engine/Plugins/Media/WmfMedia/Binaries/Win64/UE4Editor-WmfMediaFactory.dll (API version 3709383).
LogModuleManager: Display: Found up-to-date module file ../../../Engine/Plugins/Messaging/TcpMessaging/Binaries/Win64/UE4Editor-TcpMessaging.dll (API version 3709383).
LogModuleManager: Display: Found up-to-date module file ../../../Engine/Plugins/Messaging/UdpMessaging/Binaries/Win64/UE4Editor-UdpMessaging.dll (API version 3709383).
LogModuleManager: Display: Found up-to-date module file ../../../Engine/Plugins/MovieScene/ActorSequence/Binaries/Win64/UE4Editor-ActorSequence.dll (API version 3709383).
LogModuleManager: Display: Found up-to-date module file ../../../Engine/Plugins/MovieScene/LevelSequenceEditor/Binaries/Win64/UE4Editor-LevelSequenceEditor.dll (API version 3709383).
LogModuleManager: Display: Found up-to-date module file ../../../Engine/Plugins/MovieScene/MatineeToLevelSequence/Binaries/Win64/UE4Editor-MatineeToLevelSequence.dll (API version 3709383).
LogModuleManager: Display: Found up-to-date module file ../../../Engine/Plugins/Online/OnlineSubsystem/Binaries/Win64/UE4Editor-OnlineSubsystem.dll (API version 3709383).
LogModuleManager: Display: Found up-to-date module file ../../../Engine/Plugins/Runtime/AndroidPermission/Binaries/Win64/UE4Editor-AndroidPermission.dll (API version 3709383).
LogModuleManager: Display: Found up-to-date module file ../../../Engine/Plugins/Online/OnlineSubsystemNull/Binaries/Win64/UE4Editor-OnlineSubsystemNull.dll (API version 3709383).
LogModuleManager: Display: Found up-to-date module file ../../../Engine/Plugins/Online/OnlineSubsystemUtils/Binaries/Win64/UE4Editor-OnlineSubsystemUtils.dll (API version 3709383).
LogModuleManager: Display: Found up-to-date module file ../../../Engine/Plugins/Online/OnlineSubsystemUtils/Binaries/Win64/UE4Editor-OnlineBlueprintSupport.dll (API version 3709383).
LogModuleManager: Display: Found up-to-date module file ../../../Engine/Plugins/Runtime/AndroidDeviceProfileSelector/Binaries/Win64/UE4Editor-AndroidDeviceProfileSelector.dll (API version 3709383).
LogModuleManager: Display: Found up-to-date module file ../../../Engine/Plugins/Runtime/AppleARKit/Binaries/Win64/UE4Editor-AppleARKit.dll (API version 3709383).
LogModuleManager: Display: Found up-to-date module file ../../../Engine/Plugins/Runtime/ArchVisCharacter/Binaries/Win64/UE4Editor-ArchVisCharacter.dll (API version 3709383).
LogModuleManager: Display: Found up-to-date module file ../../../Engine/Plugins/Runtime/CableComponent/Binaries/Win64/UE4Editor-CableComponent.dll (API version 3709383).
LogModuleManager: Display: Found up-to-date module file ../../../Engine/Plugins/Runtime/CustomMeshComponent/Binaries/Win64/UE4Editor-CustomMeshComponent.dll (API version 3709383).
LogModuleManager: Display: Found up-to-date module file ../../../Engine/Plugins/Runtime/ExampleDeviceProfileSelector/Binaries/Win64/UE4Editor-ExampleDeviceProfileSelector.dll (API version 3709383).
LogModuleManager: Display: Found up-to-date module file ../../../Engine/Plugins/Runtime/ImmediatePhysics/Binaries/Win64/UE4Editor-ImmediatePhysics.dll (API version 3709383).
LogModuleManager: Display: Found up-to-date module file ../../../Engine/Plugins/Runtime/ImmediatePhysics/Binaries/Win64/UE4Editor-ImmediatePhysicsEditor.dll (API version 3709383).
LogModuleManager: Display: Found up-to-date module file ../../../Engine/Plugins/Runtime/LocationServicesBPLibrary/Binaries/Win64/UE4Editor-LocationServicesBPLibrary.dll (API version 3709383).
LogModuleManager: Display: Found up-to-date module file ../../../Engine/Plugins/Runtime/MobilePatchingUtils/Binaries/Win64/UE4Editor-MobilePatchingUtils.dll (API version 3709383).
LogModuleManager: Display: Found up-to-date module file ../../../Engine/Plugins/Runtime/Oculus/OculusVR/Binaries/Win64/UE4Editor-OculusHMD.dll (API version 3709383).
LogModuleManager: Display: Found up-to-date module file ../../../Engine/Plugins/Runtime/Oculus/OculusVR/Binaries/Win64/UE4Editor-OculusInput.dll (API version 3709383).
LogModuleManager: Display: Found up-to-date module file ../../../Engine/Plugins/Runtime/Oculus/OculusVR/Binaries/Win64/UE4Editor-OculusEditor.dll (API version 3709383).
LogModuleManager: Display: Found up-to-date module file ../../../Engine/Plugins/Runtime/PhysXVehicles/Binaries/Win64/UE4Editor-PhysXVehicles.dll (API version 3709383).
LogModuleManager: Display: Found up-to-date module file ../../../Engine/Plugins/Runtime/PhysXVehicles/Binaries/Win64/UE4Editor-PhysXVehiclesEditor.dll (API version 3709383).
LogModuleManager: Display: Found up-to-date module file ../../../Engine/Plugins/Runtime/ProceduralMeshComponent/Binaries/Win64/UE4Editor-ProceduralMeshComponent.dll (API version 3709383).
LogModuleManager: Display: Found up-to-date module file ../../../Engine/Plugins/Runtime/ProceduralMeshComponent/Binaries/Win64/UE4Editor-ProceduralMeshComponentEditor.dll (API version 3709383).
LogModuleManager: Display: Found up-to-date module file ../../../Engine/Plugins/Runtime/RuntimePhysXCooking/Binaries/Win64/UE4Editor-RuntimePhysXCooking.dll (API version 3709383).
LogModuleManager: Display: Found up-to-date module file ../../../Engine/Plugins/Runtime/Steam/SteamVR/Binaries/Win64/UE4Editor-SteamVR.dll (API version 3709383).
LogModuleManager: Display: Found up-to-date module file ../../../Engine/Plugins/Runtime/Steam/SteamVR/Binaries/Win64/UE4Editor-SteamVRController.dll (API version 3709383).
LogModuleManager: Display: Found up-to-date module file ../../../Engine/Plugins/Runtime/WindowsMoviePlayer/Binaries/Win64/UE4Editor-WindowsMoviePlayer.dll (API version 3709383).
LogPluginManager: Mounting plugin Paper2D
LogPluginManager: Mounting plugin LightPropagationVolume
LogPluginManager: Mounting plugin CodeLiteSourceCodeAccess
LogPluginManager: Mounting plugin GitSourceControl
LogPluginManager: Mounting plugin KDevelopSourceCodeAccess
LogPluginManager: Mounting plugin NullSourceCodeAccess
LogPluginManager: Mounting plugin PerforceSourceControl
LogPluginManager: Mounting plugin SubversionSourceControl
LogPluginManager: Mounting plugin UObjectPlugin
LogPluginManager: Mounting plugin VisualStudioCodeSourceCodeAccess
LogPluginManager: Mounting plugin VisualStudioSourceCodeAccess
LogPluginManager: Mounting plugin XCodeSourceCodeAccess
LogPluginManager: Mounting plugin AssetManagerEditor
LogPluginManager: Mounting plugin AudioCapture
LogPluginManager: Mounting plugin FacialAnimation
LogPluginManager: Mounting plugin GameplayTagsEditor
LogPluginManager: Mounting plugin MobileLauncherProfileWizard
LogPluginManager: Mounting plugin PluginBrowser
LogPluginManager: Mounting plugin SpeedTreeImporter
LogPluginManager: Mounting plugin AlembicImporter
LogPluginManager: Mounting plugin CharacterAI
LogPluginManager: Mounting plugin HTML5Networking
LogPluginManager: Mounting plugin AndroidMedia
LogPluginManager: Mounting plugin AvfMedia
LogPluginManager: Mounting plugin ImgMedia
LogPluginManager: Mounting plugin MediaCompositing
LogPluginManager: Mounting plugin MediaPlayerEditor
LogPluginManager: Mounting plugin WmfMedia
LogPluginManager: Mounting plugin TcpMessaging
LogPluginManager: Mounting plugin UdpMessaging
LogPluginManager: Mounting plugin ActorSequence
LogPluginManager: Mounting plugin LevelSequenceEditor
LogPluginManager: Mounting plugin MatineeToLevelSequence
LogPluginManager: Mounting plugin OnlineSubsystemGooglePlay
LogPluginManager: Mounting plugin OnlineSubsystemIOS
LogPluginManager: Mounting plugin OnlineSubsystem
LogPluginManager: Mounting plugin OnlineSubsystemNull
LogPluginManager: Mounting plugin OnlineSubsystemUtils
LogPluginManager: Mounting plugin AndroidDeviceProfileSelector
LogPluginManager: Mounting plugin AndroidMoviePlayer
LogPluginManager: Mounting plugin AndroidPermission
LogPluginManager: Mounting plugin AppleARKit
LogPluginManager: Mounting plugin AppleMoviePlayer
LogPluginManager: Mounting plugin ArchVisCharacter
LogPluginManager: Mounting plugin CableComponent
LogPluginManager: Mounting plugin CustomMeshComponent
LogPluginManager: Mounting plugin ExampleDeviceProfileSelector
LogPluginManager: Mounting plugin GoogleCloudMessaging
LogPluginManager: Mounting plugin ImmediatePhysics
LogPluginManager: Mounting plugin IOSDeviceProfileSelector
LogPluginManager: Mounting plugin LinuxDeviceProfileSelector
LogPluginManager: Mounting plugin LocationServicesBPLibrary
LogPluginManager: Mounting plugin MobilePatchingUtils
LogPluginManager: Mounting plugin OculusVR
LogPluginManager: Plugin shader directory ../../../Engine/Plugins/Runtime/Oculus/OculusVR/Shaders found
LogPluginManager: Mapping shader source directory ../../../Engine/Plugins/Runtime/Oculus/OculusVR/Shaders to virtual directory /Plugin/OculusVR
LogPluginManager: Mounting plugin PhysXVehicles
LogPluginManager: Mounting plugin ProceduralMeshComponent
LogPluginManager: Mounting plugin RuntimePhysXCooking
LogPluginManager: Mounting plugin SteamVR
LogPluginManager: Mounting plugin WindowsMoviePlayer
LogInit: Using libcurl 7.47.1
LogInit:  - built for x86_64-pc-win32
LogInit:  - supports SSL with OpenSSL/1.0.2g
LogInit:  - supports HTTP deflate (compression) using libz 1.2.8
LogInit:  - other features:
LogInit:      CURL_VERSION_SSL
LogInit:      CURL_VERSION_LIBZ
LogInit:      CURL_VERSION_IPV6
LogInit:      CURL_VERSION_ASYNCHDNS
LogInit:      CURL_VERSION_LARGEFILE
LogInit:      CURL_VERSION_IDN
LogInit:  CurlRequestOptions (configurable via config and command line):
LogInit:  - bVerifyPeer = false  - Libcurl will NOT verify peer certificate
LogInit:  - bUseHttpProxy = false  - Libcurl will NOT use HTTP proxy
LogInit:  - bDontReuseConnections = false  - Libcurl will reuse connections
LogInit:  - CertBundlePath = nullptr  - Libcurl will use whatever was configured at build time.
LogInit: Build: ++UE4+Release-4.18-CL-3794801
LogInit: Engine Version: 4.18.2-3794801+++UE4+Release-4.18
LogInit: Compatible Engine Version: 4.18.0-3709383+++UE4+Release-4.18
LogInit: Net CL: 3709383
LogDevObjectVersion: Number of dev versions registered: 16
LogDevObjectVersion:   Dev-Blueprints (B0D832E4-1F89-4F0D-ACCF-7EB736FD4AA2): 10
LogDevObjectVersion:   Dev-Build (E1C64328-A22C-4D53-A36C-8E866417BD8C): 0
LogDevObjectVersion:   Dev-Core (375EC13C-06E4-48FB-B500-84F0262A717E): 2
LogDevObjectVersion:   Dev-Editor (E4B068ED-F494-42E9-A231-DA0B2E46BB41): 20
LogDevObjectVersion:   Dev-Framework (CFFC743F-43B0-4480-9391-14DF171D2073): 30
LogDevObjectVersion:   Dev-Mobile (B02B49B5-BB20-44E9-A304-32B752E40360): 0
LogDevObjectVersion:   Dev-Networking (A4E4105C-59A1-49B5-A7C5-40C4547EDFEE): 0
LogDevObjectVersion:   Dev-Online (39C831C9-5AE6-47DC-9A44-9C173E1C8E7C): 0
LogDevObjectVersion:   Dev-Physics (78F01B33-EBEA-4F98-B9B4-84EACCB95AA2): 0
LogDevObjectVersion:   Dev-Platform (6631380F-2D4D-43E0-8009-CF276956A95A): 0
LogDevObjectVersion:   Dev-Rendering (12F88B9F-8875-4AFC-A67C-D90C383ABD29): 20
LogDevObjectVersion:   Dev-Sequencer (7B5AE74C-D270-4C10-A958-57980B212A5A): 4
LogDevObjectVersion:   Dev-VR (D7296918-1DD6-4BDD-9DE2-64A83CC13884): 0
LogDevObjectVersion:   Dev-LoadTimes (C2A15278-BFE7-4AFE-6C17-90FF531DF755): 1
LogDevObjectVersion:   Private-Geometry (6EACA3D4-40EC-4CC1-B786-8BED09428FC5): 1
LogDevObjectVersion:   Dev-AnimPhys (29E575DD-E0A3-4627-9D10-D276232CDCEA): 12
LogInit: Compiled (64-bit): Dec  8 2017 02:04:53
LogInit: Compiled with Visual C++: 19.00.24215.01
LogInit: Build Configuration: Development
LogInit: Branch Name: ++UE4+Release-4.18
LogInit: Command line:  
LogInit: Base directory: C:/Program Files/Epic Games/UE_4.18/Engine/Binaries/Win64/
LogInit: Installed Engine Build: 1
LogInit: Presizing for max 8388607 objects, including 0 objects not considered by GC, pre-allocating 0 bytes for permanent pool.
LogInit: Object subsystem initialized
[2017.12.19-10.00.11:993][  0]LogInit: Selected Device Profile: [Windows]
[2017.12.19-10.00.11:993][  0]LogInit: Applying CVar settings loaded from the selected device profile: [Windows]
[2017.12.19-10.00.12:064][  0]LogInit: Computer: DESKTOP-LNEO1MM
[2017.12.19-10.00.12:064][  0]LogInit: User: yudainishikawa
[2017.12.19-10.00.12:064][  0]LogInit: CPU Page size=4096, Cores=4
[2017.12.19-10.00.12:064][  0]LogInit: High frequency timer resolution =2.531248 MHz
[2017.12.19-10.00.12:065][  0]LogMemory: Memory total: Physical=7.9GB (8GB approx)
[2017.12.19-10.00.12:065][  0]LogMemory: Platform Memory Stats for Windows
[2017.12.19-10.00.12:065][  0]LogMemory: Process Physical Memory: 273.70 MB used, 273.70 MB peak
[2017.12.19-10.00.12:065][  0]LogMemory: Process Virtual Memory: 271.70 MB used, 271.70 MB peak
[2017.12.19-10.00.12:065][  0]LogMemory: Physical Memory: 4610.12 MB used,  3454.84 MB free, 8064.96 MB total
[2017.12.19-10.00.12:065][  0]LogMemory: Virtual Memory: 679.36 MB used,  3454.84 MB free, 134217728.00 MB total
[2017.12.19-10.00.13:428][  0]LogInit: Using OS detected language (ja-JP).
[2017.12.19-10.00.13:428][  0]LogInit: Using OS detected locale (ja-JP).
[2017.12.19-10.00.13:646][  0]LogTextLocalizationManager: No specific localization for 'ja-JP' exists, so the 'ja' localization will be used.
[2017.12.19-10.00.14:327][  0]LogInit: Setting process to per monitor DPI aware
[2017.12.19-10.00.23:643][  0]LogD3D11RHI: D3D11 adapters:
[2017.12.19-10.00.23:836][  0]LogD3D11RHI:    0. 'NVIDIA GeForce GTX 960M' (Feature Level 11_0)
[2017.12.19-10.00.23:836][  0]LogD3D11RHI:       4065/0/4032 MB DedicatedVideo/DedicatedSystem/SharedSystem, Outputs:1, VendorId:0x10de
[2017.12.19-10.00.23:859][  0]LogD3D11RHI:    1. 'Intel(R) HD Graphics 530' (Feature Level 11_0)
[2017.12.19-10.00.23:860][  0]LogD3D11RHI:       128/0/4032 MB DedicatedVideo/DedicatedSystem/SharedSystem, Outputs:0, VendorId:0x8086
[2017.12.19-10.00.23:865][  0]LogD3D11RHI:    2. 'Microsoft Basic Render Driver' (Feature Level 11_0)
[2017.12.19-10.00.23:865][  0]LogD3D11RHI:       0/0/4032 MB DedicatedVideo/DedicatedSystem/SharedSystem, Outputs:0, VendorId:0x1414
[2017.12.19-10.00.23:865][  0]LogD3D11RHI: Chosen D3D11 Adapter: 0
[2017.12.19-10.00.23:883][  0]LogD3D11RHI: Creating new Direct3DDevice
[2017.12.19-10.00.23:883][  0]LogD3D11RHI:     GPU DeviceId: 0x139b (for the marketing name, search the web for "GPU Device Id")
[2017.12.19-10.00.23:883][  0]LogWindows: EnumDisplayDevices:
[2017.12.19-10.00.23:883][  0]LogWindows:    0. 'Intel(R) HD Graphics 530' (P:1 D:1)
[2017.12.19-10.00.23:884][  0]LogWindows:    1. 'Intel(R) HD Graphics 530' (P:0 D:0)
[2017.12.19-10.00.23:884][  0]LogWindows:    2. 'Intel(R) HD Graphics 530' (P:0 D:0)
[2017.12.19-10.00.23:884][  0]LogWindows: DebugString: GetVideoDriverDetailsInvalid PrimaryIsNotTheChoosenAdapter GetVideoDriverDetailsInvalid PrimaryIsNotTheChoosenAdapter GetVideoDriverDetailsInvalid PrimaryIsNotTheChoosenAdapter FoundDriverCount:0 
[2017.12.19-10.00.23:885][  0]LogD3D11RHI:     Adapter Name: NVIDIA GeForce GTX 960M
[2017.12.19-10.00.23:885][  0]LogD3D11RHI:   Driver Version: Unknown (internal:Unknown, unified:Unknown)
[2017.12.19-10.00.23:885][  0]LogD3D11RHI:      Driver Date: Unknown
[2017.12.19-10.00.23:885][  0]LogRHI: Texture pool is 2846 MB (70% of 4065 MB)
[2017.12.19-10.00.23:970][  0]LogD3D11RHI: Async texture creation enabled
[2017.12.19-10.00.23:998][  0]LogD3D11RHI: GPU Timing Frequency: 1000.000000 (Debug: 2 1)
[2017.12.19-10.00.24:000][  0]LogShaderCompilers: Guid format shader working directory is -18 characters bigger than the processId version (../../../../../../Users/yudai nishikawa/Desktop/git/Graduation/Graduation/Intermediate/Shaders/WorkingDirectory/10468/).
[2017.12.19-10.00.24:000][  0]LogShaderCompilers: Cleaned the shader compiler working directory 'C:/Users/yudai nishikawa/AppData/Local/Temp/UnrealShaderWorkingDir/530732A8498B6D186370E1BF4501956E/'.
[2017.12.19-10.00.24:000][  0]LogShaderCompilers: Display: Using Local Shader Compiler.
[2017.12.19-10.00.29:754][  0]LogTemp: Display: Loaded TP AllDesktopTargetPlatform
[2017.12.19-10.00.29:807][  0]LogTemp: Display: Loaded TP MacClientTargetPlatform
[2017.12.19-10.00.29:858][  0]LogTemp: Display: Loaded TP MacNoEditorTargetPlatform
[2017.12.19-10.00.29:909][  0]LogTemp: Display: Loaded TP MacServerTargetPlatform
[2017.12.19-10.00.29:970][  0]LogTemp: Display: Loaded TP MacTargetPlatform
[2017.12.19-10.00.30:070][  0]LogTemp: Display: Loaded TP WindowsClientTargetPlatform
[2017.12.19-10.00.30:204][  0]LogTemp: Display: Loaded TP WindowsNoEditorTargetPlatform
[2017.12.19-10.00.30:312][  0]LogTemp: Display: Loaded TP WindowsServerTargetPlatform
[2017.12.19-10.00.30:382][  0]LogTemp: Display: Loaded TP WindowsTargetPlatform
[2017.12.19-10.00.30:434][  0]LogTemp: Display: Loaded TP Android_ASTCTargetPlatform
[2017.12.19-10.00.30:487][  0]LogTemp: Display: Loaded TP Android_ATCTargetPlatform
[2017.12.19-10.00.30:539][  0]LogTemp: Display: Loaded TP Android_DXTTargetPlatform
[2017.12.19-10.00.30:589][  0]LogTemp: Display: Loaded TP Android_ETC1TargetPlatform
[2017.12.19-10.00.30:647][  0]LogTemp: Display: Loaded TP Android_ETC2TargetPlatform
[2017.12.19-10.00.30:809][  0]LogTemp: Display: Loaded TP Android_MultiTargetPlatform
[2017.12.19-10.00.30:809][  0]LogTemp: Display: Loaded TP Android_PVRTCTargetPlatform
[2017.12.19-10.00.30:919][  0]LogTemp: Display: Loaded TP AndroidTargetPlatform
[2017.12.19-10.00.31:012][  0]LogTemp: Display: Loaded TP HTML5TargetPlatform
[2017.12.19-10.00.31:156][  0]LogTemp: Display: Loaded TP IOSTargetPlatform
[2017.12.19-10.00.31:186][  0]LogTemp: Display: Loaded TP TVOSTargetPlatform
[2017.12.19-10.00.31:238][  0]LogTemp: Display: Loaded TP LinuxClientTargetPlatform
[2017.12.19-10.00.31:287][  0]LogTemp: Display: Loaded TP LinuxNoEditorTargetPlatform
[2017.12.19-10.00.31:339][  0]LogTemp: Display: Loaded TP LinuxServerTargetPlatform
[2017.12.19-10.00.31:502][  0]LogTemp: Display: Loaded TP LinuxTargetPlatform
[2017.12.19-10.00.31:503][  0]LogTargetPlatformManager: Display: Building Assets For Windows
[2017.12.19-10.00.32:324][  0]LogDerivedDataCache: Display: Max Cache Size: 512 MB
[2017.12.19-10.00.32:857][  0]LogDerivedDataCache: Loaded boot cache 0.53s 78MB C:/Users/yudai nishikawa/AppData/Local/UnrealEngine/4.18/DerivedDataCache/Boot.ddc.
[2017.12.19-10.00.32:857][  0]LogDerivedDataCache: Display: Loaded Boot cache: C:/Users/yudai nishikawa/AppData/Local/UnrealEngine/4.18/DerivedDataCache/Boot.ddc
[2017.12.19-10.00.32:857][  0]LogDerivedDataCache: FDerivedDataBackendGraph:  Pak pak cache file ../../../../../../Users/yudai nishikawa/Desktop/git/Graduation/Graduation/DerivedDataCache/DDC.ddp not found, will not use a pak cache.
[2017.12.19-10.00.32:857][  0]LogDerivedDataCache: Unable to find inner node Pak for hierarchical cache Hierarchy.
[2017.12.19-10.00.32:858][  0]LogDerivedDataCache: FDerivedDataBackendGraph:  CompressedPak pak cache file ../../../../../../Users/yudai nishikawa/Desktop/git/Graduation/Graduation/DerivedDataCache/Compressed.ddp not found, will not use a pak cache.
[2017.12.19-10.00.32:858][  0]LogDerivedDataCache: Unable to find inner node CompressedPak for hierarchical cache Hierarchy.
[2017.12.19-10.00.33:022][  0]LogDerivedDataCache: Display: Pak cache opened for reading ../../../Engine/DerivedDataCache/Compressed.ddp.
[2017.12.19-10.00.33:036][  0]LogDerivedDataCache: Using Local data cache path C:/Users/yudai nishikawa/AppData/Local/UnrealEngine/Common/DerivedDataCache: Writable
[2017.12.19-10.00.33:068][  0]LogMaterial: Verifying Global Shaders for PCD3D_SM5
[2017.12.19-10.00.33:069][  0]LogSlate: Using Freetype 2.6.0
[2017.12.19-10.00.33:104][  0]LogSlate: SlateFontCache - WITH_FREETYPE: 1, WITH_HARFBUZZ: 1
[2017.12.19-10.00.33:105][  0]LogSlate: SlateFontCache - WITH_FREETYPE: 1, WITH_HARFBUZZ: 1
[2017.12.19-10.00.34:665][  0]LogInit: Selected Device Profile: [Windows]
[2017.12.19-10.00.35:910][  0]LogSimplygon: Simplygon DLL not present - disabling.
[2017.12.19-10.00.35:953][  0]LogMeshReduction: Using SimplygonSwarm for distributed automatic mesh merging
[2017.12.19-10.00.35:953][  0]LogMeshReduction: Using QuadricMeshReduction for automatic static mesh reduction
[2017.12.19-10.00.35:953][  0]LogMeshReduction: No automatic skeletal mesh reduction module available
[2017.12.19-10.00.35:953][  0]LogMeshReduction: No automatic mesh merging module available
[2017.12.19-10.00.35:953][  0]LogMeshMerging: No automatic mesh merging module available
[2017.12.19-10.00.36:038][  0]LogNetVersion: Graduation , NetCL: 3709383, EngineNetVer: 2, GameNetVer: 0 (Checksum: 1134082851)
[2017.12.19-10.00.37:075][  0]LogAssetRegistry: FAssetRegistry took 0.0319 seconds to start up
[2017.12.19-10.00.39:992][  0]LogPackageLocalizationCache: Processed 7 localized package path(s) for 2 prioritized culture(s) in 0.256871 seconds
[2017.12.19-10.00.40:006][  0]LogUObjectArray: 35900 objects as part of root set at end of initial load.
[2017.12.19-10.00.40:006][  0]LogUObjectAllocator: 7372016 out of 0 bytes used by permanent object pool.
[2017.12.19-10.00.40:006][  0]LogUObjectArray: CloseDisregardForGC: 0/0 objects in disregard for GC pool
[2017.12.19-10.00.40:124][  0]LogInit: WinSock: version 1.1 (2.2), MaxSocks=32767, MaxUdp=65467
[2017.12.19-10.00.54:674][  0]LogTcpMessaging: Initializing TcpMessaging bridge
[2017.12.19-10.00.54:766][  0]LogUdpMessaging: Initializing bridge on interface 0.0.0.0:0 to multicast group 230.0.0.1:6666.
[2017.12.19-10.00.56:838][  0]LogMaterial: Uniform references updated for custom material expression Custom.
[2017.12.19-10.00.58:071][  0]SourceControl: ソースコントロールは無効です
[2017.12.19-10.00.58:071][  0]SourceControl: ソースコントロールは無効です
[2017.12.19-10.00.58:273][  0]SourceControl: ソースコントロールは無効です
[2017.12.19-10.00.58:419][  0]SourceControl: ソースコントロールは無効です
[2017.12.19-10.01.00:278][  0]LogAndroidPermission: UAndroidPermissionCallbackProxy::GetInstance
[2017.12.19-10.01.00:806][  0]LogOcInput: OculusInput pre-init called
[2017.12.19-10.01.01:414][  0]LogEngine: Initializing Engine...
[2017.12.19-10.01.01:417][  0]LogHMD: Failed to initialize OpenVR with code 110
[2017.12.19-10.01.02:391][  0]LogStats: UGameplayTagsManager::ConstructGameplayTagTree: Construct from data asset -  0.000 s
[2017.12.19-10.01.02:391][  0]LogStats: UGameplayTagsManager::ConstructGameplayTagTree: GameplayTagTreeChangedEvent.Broadcast -  0.000 s
[2017.12.19-10.01.02:806][  0]LogAIModule: Creating AISystem for world Untitled
[2017.12.19-10.01.02:820][  0]LogInit: XAudio2 using 'スピーカー / ヘッドホン (Realtek High Definition Audio)' : 2 channels at 48 kHz using 32 bits per sample (channel mask 0x3)
[2017.12.19-10.01.03:293][  0]LogInit: FAudioDevice initialized.
[2017.12.19-10.01.03:551][  0]LogDerivedDataCache: Saved boot cache 0.26s 78MB C:/Users/yudai nishikawa/AppData/Local/UnrealEngine/4.18/DerivedDataCache/Boot.ddc.
[2017.12.19-10.01.03:583][  0]LogInit: Texture streaming: Enabled
[2017.12.19-10.01.03:754][  0]LogEngineSessionManager: EngineSessionManager initialized
[2017.12.19-10.01.03:893][  0]LogInit: Transaction tracking system initialized
[2017.12.19-10.01.04:397][  0]BlueprintLog: New page: エディタの読み込み
[2017.12.19-10.01.05:725][  0]LocalizationService: ローカライズのサービスが無効になりました
[2017.12.19-10.01.07:070][  0]LogConsoleResponse: Display: 
[2017.12.19-10.01.08:434][  0]LogCook: Display: Max memory allowance for cook 16384mb min free memory 0mb
[2017.12.19-10.01.08:435][  0]LogCook: Display: Mobile HDR setting 1
[2017.12.19-10.01.08:435][  0]LogGameplayTags: Display: UGameplayTagsManager::DoneAddingNativeTags. DelegateIsBound: 0
[2017.12.19-10.01.09:202][  0]LogFileCache: Scanning file cache for directory 'C:/Users/yudai nishikawa/Desktop/git/Graduation/Graduation/Content/' took 0.03s
[2017.12.19-10.01.10:444][  0]SourceControl: ソースコントロールは無効です
[2017.12.19-10.01.10:444][  0]Cmd: MAP LOAD FILE="../../../../../../Users/yudai nishikawa/Desktop/git/Graduation/Graduation/Content/ThirdPersonBP/Maps/ThirdPersonExampleMap.umap" TEMPLATE=0 SHOWPROGRESS=1 FEATURELEVEL=3
[2017.12.19-10.01.10:447][  0]LightingResults: New page: ライティングのビルド
[2017.12.19-10.01.10:490][  0]MapCheck: New page: マップをチェック
[2017.12.19-10.01.10:490][  0]LightingResults: New page: <何も選択されていません>
[2017.12.19-10.01.11:218][  0]LogLinker: Warning: ファイル '/Game/ThirdPersonBP/Maps/ThirdPersonExampleMap_BuiltData' が見つかりません
[2017.12.19-10.01.11:218][  0]LogLinker: Warning: ../../../../../../Users/yudai nishikawa/Desktop/git/Graduation/Graduation/Content/ThirdPersonBP/Maps/ThirdPersonExampleMap.umap のロード中にアセット '/Game/ThirdPersonBP/Maps/ThirdPersonExampleMap_BuiltData'  のファイルが見つかりません
[2017.12.19-10.01.11:218][  0]LoadErrors: Error: /Game/ThirdPersonBP/Maps/ThirdPersonExampleMap : アセットのファイルが見つかりません /Game/ThirdPersonBP/Maps/ThirdPersonExampleMap_BuiltData
[2017.12.19-10.01.11:275][  0]LogLinker: Warning: ファイル '/Game/ThirdPersonBP/Maps/ThirdPersonExampleMap_BuiltData' が見つかりません
[2017.12.19-10.01.11:276][  0]LogLinker: Warning: ../../../../../../Users/yudai nishikawa/Desktop/git/Graduation/Graduation/Content/ThirdPersonBP/Maps/ThirdPersonExampleMap.umap のロード中にアセット '/Game/ThirdPersonBP/Maps/ThirdPersonExampleMap_BuiltData'  のファイルが見つかりません
[2017.12.19-10.01.11:276][  0]LoadErrors: Error: /Game/ThirdPersonBP/Maps/ThirdPersonExampleMap : アセットのファイルが見つかりません /Game/ThirdPersonBP/Maps/ThirdPersonExampleMap_BuiltData
[2017.12.19-10.01.11:285][  0]LogLinker: Warning: ファイル '/Game/ThirdPersonBP/Maps/ThirdPersonExampleMap_BuiltData' が見つかりません
[2017.12.19-10.01.11:286][  0]LogLinker: Warning: NULL のロード中にアセット '/Game/ThirdPersonBP/Maps/ThirdPersonExampleMap_BuiltData'  のファイルが見つかりません
[2017.12.19-10.01.11:286][  0]LogLinker: Warning: ファイル '/Game/ThirdPersonBP/Maps/ThirdPersonExampleMap_BuiltData' が見つかりません
[2017.12.19-10.01.11:286][  0]LogLinker: Warning: NULL のロード中にアセット '/Game/ThirdPersonBP/Maps/ThirdPersonExampleMap_BuiltData'  のファイルが見つかりません
[2017.12.19-10.01.11:378][  0]LogLinker: Warning: ファイル '/Game/ThirdPersonBP/Maps/ThirdPersonExampleMap_BuiltData' が見つかりません
[2017.12.19-10.01.11:378][  0]LoadErrors: ロードに失敗しました /Game/ThirdPersonBP/Maps/ThirdPersonExampleMap_BuiltData.ThirdPersonExampleMap_BuiltData 参照元 PersistentLevel
[2017.12.19-10.01.11:379][  0]LogLinker: Warning: NULL のロード中にアセット '/Game/ThirdPersonBP/Maps/ThirdPersonExampleMap_BuiltData'  のファイルが見つかりません
[2017.12.19-10.01.11:379][  0]LoadErrors: ロードに失敗しました /Game/ThirdPersonBP/Maps/ThirdPersonExampleMap_BuiltData.ThirdPersonExampleMap_BuiltData 参照元 PersistentLevel
[2017.12.19-10.01.12:242][  0]LogAIModule: Creating AISystem for world ThirdPersonExampleMap
[2017.12.19-10.01.12:282][  0]LogEditorServer: Finished looking for orphan Actors (0.000 secs)
[2017.12.19-10.01.12:309][  0]Cmd: MAP CHECKDEP NOCLEARLOG
[2017.12.19-10.01.12:364][  0]MapCheck: マップチェックが完了: 0 エラー、 0 警告、完了に 54.989ミリ秒かかりました。
[2017.12.19-10.01.12:364][  0]LogFileHelpers: Loading map 'ThirdPersonExampleMap' took 1.920
[2017.12.19-10.01.12:665][  0]LogCollectionManager: Loaded 0 collections in 0.002233 seconds
[2017.12.19-10.01.12:856][  0]LogFileCache: Scanning file cache for directory 'C:/Users/yudai nishikawa/Desktop/git/Graduation/Graduation/Saved/Collections/' took 0.01s
[2017.12.19-10.01.12:856][  0]LogFileCache: Scanning file cache for directory 'C:/Users/yudai nishikawa/Desktop/git/Graduation/Graduation/Content/Developers/yudainishikawa/Collections/' took 0.01s
[2017.12.19-10.01.12:856][  0]LogFileCache: Scanning file cache for directory 'C:/Users/yudai nishikawa/Desktop/git/Graduation/Graduation/Content/Collections/' took 0.01s
[2017.12.19-10.01.12:856][  0]LogCollectionManager: Rebuilt the GUID cache for 0 collections in 0.000001 seconds
[2017.12.19-10.01.12:866][  0]LogContentBrowser: Native class hierarchy populated in 0.0102 seconds. Added 2363 classes and 519 folders.
[2017.12.19-10.01.12:935][  0]LogContentBrowser: Native class hierarchy updated for 'WidgetCarousel' in 0.0003 seconds. Added 0 classes and 0 folders.
[2017.12.19-10.01.13:880][  0]LogContentBrowser: Native class hierarchy updated for 'AddContentDialog' in 0.0006 seconds. Added 0 classes and 0 folders.
[2017.12.19-10.01.14:027][  0]LogContentBrowser: Native class hierarchy updated for 'SceneOutliner' in 0.0006 seconds. Added 1 classes and 2 folders.
[2017.12.19-10.01.14:096][  0]LogSlate: Took 0.032775 seconds to synchronously load lazily loaded font '../../../Engine/Content/Slate/Fonts/Roboto-Regular.ttf' (155K)
[2017.12.19-10.01.14:170][  0]LogSlate: Took 0.071896 seconds to synchronously load lazily loaded font '../../../Engine/Content/Slate/Fonts/DroidSansFallback.ttf' (3848K)
[2017.12.19-10.01.14:176][  0]LogSlate: Took 0.005653 seconds to synchronously load lazily loaded font '../../../Engine/Content/Slate/Fonts/Roboto-Bold.ttf' (160K)
[2017.12.19-10.01.14:192][  0]LogSlate: Took 0.012944 seconds to synchronously load lazily loaded font '../../../Engine/Content/Editor/Slate/Fonts/FontAwesome.ttf' (139K)
[2017.12.19-10.01.14:629][  0]LogRenderer: Reallocating scene render targets to support 916x460 Format 10 NumSamples 1 (Frame:1).
[2017.12.19-10.01.14:941][  0]LogContentBrowser: Native class hierarchy updated for 'HierarchicalLODOutliner' in 0.0003 seconds. Added 1 classes and 2 folders.
[2017.12.19-10.01.14:941][  0]LogLoad: (Engine Initialization) Total time: 69.68 seconds
[2017.12.19-10.01.14:941][  0]LogLoad: (Engine Initialization) Total Blueprint compile time: 0.00 seconds
[2017.12.19-10.01.14:941][  0]LogExternalProfiler: Found external profiler: VSPerf
[2017.12.19-10.01.14:941][  0]LogExternalProfiler: Using external profiler: VSPerf
[2017.12.19-10.01.14:988][  0]LogContentStreaming: Texture pool size now 1000 MB
[2017.12.19-10.01.15:139][  0]LogSlate: Took 0.013652 seconds to synchronously load lazily loaded font '../../../Engine/Content/Slate/Fonts/Roboto-Light.ttf' (159K)
[2017.12.19-10.01.15:174][  1]LogAssetRegistry: Asset discovery search completed in 38.1205 seconds
[2017.12.19-10.01.15:176][  1]LogCollectionManager: Rebuilt the object cache for 0 collections in 0.000000 seconds (found 0 objects)
[2017.12.19-10.01.15:176][  1]LogCollectionManager: Fixed up redirectors for 0 collections in 0.000045 seconds (updated 0 objects)
[2017.12.19-10.01.45:913][469]MapCheck: New page: マップをチェック
[2017.12.19-10.01.46:046][469]Cmd: MAP REBUILD ALLVISIBLE
[2017.12.19-10.01.46:047][469]LogEditorServer: Rebuildmap Clear paths rebuilt
[2017.12.19-10.01.46:217][469]LogMaterial: Missing cached shader map for material FDebugViewModeMaterialProxy WorldGridMaterial, compiling. Is special engine material.
[2017.12.19-10.01.46:224][469]LogMaterial: Missing cached shader map for material FDebugViewModeMaterialProxy MaterialInstanceDynamic_1, compiling. 
[2017.12.19-10.01.46:229][469]LogMaterial: Missing cached shader map for material FDebugViewModeMaterialProxy HelpActorMaterial, compiling. 
[2017.12.19-10.01.46:236][469]LogMaterial: Missing cached shader map for material FDebugViewModeMaterialProxy RampMaterial, compiling. 
[2017.12.19-10.01.46:244][469]LogMaterial: Missing cached shader map for material FDebugViewModeMaterialProxy CubeMaterial, compiling. 
[2017.12.19-10.01.46:251][469]LogMaterial: Missing cached shader map for material FDebugViewModeMaterialProxy DefaultTextMaterialOpaque, compiling. 
[2017.12.19-10.01.46:259][469]LogMaterial: Missing cached shader map for material FDebugViewModeMaterialProxy M_UE4Man_Body, compiling. 
[2017.12.19-10.01.46:269][469]LogMaterial: Missing cached shader map for material FDebugViewModeMaterialProxy M_UE4Man_ChestLogo, compiling. 
[2017.12.19-10.01.46:276][469]LogMaterial: Missing cached shader map for material FDebugViewModeMaterialProxy MatineeCam_mat, compiling. 
[2017.12.19-10.01.47:477][469]TextureStreamingBuild: Display: Compiling optional shaders took 1.266 seconds.
[2017.12.19-10.01.47:486][469]LogLevel: Display: Export Material TexCoord Scales took 0.009 seconds.
[2017.12.19-10.01.47:491][469]TextureStreamingBuild: Display: Build Texture Streaming took 0.005 seconds.
[2017.12.19-10.01.47:501][469]LightingResults: New page: ライティングのビルド - 2017/12/20 4:01:47
[2017.12.19-10.01.47:730][469]LogSwarmInterface: [OpenConnection] Registering TCP channel ...
[2017.12.19-10.01.47:922][469]LogSwarmInterface: [OpenConnection] Connecting to agent ...
[2017.12.19-10.01.47:949][469]LogSwarmInterface: [TryOpenConnection] Testing the Agent
[2017.12.19-10.01.49:082][469]LogSwarmInterface: [TryOpenConnection] Opening Connection to Agent
[2017.12.19-10.01.49:082][469]LogSwarmInterface: [TryOpenConnection] Local Process ID is 10468
[2017.12.19-10.01.51:890][469]LogStaticLightingSystem: Running Lightmass w/ ImmediateImport mode ENABLED
[2017.12.19-10.01.51:890][469]LogStaticLightingSystem: Running Lightmass w/ ImmediateProcess mode ENABLED
[2017.12.19-10.01.51:890][469]LogStaticLightingSystem: Running Lightmass w/ Sorting mode ENABLED
[2017.12.19-10.01.51:890][469]LogStaticLightingSystem: Running Lightmass w/ Mapping paddings ENABLED
[2017.12.19-10.01.51:890][469]LogStaticLightingSystem: Running Lightmass w/ Mapping debug paddings DISABLED
[2017.12.19-10.01.52:418][469]Cmd: MAP CHECK DONTDISPLAYDIALOG
[2017.12.19-10.01.52:418][469]MapCheck: New page: ThirdPersonExampleMap - 2017/12/20 4:01:52
[2017.12.19-10.01.52:428][469]MapCheck: Error: WorldInfo_0 マップはライティングの再ビルドが必要です 
[2017.12.19-10.01.52:489][469]MapCheck: マップチェックが完了: 1 エラー、 0 警告、完了に 70.807ミリ秒かかりました。
[2017.12.19-10.01.52:512][469]LogEditorBuildUtils: Build time 0:06
[2017.12.19-10.02.02:810][643]Job is a success!
[2017.12.19-10.02.02:910][644]LogSlate: Took 0.000442 seconds to synchronously load lazily loaded font '../../../Engine/Content/Slate/Fonts/Roboto-Light.ttf' (159K)
[2017.12.19-10.02.03:061][644]LogVolumetricLightmapImport: Imported Volumetric Lightmap in 0.074s
[2017.12.19-10.02.03:061][644]LogVolumetricLightmapImport:      Indirection Texture 16x16x16 = 0.0Mb
[2017.12.19-10.02.03:061][644]LogVolumetricLightmapImport:      BrickData 245x5x5 = 0.2Mb
[2017.12.19-10.02.03:062][644]LogVolumetricLightmapImport:      Bricks at Level
[2017.12.19-10.02.03:062][644]LogVolumetricLightmapImport:          0: 2.0% covering 100.0% of volume
[2017.12.19-10.02.03:062][644]LogVolumetricLightmapImport:          1: 8.2% covering 6.3% of volume
[2017.12.19-10.02.03:062][644]LogVolumetricLightmapImport:          2: 89.8% covering 1.1% of volume
[2017.12.19-10.02.03:790][644]LogTexture: Display: Building textures: SkyOcclusion0_1 (AutoDXT, 1024X512)
[2017.12.19-10.02.03:790][644]LogTexture: Display: Building textures: HQ_Lightmap0_1 (AutoDXT, 1024X1024)
[2017.12.19-10.02.03:790][644]LogTexture: Display: Building textures: LQ_Lightmap_0_1 (DXT1, 1024X1024)
[2017.12.19-10.02.03:790][644]LogTexture: Display: Building textures: SkyOcclusion0_2 (AutoDXT, 512X256)
[2017.12.19-10.02.03:790][644]LogTexture: Display: Building textures: HQ_Lightmap0_2 (AutoDXT, 512X512)
[2017.12.19-10.02.03:790][644]LogTexture: Display: Building textures: LQ_Lightmap_0_2 (DXT1, 512X512)
[2017.12.19-10.02.03:790][644]LogTexture: Display: Building textures: SkyOcclusion0_3 (AutoDXT, 64X32)
[2017.12.19-10.02.03:790][644]LogTexture: Display: Building textures: HQ_Lightmap0_3 (AutoDXT, 64X64)
[2017.12.19-10.02.03:790][644]LogTexture: Display: Building textures: LQ_Lightmap_0_3 (DXT1, 64X64)
[2017.12.19-10.02.03:989][644]LogTexture: Display: Building textures: ShadowMapTexture2D_1 (G8, 32X32)
[2017.12.19-10.02.04:126][644]LogTexture: Display: Building textures: ShadowMapTexture2D_0 (G8, 1024X1024)
[2017.12.19-10.02.04:172][644]Lightmass on DESKTOP-LNEO1MM: 8.51 sec total, 666 ms importing, 49 ms setup, 2.47 sec photons, 5.31 sec processing, 0 ms extra exporting [12/12 mappings]. Threads: 37.0 sec total, 14.0 sec processing.
[2017.12.19-10.02.04:266][644]LogStaticLightingSystem: Illumination: 16.6 sec (619 ms encoding lightmaps, 328 ms encoding shadowmaps)
[2017.12.19-10.02.04:266][644]LogStaticLightingSystem: Lightmap texture memory:  3.3 MB (3.3 MB streaming, 0.0 MB non-streaming), 6 textures
[2017.12.19-10.02.04:266][644]LogStaticLightingSystem: Shadowmap texture memory: 1.3 MB (1.3 MB streaming, 0.0 MB non-streaming), 2 textures
[2017.12.19-10.02.04:897][644]DumpUnbuiltLightIteractions
[2017.12.19-10.02.04:897][644]Lights with unbuilt interactions: 0
[2017.12.19-10.02.04:897][644]
[2017.12.19-10.02.04:897][644]Primitives with unbuilt interactions: 0
[2017.12.19-10.02.04:913][645]Cmd: MAP CHECK NOTIFYRESULTS
[2017.12.19-10.02.04:913][645]MapCheck: New page: ThirdPersonExampleMap - 2017/12/20 4:02:04
[2017.12.19-10.02.04:981][645]MapCheck: マップチェックが完了: 0 エラー、 0 警告、完了に 68.202ミリ秒かかりました。
[2017.12.19-10.02.07:827][712]MapCheck: New page: マップをチェック
[2017.12.19-10.02.07:892][712]Cmd: MAP REBUILD ALLVISIBLE
[2017.12.19-10.02.07:892][712]LogEditorServer: Rebuildmap Clear paths rebuilt
[2017.12.19-10.02.07:968][712]LogMaterial: Missing cached shader map for material FDebugViewModeMaterialProxy WorldGridMaterial, compiling. Is special engine material.
[2017.12.19-10.02.07:974][712]LogMaterial: Missing cached shader map for material FDebugViewModeMaterialProxy MaterialInstanceDynamic_2, compiling. 
[2017.12.19-10.02.07:980][712]LogMaterial: Missing cached shader map for material FDebugViewModeMaterialProxy HelpActorMaterial, compiling. 
[2017.12.19-10.02.07:986][712]LogMaterial: Missing cached shader map for material FDebugViewModeMaterialProxy RampMaterial, compiling. 
[2017.12.19-10.02.07:992][712]LogMaterial: Missing cached shader map for material FDebugViewModeMaterialProxy CubeMaterial, compiling. 
[2017.12.19-10.02.07:997][712]LogMaterial: Missing cached shader map for material FDebugViewModeMaterialProxy DefaultTextMaterialOpaque, compiling. 
[2017.12.19-10.02.08:005][712]LogMaterial: Missing cached shader map for material FDebugViewModeMaterialProxy M_UE4Man_Body, compiling. 
[2017.12.19-10.02.08:015][712]LogMaterial: Missing cached shader map for material FDebugViewModeMaterialProxy M_UE4Man_ChestLogo, compiling. 
[2017.12.19-10.02.08:026][712]LogMaterial: Missing cached shader map for material FDebugViewModeMaterialProxy MatineeCam_mat, compiling. 
[2017.12.19-10.02.08:874][712]TextureStreamingBuild: Display: Compiling optional shaders took 0.911 seconds.
[2017.12.19-10.02.08:883][712]LogLevel: Display: Export Material TexCoord Scales took 0.009 seconds.
[2017.12.19-10.02.08:889][712]TextureStreamingBuild: Display: Build Texture Streaming took 0.005 seconds.
[2017.12.19-10.02.08:898][712]LightingResults: New page: ライティングのビルド - 2017/12/20 4:02:08
[2017.12.19-10.02.08:906][712]LogSwarmInterface: [OpenConnection] Registering TCP channel ...
[2017.12.19-10.02.08:912][712]LogSwarmInterface: [OpenConnection] Connecting to agent ...
[2017.12.19-10.02.08:912][712]LogSwarmInterface: [TryOpenConnection] Testing the Agent
[2017.12.19-10.02.08:912][712]LogSwarmInterface: [TryOpenConnection] Opening Connection to Agent
[2017.12.19-10.02.08:912][712]LogSwarmInterface: [TryOpenConnection] Local Process ID is 10468
[2017.12.19-10.02.13:475][712]LogStaticLightingSystem: Running Lightmass w/ ImmediateImport mode ENABLED
[2017.12.19-10.02.13:475][712]LogStaticLightingSystem: Running Lightmass w/ ImmediateProcess mode ENABLED
[2017.12.19-10.02.13:475][712]LogStaticLightingSystem: Running Lightmass w/ Sorting mode ENABLED
[2017.12.19-10.02.13:475][712]LogStaticLightingSystem: Running Lightmass w/ Mapping paddings ENABLED
[2017.12.19-10.02.13:476][712]LogStaticLightingSystem: Running Lightmass w/ Mapping debug paddings DISABLED
[2017.12.19-10.02.13:705][712]Cmd: MAP CHECK DONTDISPLAYDIALOG
[2017.12.19-10.02.13:705][712]MapCheck: New page: ThirdPersonExampleMap - 2017/12/20 4:02:13
[2017.12.19-10.02.13:794][712]MapCheck: マップチェックが完了: 0 エラー、 0 警告、完了に 89.435ミリ秒かかりました。
[2017.12.19-10.02.13:817][712]LogEditorBuildUtils: Build time 0:05
[2017.12.19-10.02.18:106][785]LogEditorViewport: Clicking on Actor (LMB): ThirdPersonCharacter_C (ThirdPersonCharacter)
[2017.12.19-10.02.19:884][817]Job is a success!
[2017.12.19-10.02.20:096][818]LogVolumetricLightmapImport: Imported Volumetric Lightmap in 0.022s
[2017.12.19-10.02.20:096][818]LogVolumetricLightmapImport:      Indirection Texture 16x16x16 = 0.0Mb
[2017.12.19-10.02.20:096][818]LogVolumetricLightmapImport:      BrickData 245x5x5 = 0.2Mb
[2017.12.19-10.02.20:096][818]LogVolumetricLightmapImport:      Bricks at Level
[2017.12.19-10.02.20:096][818]LogVolumetricLightmapImport:          0: 2.0% covering 100.0% of volume
[2017.12.19-10.02.20:096][818]LogVolumetricLightmapImport:          1: 8.2% covering 6.3% of volume
[2017.12.19-10.02.20:096][818]LogVolumetricLightmapImport:          2: 89.8% covering 1.1% of volume
[2017.12.19-10.02.20:876][818]LogTexture: Display: Building textures: SkyOcclusion1_1 (AutoDXT, 1024X512)
[2017.12.19-10.02.20:876][818]LogTexture: Display: Building textures: HQ_Lightmap1_1 (AutoDXT, 1024X1024)
[2017.12.19-10.02.20:876][818]LogTexture: Display: Building textures: LQ_Lightmap_1_1 (DXT1, 1024X1024)
[2017.12.19-10.02.20:876][818]LogTexture: Display: Building textures: SkyOcclusion1_2 (AutoDXT, 512X256)
[2017.12.19-10.02.20:876][818]LogTexture: Display: Building textures: LQ_Lightmap_1_2 (DXT1, 512X512)
[2017.12.19-10.02.20:876][818]LogTexture: Display: Building textures: HQ_Lightmap1_2 (AutoDXT, 512X512)
[2017.12.19-10.02.20:876][818]LogTexture: Display: Building textures: SkyOcclusion1_3 (AutoDXT, 64X32)
[2017.12.19-10.02.20:876][818]LogTexture: Display: Building textures: HQ_Lightmap1_3 (AutoDXT, 64X64)
[2017.12.19-10.02.20:876][818]LogTexture: Display: Building textures: LQ_Lightmap_1_3 (DXT1, 64X64)
[2017.12.19-10.02.21:076][818]LogTexture: Display: Building textures: ShadowMapTexture2D_3 (G8, 32X32)
[2017.12.19-10.02.21:193][818]LogTexture: Display: Building textures: ShadowMapTexture2D_2 (G8, 1024X1024)
[2017.12.19-10.02.21:208][818]Lightmass on DESKTOP-LNEO1MM: 6.06 sec total, 196 ms importing, 50 ms setup, 1.26 sec photons, 4.52 sec processing, 0 ms extra exporting [12/12 mappings]. Threads: 31.4 sec total, 10.5 sec processing.
[2017.12.19-10.02.21:331][818]LogStaticLightingSystem: Illumination: 12.3 sec (623 ms encoding lightmaps, 311 ms encoding shadowmaps)
[2017.12.19-10.02.21:331][818]LogStaticLightingSystem: Lightmap texture memory:  3.3 MB (3.3 MB streaming, 0.0 MB non-streaming), 6 textures
[2017.12.19-10.02.21:331][818]LogStaticLightingSystem: Shadowmap texture memory: 1.3 MB (1.3 MB streaming, 0.0 MB non-streaming), 2 textures
[2017.12.19-10.02.21:484][818]DumpUnbuiltLightIteractions
[2017.12.19-10.02.21:484][818]Lights with unbuilt interactions: 0
[2017.12.19-10.02.21:484][818]
[2017.12.19-10.02.21:484][818]Primitives with unbuilt interactions: 0
[2017.12.19-10.02.21:505][819]Cmd: MAP CHECK NOTIFYRESULTS
[2017.12.19-10.02.21:506][819]MapCheck: New page: ThirdPersonExampleMap - 2017/12/20 4:02:21
[2017.12.19-10.02.21:592][819]MapCheck: マップチェックが完了: 0 エラー、 0 警告、完了に 87.302ミリ秒かかりました。
[2017.12.19-10.02.24:431][885]LogEditorViewport: Clicking on Actor (LMB): PostProcessVolume (PostProcessVolume)
[2017.12.19-10.02.26:975][944]LogEditorViewport: Clicking on Actor (LMB): ThirdPersonCharacter_C (ThirdPersonCharacter)
[2017.12.19-10.02.28:874][991]LogEditorViewport: Clicking on Actor (LMB): StaticMeshActor (Floor)
[2017.12.19-10.02.31:923][ 70]LogEditorViewport: Clicking on Actor (LMB): ThirdPersonCharacter_C (ThirdPersonCharacter)
[2017.12.19-10.02.52:078][593]LogSavePackage: Save=409.22ms
[2017.12.19-10.02.52:078][593]LogSavePackage: Moving '../../../../../../Users/yudai nishikawa/Desktop/git/Graduation/Graduation/Saved/ThirdPersonExampleMap1A8FB2AA4FCE86681D2DF9AFF507DA64.tmp' to '../../../../../../Users/yudai nishikawa/Desktop/git/Graduation/Graduation/Content/ThirdPersonBP/Maps/ThirdPersonExampleMap.umap'
[2017.12.19-10.02.52:092][593]LogSavePackage: Display: Finished SavePackage ../../../../../../Users/yudai nishikawa/Desktop/git/Graduation/Graduation/Content/ThirdPersonBP/Maps/ThirdPersonExampleMap.umap
[2017.12.19-10.02.52:439][593]LogSavePackage: Save=252.55ms
[2017.12.19-10.02.52:439][593]LogSavePackage: Moving '../../../../../../Users/yudai nishikawa/Desktop/git/Graduation/Graduation/Saved/ThirdPersonExampleMap_BuiltData014BD1EE422B6827B8CFC791BED82C9F.tmp' to '../../../../../../Users/yudai nishikawa/Desktop/git/Graduation/Graduation/Content/ThirdPersonBP/Maps/ThirdPersonExampleMap_BuiltData.uasset'
[2017.12.19-10.02.52:443][593]LogSavePackage: Display: Finished SavePackage ../../../../../../Users/yudai nishikawa/Desktop/git/Graduation/Graduation/Content/ThirdPersonBP/Maps/ThirdPersonExampleMap_BuiltData.uasset
[2017.12.19-10.02.55:817][672]MapCheck: New page: マップをチェック
[2017.12.19-10.02.55:949][672]Cmd: MAP REBUILD ALLVISIBLE
[2017.12.19-10.02.55:949][672]LogEditorServer: Rebuildmap Clear paths rebuilt
[2017.12.19-10.02.56:109][672]LogMaterial: Missing cached shader map for material FDebugViewModeMaterialProxy WorldGridMaterial, compiling. Is special engine material.
[2017.12.19-10.02.56:120][672]LogMaterial: Missing cached shader map for material FDebugViewModeMaterialProxy MaterialInstanceDynamic_3, compiling. 
[2017.12.19-10.02.56:128][672]LogMaterial: Missing cached shader map for material FDebugViewModeMaterialProxy HelpActorMaterial, compiling. 
[2017.12.19-10.02.56:136][672]LogMaterial: Missing cached shader map for material FDebugViewModeMaterialProxy RampMaterial, compiling. 
[2017.12.19-10.02.56:143][672]LogMaterial: Missing cached shader map for material FDebugViewModeMaterialProxy CubeMaterial, compiling. 
[2017.12.19-10.02.56:151][672]LogMaterial: Missing cached shader map for material FDebugViewModeMaterialProxy DefaultTextMaterialOpaque, compiling. 
[2017.12.19-10.02.56:158][672]LogMaterial: Missing cached shader map for material FDebugViewModeMaterialProxy M_UE4Man_Body, compiling. 
[2017.12.19-10.02.56:169][672]LogMaterial: Missing cached shader map for material FDebugViewModeMaterialProxy M_UE4Man_ChestLogo, compiling. 
[2017.12.19-10.02.56:177][672]LogMaterial: Missing cached shader map for material FDebugViewModeMaterialProxy MatineeCam_mat, compiling. 
[2017.12.19-10.02.57:091][672]TextureStreamingBuild: Display: Compiling optional shaders took 0.991 seconds.
[2017.12.19-10.02.57:101][672]LogLevel: Display: Export Material TexCoord Scales took 0.010 seconds.
[2017.12.19-10.02.57:106][672]TextureStreamingBuild: Display: Build Texture Streaming took 0.005 seconds.
[2017.12.19-10.02.57:115][672]LightingResults: New page: ライティングのビルド - 2017/12/20 4:02:57
[2017.12.19-10.02.57:122][672]LogSwarmInterface: [OpenConnection] Registering TCP channel ...
[2017.12.19-10.02.57:125][672]LogSwarmInterface: [OpenConnection] Connecting to agent ...
[2017.12.19-10.02.57:125][672]LogSwarmInterface: [TryOpenConnection] Testing the Agent
[2017.12.19-10.02.57:126][672]LogSwarmInterface: [TryOpenConnection] Opening Connection to Agent
[2017.12.19-10.02.57:126][672]LogSwarmInterface: [TryOpenConnection] Local Process ID is 10468
[2017.12.19-10.03.01:647][672]LogStaticLightingSystem: Running Lightmass w/ ImmediateImport mode ENABLED
[2017.12.19-10.03.01:647][672]LogStaticLightingSystem: Running Lightmass w/ ImmediateProcess mode ENABLED
[2017.12.19-10.03.01:647][672]LogStaticLightingSystem: Running Lightmass w/ Sorting mode ENABLED
[2017.12.19-10.03.01:647][672]LogStaticLightingSystem: Running Lightmass w/ Mapping paddings ENABLED
[2017.12.19-10.03.01:647][672]LogStaticLightingSystem: Running Lightmass w/ Mapping debug paddings DISABLED
[2017.12.19-10.03.01:873][672]Cmd: MAP CHECK DONTDISPLAYDIALOG
[2017.12.19-10.03.01:874][672]MapCheck: New page: ThirdPersonExampleMap - 2017/12/20 4:03:01
[2017.12.19-10.03.02:036][672]MapCheck: マップチェックが完了: 0 エラー、 0 警告、完了に 162.698ミリ秒かかりました。
[2017.12.19-10.03.02:060][672]LogEditorBuildUtils: Build time 0:06
[2017.12.19-10.03.03:629][677]LogSavePackage: Save=219.91ms
[2017.12.19-10.03.03:629][677]LogSavePackage: Moving '../../../../../../Users/yudai nishikawa/Desktop/git/Graduation/Graduation/Saved/ThirdPersonExampleMap9B4607674EF85A203E0CE1BF99C0FC68.tmp' to '../../../../../../Users/yudai nishikawa/Desktop/git/Graduation/Graduation/Content/ThirdPersonBP/Maps/ThirdPersonExampleMap.umap'
[2017.12.19-10.03.03:639][677]LogSavePackage: Display: Finished SavePackage ../../../../../../Users/yudai nishikawa/Desktop/git/Graduation/Graduation/Content/ThirdPersonBP/Maps/ThirdPersonExampleMap.umap
[2017.12.19-10.03.03:904][677]LogSavePackage: Save=200.79ms
[2017.12.19-10.03.03:904][677]LogSavePackage: Moving '../../../../../../Users/yudai nishikawa/Desktop/git/Graduation/Graduation/Saved/ThirdPersonExampleMap_BuiltData81FBE6FA432CB4F635B4F7AA2C7E895C.tmp' to '../../../../../../Users/yudai nishikawa/Desktop/git/Graduation/Graduation/Content/ThirdPersonBP/Maps/ThirdPersonExampleMap_BuiltData.uasset'
[2017.12.19-10.03.03:907][677]LogSavePackage: Display: Finished SavePackage ../../../../../../Users/yudai nishikawa/Desktop/git/Graduation/Graduation/Content/ThirdPersonBP/Maps/ThirdPersonExampleMap_BuiltData.uasset
[2017.12.19-10.03.08:903][784]Job is a success!
[2017.12.19-10.03.09:113][785]LogVolumetricLightmapImport: Imported Volumetric Lightmap in 0.024s
[2017.12.19-10.03.09:113][785]LogVolumetricLightmapImport:      Indirection Texture 16x16x16 = 0.0Mb
[2017.12.19-10.03.09:113][785]LogVolumetricLightmapImport:      BrickData 245x5x5 = 0.2Mb
[2017.12.19-10.03.09:113][785]LogVolumetricLightmapImport:      Bricks at Level
[2017.12.19-10.03.09:113][785]LogVolumetricLightmapImport:          0: 2.0% covering 100.0% of volume
[2017.12.19-10.03.09:113][785]LogVolumetricLightmapImport:          1: 8.2% covering 6.3% of volume
[2017.12.19-10.03.09:113][785]LogVolumetricLightmapImport:          2: 89.8% covering 1.1% of volume
[2017.12.19-10.03.09:873][785]LogTexture: Display: Building textures: SkyOcclusion0_1 (AutoDXT, 1024X512)
[2017.12.19-10.03.09:874][785]LogTexture: Display: Building textures: HQ_Lightmap0_1 (AutoDXT, 1024X1024)
[2017.12.19-10.03.09:874][785]LogTexture: Display: Building textures: HQ_Lightmap0_2 (AutoDXT, 512X512)
[2017.12.19-10.03.09:874][785]LogTexture: Display: Building textures: LQ_Lightmap_0_2 (DXT1, 512X512)
[2017.12.19-10.03.09:874][785]LogTexture: Display: Building textures: LQ_Lightmap_0_1 (DXT1, 1024X1024)
[2017.12.19-10.03.09:874][785]LogTexture: Display: Building textures: SkyOcclusion0_2 (AutoDXT, 512X256)
[2017.12.19-10.03.09:874][785]LogTexture: Display: Building textures: SkyOcclusion0_3 (AutoDXT, 64X32)
[2017.12.19-10.03.09:874][785]LogTexture: Display: Building textures: HQ_Lightmap0_3 (AutoDXT, 64X64)
[2017.12.19-10.03.09:874][785]LogTexture: Display: Building textures: LQ_Lightmap_0_3 (DXT1, 64X64)
[2017.12.19-10.03.10:072][785]LogTexture: Display: Building textures: ShadowMapTexture2D_5 (G8, 32X32)
[2017.12.19-10.03.10:162][785]LogTexture: Display: Building textures: ShadowMapTexture2D_4 (G8, 1024X1024)
[2017.12.19-10.03.10:181][785]Lightmass on DESKTOP-LNEO1MM: 6.45 sec total, 230 ms importing, 76 ms setup, 1.59 sec photons, 4.53 sec processing, 0 ms extra exporting [12/12 mappings]. Threads: 31.5 sec total, 11.1 sec processing.
[2017.12.19-10.03.10:301][785]LogStaticLightingSystem: Illumination: 13.0 sec (614 ms encoding lightmaps, 282 ms encoding shadowmaps)
[2017.12.19-10.03.10:301][785]LogStaticLightingSystem: Lightmap texture memory:  3.3 MB (3.3 MB streaming, 0.0 MB non-streaming), 6 textures
[2017.12.19-10.03.10:301][785]LogStaticLightingSystem: Shadowmap texture memory: 1.3 MB (1.3 MB streaming, 0.0 MB non-streaming), 2 textures
[2017.12.19-10.03.10:658][785]DumpUnbuiltLightIteractions
[2017.12.19-10.03.10:659][785]Lights with unbuilt interactions: 0
[2017.12.19-10.03.10:659][785]
[2017.12.19-10.03.10:659][785]Primitives with unbuilt interactions: 0
[2017.12.19-10.03.10:679][786]Cmd: MAP CHECK NOTIFYRESULTS
[2017.12.19-10.03.10:679][786]MapCheck: New page: ThirdPersonExampleMap - 2017/12/20 4:03:10
[2017.12.19-10.03.10:772][786]MapCheck: マップチェックが完了: 0 エラー、 0 警告、完了に 93.524ミリ秒かかりました。
[2017.12.19-10.03.14:675][796]LogSavePackage: Save=185.50ms
[2017.12.19-10.03.14:675][796]LogSavePackage: Moving '../../../../../../Users/yudai nishikawa/Desktop/git/Graduation/Graduation/Saved/ThirdPersonExampleMap23D7DE9A4A4761E489BB1DA483488F89.tmp' to '../../../../../../Users/yudai nishikawa/Desktop/git/Graduation/Graduation/Content/ThirdPersonBP/Maps/ThirdPersonExampleMap.umap'
[2017.12.19-10.03.14:680][796]LogSavePackage: Display: Finished SavePackage ../../../../../../Users/yudai nishikawa/Desktop/git/Graduation/Graduation/Content/ThirdPersonBP/Maps/ThirdPersonExampleMap.umap
[2017.12.19-10.03.14:709][796]LogFileHelpers: Saving map 'ThirdPersonExampleMap' took 0.372
[2017.12.19-10.03.14:877][796]LogSavePackage: Save=158.82ms
[2017.12.19-10.03.14:877][796]LogSavePackage: Moving '../../../../../../Users/yudai nishikawa/Desktop/git/Graduation/Graduation/Saved/ThirdPersonExampleMap_BuiltData5A7C3FE44C4431FDB095CA9B88BA5D5B.tmp' to '../../../../../../Users/yudai nishikawa/Desktop/git/Graduation/Graduation/Content/ThirdPersonBP/Maps/ThirdPersonExampleMap_BuiltData.uasset'
[2017.12.19-10.03.14:881][796]LogSavePackage: Display: Finished SavePackage ../../../../../../Users/yudai nishikawa/Desktop/git/Graduation/Graduation/Content/ThirdPersonBP/Maps/ThirdPersonExampleMap_BuiltData.uasset
[2017.12.19-10.03.15:020][796]LogWindowsTextInputMethodSystem: Display: IME system now activated using TSF (Google 日本語入力).
[2017.12.19-10.03.15:309][797]Cmd: QUIT_EDITOR
[2017.12.19-10.03.15:393][797]LogExit: Preparing to exit.
[2017.12.19-10.03.15:903][797]LogDirectoryWatcher: A directory notification for 'C:/Users/yudai nishikawa/Desktop/git/Graduation/Graduation/Content/' was aborted.
[2017.12.19-10.03.15:954][797]LogExit: Editor shut down
[2017.12.19-10.03.15:967][797]LogExit: Transaction tracking system shut down
[2017.12.19-10.03.16:181][797]LogDirectoryWatcher: A directory notification for '../../../Engine/Content/' was aborted.
[2017.12.19-10.03.16:181][797]LogDirectoryWatcher: A directory notification for '../../../../../../Users/yudai nishikawa/Desktop/git/Graduation/Graduation/Content/' was aborted.
[2017.12.19-10.03.16:181][797]LogDirectoryWatcher: A directory notification for '../../../Engine/Plugins/2D/Paper2D/Content/' was aborted.
[2017.12.19-10.03.16:182][797]LogDirectoryWatcher: A directory notification for '../../../Engine/Plugins/Media/MediaCompositing/Content/' was aborted.
[2017.12.19-10.03.16:182][797]LogDirectoryWatcher: A directory notification for '../../../Engine/Plugins/Runtime/AppleARKit/Content/' was aborted.
[2017.12.19-10.03.16:182][797]LogDirectoryWatcher: A directory notification for '../../../Engine/Plugins/Runtime/Oculus/OculusVR/Content/' was aborted.
[2017.12.19-10.03.16:182][797]LogDirectoryWatcher: A directory notification for '../../../Engine/Plugins/Runtime/Steam/SteamVR/Content/' was aborted.
[2017.12.19-10.03.16:260][797]LogExit: Object subsystem successfully closed.
[2017.12.19-10.03.16:284][797]LogD3D11RHI: Shutdown
[2017.12.19-10.03.16:284][797]LogD3D11RHI: CleanupD3DDevice
[2017.12.19-10.03.16:290][797]LogD3D11RHI: ~FD3D11DynamicRHI
[2017.12.19-10.03.16:327][797]LogModuleManager: Shutting down and abandoning module HierarchicalLODUtilities (550)
[2017.12.19-10.03.16:327][797]LogModuleManager: Shutting down and abandoning module HierarchicalLODOutliner (548)
[2017.12.19-10.03.16:327][797]LogModuleManager: Shutting down and abandoning module SceneOutliner (546)
[2017.12.19-10.03.16:327][797]LogModuleManager: Shutting down and abandoning module AddContentDialog (544)
[2017.12.19-10.03.16:327][797]LogDirectoryWatcher: A directory notification for 'C:/Program Files/Epic Games/UE_4.18/FeaturePacks/' was aborted.
[2017.12.19-10.03.16:329][797]LogModuleManager: Shutting down and abandoning module WidgetCarousel (543)
[2017.12.19-10.03.16:329][797]LogModuleManager: Shutting down and abandoning module EditorWidgets (540)
[2017.12.19-10.03.16:329][797]LogModuleManager: Shutting down and abandoning module CollectionManager (538)
[2017.12.19-10.03.16:329][797]LogDirectoryWatcher: A directory notification for 'C:/Users/yudai nishikawa/Desktop/git/Graduation/Graduation/Content/Collections/' was aborted.
[2017.12.19-10.03.16:329][797]LogDirectoryWatcher: A directory notification for 'C:/Users/yudai nishikawa/Desktop/git/Graduation/Graduation/Content/Developers/yudainishikawa/Collections/' was aborted.
[2017.12.19-10.03.16:329][797]LogDirectoryWatcher: A directory notification for 'C:/Users/yudai nishikawa/Desktop/git/Graduation/Graduation/Saved/Collections/' was aborted.
[2017.12.19-10.03.16:330][797]LogModuleManager: Shutting down and abandoning module StatsViewer (536)
[2017.12.19-10.03.16:330][797]LogModuleManager: Shutting down and abandoning module FoliageEdit (534)
[2017.12.19-10.03.16:330][797]LogModuleManager: Shutting down and abandoning module LandscapeEditor (532)
[2017.12.19-10.03.16:330][797]LogModuleManager: Shutting down and abandoning module MeshPaintMode (530)
[2017.12.19-10.03.16:330][797]LogModuleManager: Shutting down and abandoning module SceneDepthPickerMode (528)
[2017.12.19-10.03.16:330][797]LogModuleManager: Shutting down and abandoning module ActorPickerMode (526)
[2017.12.19-10.03.16:330][797]LogModuleManager: Shutting down and abandoning module GeometryMode (524)
[2017.12.19-10.03.16:330][797]LogModuleManager: Shutting down and abandoning module TextureAlignMode (522)
[2017.12.19-10.03.16:330][797]LogModuleManager: Shutting down and abandoning module BspMode (520)
[2017.12.19-10.03.16:330][797]LogModuleManager: Shutting down and abandoning module PIEPreviewDeviceProfileSelector (518)
[2017.12.19-10.03.16:330][797]LogModuleManager: Shutting down and abandoning module HardwareSurvey (516)
[2017.12.19-10.03.16:330][797]LogModuleManager: Shutting down and abandoning module SequenceRecorderSections (514)
[2017.12.19-10.03.16:330][797]LogModuleManager: Shutting down and abandoning module AutomationWorker (512)
[2017.12.19-10.03.16:330][797]LogModuleManager: Shutting down and abandoning module MatineeToLevelSequence (510)
[2017.12.19-10.03.16:330][797]LogModuleManager: Shutting down and abandoning module LevelSequenceEditor (508)
[2017.12.19-10.03.16:330][797]LogModuleManager: Shutting down and abandoning module PlacementMode (507)
[2017.12.19-10.03.16:330][797]LogModuleManager: Shutting down and abandoning module WmfMediaFactory (504)
[2017.12.19-10.03.16:330][797]LogModuleManager: Shutting down and abandoning module WmfMediaEditor (502)
[2017.12.19-10.03.16:330][797]LogModuleManager: Shutting down and abandoning module OpenExrWrapper (500)
[2017.12.19-10.03.16:330][797]LogModuleManager: Shutting down and abandoning module ImgMediaFactory (498)
[2017.12.19-10.03.16:330][797]LogModuleManager: Shutting down and abandoning module ImgMediaEditor (496)
[2017.12.19-10.03.16:330][797]LogModuleManager: Shutting down and abandoning module AvfMediaFactory (494)
[2017.12.19-10.03.16:330][797]LogModuleManager: Shutting down and abandoning module AvfMediaEditor (492)
[2017.12.19-10.03.16:330][797]LogModuleManager: Shutting down and abandoning module AndroidMediaFactory (490)
[2017.12.19-10.03.16:330][797]LogModuleManager: Shutting down and abandoning module AndroidMediaEditor (488)
[2017.12.19-10.03.16:330][797]LogModuleManager: Shutting down and abandoning module CharacterAI (486)
[2017.12.19-10.03.16:330][797]LogModuleManager: Shutting down and abandoning module AudioCapture (484)
[2017.12.19-10.03.16:330][797]LogModuleManager: Shutting down and abandoning module SequenceRecorder (483)
[2017.12.19-10.03.16:330][797]LogModuleManager: Shutting down and abandoning module SmartSnapping (480)
[2017.12.19-10.03.16:330][797]LogModuleManager: Shutting down and abandoning module SessionServices (478)
[2017.12.19-10.03.16:330][797]LogModuleManager: Shutting down and abandoning module ViewportSnapping (476)
[2017.12.19-10.03.16:330][797]LogModuleManager: Shutting down and abandoning module ViewportInteraction (474)
[2017.12.19-10.03.16:331][797]LogModuleManager: Shutting down and abandoning module ClothPainter (472)
[2017.12.19-10.03.16:331][797]LogModuleManager: Shutting down and abandoning module SkeletalMeshEditor (471)
[2017.12.19-10.03.16:331][797]LogModuleManager: Shutting down and abandoning module LogVisualizer (468)
[2017.12.19-10.03.16:331][797]LogModuleManager: Shutting down and abandoning module IntroTutorials (466)
[2017.12.19-10.03.16:331][797]LogModuleManager: Shutting down and abandoning module GameProjectGeneration (465)
[2017.12.19-10.03.16:331][797]LogModuleManager: Shutting down and abandoning module IOSPlatformEditor (462)
[2017.12.19-10.03.16:331][797]LogModuleManager: Shutting down and abandoning module HTML5PlatformEditor (460)
[2017.12.19-10.03.16:331][797]LogModuleManager: Shutting down and abandoning module AndroidPlatformEditor (458)
[2017.12.19-10.03.16:331][797]LogModuleManager: Shutting down and abandoning module AndroidDeviceDetection (457)
[2017.12.19-10.03.16:449][797]LogModuleManager: Shutting down and abandoning module WindowsPlatformEditor (454)
[2017.12.19-10.03.16:450][797]LogModuleManager: Shutting down and abandoning module IOSRuntimeSettings (452)
[2017.12.19-10.03.16:450][797]LogModuleManager: Shutting down and abandoning module AndroidRuntimeSettings (450)
[2017.12.19-10.03.16:450][797]LogModuleManager: Shutting down and abandoning module InputBindingEditor (448)
[2017.12.19-10.03.16:450][797]LogModuleManager: Shutting down and abandoning module MergeActors (446)
[2017.12.19-10.03.16:450][797]LogModuleManager: Shutting down and abandoning module SizeMap (444)
[2017.12.19-10.03.16:450][797]LogModuleManager: Shutting down and abandoning module TreeMap (442)
[2017.12.19-10.03.16:450][797]LogModuleManager: Shutting down and abandoning module ReferenceViewer (440)
[2017.12.19-10.03.16:450][797]LogModuleManager: Shutting down and abandoning module LocalizationDashboard (438)
[2017.12.19-10.03.16:450][797]LogModuleManager: Shutting down and abandoning module LocalizationService (437)
[2017.12.19-10.03.16:450][797]LogModuleManager: Shutting down and abandoning module HardwareTargeting (434)
[2017.12.19-10.03.16:451][797]LogModuleManager: Shutting down and abandoning module DeviceProfileEditor (432)
[2017.12.19-10.03.16:451][797]LogModuleManager: Shutting down and abandoning module UndoHistory (430)
[2017.12.19-10.03.16:451][797]LogModuleManager: Shutting down and abandoning module XmlParser (428)
[2017.12.19-10.03.16:451][797]LogModuleManager: Shutting down and abandoning module Blutility (426)
[2017.12.19-10.03.16:451][797]LogModuleManager: Shutting down and abandoning module ProjectSettingsViewer (424)
[2017.12.19-10.03.16:451][797]LogModuleManager: Shutting down and abandoning module ProjectTargetPlatformEditor (423)
[2017.12.19-10.03.16:451][797]LogModuleManager: Shutting down and abandoning module EditorSettingsViewer (420)
[2017.12.19-10.03.16:451][797]LogModuleManager: Shutting down and abandoning module SettingsEditor (418)
[2017.12.19-10.03.16:452][797]LogModuleManager: Shutting down and abandoning module ProjectLauncher (416)
[2017.12.19-10.03.16:452][797]LogModuleManager: Shutting down and abandoning module SessionFrontend (414)
[2017.12.19-10.03.16:452][797]LogModuleManager: Shutting down and abandoning module ProfilerClient (412)
[2017.12.19-10.03.16:452][797]LogModuleManager: Shutting down and abandoning module DeviceManager (410)
[2017.12.19-10.03.16:452][797]LogModuleManager: Shutting down and abandoning module TargetDeviceServices (409)
[2017.12.19-10.03.16:515][797]LogModuleManager: Shutting down and abandoning module AutomationController (406)
[2017.12.19-10.03.16:515][797]LogModuleManager: Shutting down and abandoning module AutomationWindow (404)
[2017.12.19-10.03.16:515][797]LogModuleManager: Shutting down and abandoning module Layers (402)
[2017.12.19-10.03.16:515][797]LogModuleManager: Shutting down and abandoning module ComponentVisualizers (400)
[2017.12.19-10.03.16:515][797]LogModuleManager: Shutting down and abandoning module DetailCustomizations (398)
[2017.12.19-10.03.16:515][797]LogModuleManager: Shutting down and abandoning module PackagesDialog (396)
[2017.12.19-10.03.16:516][797]LogModuleManager: Shutting down and abandoning module Persona (394)
[2017.12.19-10.03.16:516][797]LogModuleManager: Shutting down and abandoning module AdvancedPreviewScene (393)
[2017.12.19-10.03.16:516][797]LogModuleManager: Shutting down and abandoning module AnimGraph (391)
[2017.12.19-10.03.16:516][797]LogModuleManager: Shutting down and abandoning module Kismet (388)
[2017.12.19-10.03.16:517][797]LogModuleManager: Shutting down and abandoning module ClassViewer (386)
[2017.12.19-10.03.16:517][797]LogModuleManager: Shutting down and abandoning module Toolbox (384)
[2017.12.19-10.03.16:517][797]LogModuleManager: Shutting down and abandoning module ModuleUI (382)
[2017.12.19-10.03.16:517][797]LogModuleManager: Shutting down and abandoning module MovieSceneTools (380)
[2017.12.19-10.03.16:517][797]LogModuleManager: Shutting down and abandoning module OutputLog (378)
[2017.12.19-10.03.16:518][797]LogModuleManager: Shutting down and abandoning module GammaUI (376)
[2017.12.19-10.03.16:518][797]LogModuleManager: Shutting down and abandoning module Documentation (374)
[2017.12.19-10.03.16:518][797]LogModuleManager: Shutting down and abandoning module MovieSceneTracks (372)
[2017.12.19-10.03.16:518][797]LogModuleManager: Shutting down and abandoning module MovieScene (370)
[2017.12.19-10.03.16:518][797]LogModuleManager: Shutting down and abandoning module StreamingPauseRendering (368)
[2017.12.19-10.03.16:518][797]LogModuleManager: Shutting down and abandoning module LauncherPlatform (366)
[2017.12.19-10.03.16:518][797]LogModuleManager: Shutting down and abandoning module AnalyticsET (364)
[2017.12.19-10.03.16:518][797]LogModuleManager: Shutting down and abandoning module PortalServices (362)
[2017.12.19-10.03.16:518][797]LogModuleManager: Shutting down and abandoning module PortalRpc (360)
[2017.12.19-10.03.16:518][797]LogModuleManager: Shutting down and abandoning module MessagingRpc (358)
[2017.12.19-10.03.16:518][797]LogModuleManager: Shutting down and abandoning module AIModule (356)
[2017.12.19-10.03.16:518][797]LogModuleManager: Shutting down and abandoning module GameplayDebugger (355)
[2017.12.19-10.03.16:518][797]LogModuleManager: Shutting down and abandoning module AITestSuite (353)
[2017.12.19-10.03.16:518][797]LogModuleManager: Shutting down and abandoning module DesktopPlatform (350)
[2017.12.19-10.03.16:519][797]LogModuleManager: Shutting down and abandoning module ProfilerService (348)
[2017.12.19-10.03.16:681][797]LogModuleManager: Shutting down and abandoning module TaskGraph (346)
[2017.12.19-10.03.16:681][797]LogModuleManager: Shutting down and abandoning module SteamVRController (344)
[2017.12.19-10.03.16:681][797]LogModuleManager: Shutting down and abandoning module ProceduralMeshComponentEditor (342)
[2017.12.19-10.03.16:681][797]LogModuleManager: Shutting down and abandoning module ProceduralMeshComponent (340)
[2017.12.19-10.03.16:681][797]LogModuleManager: Shutting down and abandoning module OculusInput (338)
[2017.12.19-10.03.16:681][797]LogModuleManager: Shutting down and abandoning module MobilePatchingUtils (336)
[2017.12.19-10.03.16:682][797]LogModuleManager: Shutting down and abandoning module CustomMeshComponent (334)
[2017.12.19-10.03.16:682][797]LogModuleManager: Shutting down and abandoning module CableComponent (332)
[2017.12.19-10.03.16:682][797]LogModuleManager: Shutting down and abandoning module ArchVisCharacter (330)
[2017.12.19-10.03.16:682][797]LogModuleManager: Shutting down and abandoning module AndroidPermission (328)
[2017.12.19-10.03.16:682][797]LogModuleManager: Shutting down and abandoning module ActorSequence (324)
[2017.12.19-10.03.16:682][797]LogModuleManager: Shutting down and abandoning module MediaPlayerEditor (322)
[2017.12.19-10.03.16:682][797]LogModuleManager: Shutting down and abandoning module MediaCompositingEditor (320)
[2017.12.19-10.03.16:682][797]LogModuleManager: Shutting down and abandoning module MediaCompositing (318)
[2017.12.19-10.03.16:682][797]LogModuleManager: Shutting down and abandoning module HTML5Networking (316)
[2017.12.19-10.03.16:682][797]LogModuleManager: Shutting down and abandoning module AlembicImporter (314)
[2017.12.19-10.03.16:682][797]LogModuleManager: Shutting down and abandoning module AlembicLibrary (313)
[2017.12.19-10.03.16:682][797]LogModuleManager: Shutting down and abandoning module GeometryCache (312)
[2017.12.19-10.03.16:682][797]LogModuleManager: Shutting down and abandoning module GeometryCacheEd (311)
[2017.12.19-10.03.16:682][797]LogModuleManager: Shutting down and abandoning module SpeedTreeImporter (306)
[2017.12.19-10.03.16:683][797]LogModuleManager: Shutting down and abandoning module PluginBrowser (304)
[2017.12.19-10.03.16:684][797]LogModuleManager: Shutting down and abandoning module MobileLauncherProfileWizard (302)
[2017.12.19-10.03.16:684][797]LogModuleManager: Shutting down and abandoning module VisualStudioSourceCodeAccess (300)
[2017.12.19-10.03.16:684][797]LogModuleManager: Shutting down and abandoning module VisualStudioCodeSourceCodeAccess (298)
[2017.12.19-10.03.16:684][797]LogModuleManager: Shutting down and abandoning module UObjectPlugin (296)
[2017.12.19-10.03.16:684][797]LogModuleManager: Shutting down and abandoning module SubversionSourceControl (294)
[2017.12.19-10.03.16:684][797]LogModuleManager: Shutting down and abandoning module PerforceSourceControl (292)
[2017.12.19-10.03.16:684][797]LogModuleManager: Shutting down and abandoning module GitSourceControl (290)
[2017.12.19-10.03.16:684][797]LogModuleManager: Shutting down and abandoning module SourceControl (289)
[2017.12.19-10.03.16:684][797]LogModuleManager: Shutting down and abandoning module LightPropagationVolumeEditor (286)
[2017.12.19-10.03.16:684][797]LogModuleManager: Shutting down and abandoning module PaperTiledImporter (284)
[2017.12.19-10.03.16:684][797]LogModuleManager: Shutting down and abandoning module PaperSpriteSheetImporter (282)
[2017.12.19-10.03.16:684][797]LogModuleManager: Shutting down and abandoning module Paper2DEditor (280)
[2017.12.19-10.03.16:684][797]LogModuleManager: Shutting down and abandoning module MeshPaint (279)
[2017.12.19-10.03.16:684][797]LogModuleManager: Shutting down and abandoning module LevelEditor (277)
[2017.12.19-10.03.16:686][797]LogModuleManager: Shutting down and abandoning module PixelInspectorModule (276)
[2017.12.19-10.03.16:686][797]LogModuleManager: Shutting down and abandoning module MainFrame (274)
[2017.12.19-10.03.16:687][797]LogModuleManager: Shutting down and abandoning module HotReload (273)
[2017.12.19-10.03.16:688][797]LogModuleManager: Shutting down and abandoning module RuntimePhysXCooking (268)
[2017.12.19-10.03.16:688][797]LogModuleManager: Shutting down and abandoning module PhysXVehiclesEditor (266)
[2017.12.19-10.03.16:688][797]LogModuleManager: Shutting down and abandoning module PhysXVehicles (264)
[2017.12.19-10.03.16:688][797]LogModuleManager: Shutting down and abandoning module OculusEditor (262)
[2017.12.19-10.03.16:688][797]LogModuleManager: Shutting down and abandoning module LocationServicesBPLibrary (260)
[2017.12.19-10.03.16:688][797]LogModuleManager: Shutting down and abandoning module ImmediatePhysicsEditor (258)
[2017.12.19-10.03.16:688][797]LogModuleManager: Shutting down and abandoning module ImmediatePhysics (256)
[2017.12.19-10.03.16:688][797]LogModuleManager: Shutting down and abandoning module UdpMessaging (254)
[2017.12.19-10.03.16:790][797]LogModuleManager: Shutting down and abandoning module TcpMessaging (252)
[2017.12.19-10.03.16:890][797]LogModuleManager: Shutting down and abandoning module GameplayTagsEditor (250)
[2017.12.19-10.03.16:890][797]LogModuleManager: Shutting down and abandoning module FacialAnimationEditor (248)
[2017.12.19-10.03.16:890][797]LogModuleManager: Shutting down and abandoning module FacialAnimation (246)
[2017.12.19-10.03.16:890][797]LogModuleManager: Shutting down and abandoning module AssetManagerEditor (244)
[2017.12.19-10.03.16:890][797]LogModuleManager: Shutting down and abandoning module GraphEditor (243)
[2017.12.19-10.03.16:890][797]LogModuleManager: Shutting down and abandoning module ContentBrowser (241)
[2017.12.19-10.03.16:893][797]LogModuleManager: Shutting down and abandoning module LightPropagationVolumeRuntime (238)
[2017.12.19-10.03.16:893][797]LogModuleManager: Shutting down and abandoning module Paper2D (236)
[2017.12.19-10.03.16:893][797]LogModuleManager: Shutting down and abandoning module WindowsMoviePlayer (234)
[2017.12.19-10.03.16:893][797]LogModuleManager: Shutting down and abandoning module WmfMedia (232)
[2017.12.19-10.03.16:898][797]LogModuleManager: Shutting down and abandoning module ImgMedia (230)
[2017.12.19-10.03.16:898][797]LogModuleManager: Shutting down and abandoning module PacketHandler (228)
[2017.12.19-10.03.16:898][797]LogModuleManager: Shutting down and abandoning module ClothingSystemEditor (226)
[2017.12.19-10.03.16:898][797]LogModuleManager: Shutting down and abandoning module ClothingSystemRuntime (224)
[2017.12.19-10.03.16:898][797]LogModuleManager: Shutting down and abandoning module MediaAssets (222)
[2017.12.19-10.03.16:898][797]LogModuleManager: Shutting down and abandoning module Media (221)
[2017.12.19-10.03.16:906][797]LogModuleManager: Shutting down and abandoning module Overlay (218)
[2017.12.19-10.03.16:906][797]LogModuleManager: Shutting down and abandoning module OverlayEditor (217)
[2017.12.19-10.03.16:906][797]LogModuleManager: Shutting down and abandoning module VREditor (214)
[2017.12.19-10.03.16:906][797]LogModuleManager: Shutting down and abandoning module StringTableEditor (212)
[2017.12.19-10.03.16:906][797]LogModuleManager: Shutting down and abandoning module GameplayTasksEditor (210)
[2017.12.19-10.03.16:906][797]LogModuleManager: Shutting down and abandoning module BehaviorTreeEditor (208)
[2017.12.19-10.03.16:906][797]LogModuleManager: Shutting down and abandoning module FunctionalTesting (206)
[2017.12.19-10.03.16:906][797]LogModuleManager: Shutting down and abandoning module CollisionAnalyzer (204)
[2017.12.19-10.03.16:906][797]LogModuleManager: Shutting down and abandoning module WorkspaceMenuStructure (203)
[2017.12.19-10.03.16:906][797]LogModuleManager: Shutting down and abandoning module UMG (200)
[2017.12.19-10.03.16:906][797]LogModuleManager: Shutting down and abandoning module UMGEditor (199)
[2017.12.19-10.03.16:906][797]LogModuleManager: Shutting down and abandoning module Sequencer (198)
[2017.12.19-10.03.16:907][797]LogModuleManager: Shutting down and abandoning module MessageLog (195)
[2017.12.19-10.03.16:907][797]LogModuleManager: Shutting down and abandoning module SlateReflector (190)
[2017.12.19-10.03.16:907][797]LogModuleManager: Shutting down and abandoning module Slate (188)
[2017.12.19-10.03.16:907][797]LogModuleManager: Shutting down and abandoning module EditorStyle (186)
[2017.12.19-10.03.16:917][797]LogModuleManager: Shutting down and abandoning module MRMesh (184)
[2017.12.19-10.03.16:917][797]LogModuleManager: Shutting down and abandoning module SourceCodeAccess (182)
[2017.12.19-10.03.16:917][797]LogModuleManager: Shutting down and abandoning module HeadMountedDisplay (180)
[2017.12.19-10.03.16:917][797]LogModuleManager: Shutting down and abandoning module XAudio2 (178)
[2017.12.19-10.03.16:917][797]LogModuleManager: Shutting down and abandoning module Networking (176)
[2017.12.19-10.03.16:917][797]LogModuleManager: Shutting down and abandoning module Core (172)
[2017.12.19-10.03.16:918][797]LogModuleManager: Shutting down and abandoning module LevelSequence (168)
[2017.12.19-10.03.16:918][797]LogModuleManager: Shutting down and abandoning module DirectoryWatcher (166)
[2017.12.19-10.03.16:920][797]LogModuleManager: Shutting down and abandoning module KismetCompiler (164)
[2017.12.19-10.03.16:920][797]LogModuleManager: Shutting down and abandoning module MeshUtilities (162)
[2017.12.19-10.03.16:920][797]LogModuleManager: Shutting down and abandoning module MeshMergeUtilities (161)
[2017.12.19-10.03.16:920][797]LogModuleManager: Shutting down and abandoning module MeshReductionInterface (160)
[2017.12.19-10.03.16:921][797]LogModuleManager: Shutting down and abandoning module SimplygonSwarm (159)
[2017.12.19-10.03.16:921][797]LogModuleManager: Shutting down and abandoning module SimplygonMeshReduction (157)
[2017.12.19-10.03.16:921][797]LogModuleManager: Shutting down and abandoning module QuadricMeshReduction (155)
[2017.12.19-10.03.16:921][797]LogModuleManager: Shutting down and abandoning module MaterialBaking (151)
[2017.12.19-10.03.16:921][797]LogModuleManager: Shutting down and abandoning module DerivedDataCache (148)
[2017.12.19-10.03.16:930][797]LogDerivedDataCache: Shutdown
[2017.12.19-10.03.16:930][797]LogModuleManager: Shutting down and abandoning module TargetPlatform (146)
[2017.12.19-10.03.16:930][797]LogModuleManager: Shutting down and abandoning module VulkanShaderFormat (145)
[2017.12.19-10.03.16:930][797]LogModuleManager: Shutting down and abandoning module ShaderFormatVectorVM (143)
[2017.12.19-10.03.16:930][797]LogModuleManager: Shutting down and abandoning module ShaderFormatOpenGL (141)
[2017.12.19-10.03.16:930][797]LogModuleManager: Shutting down and abandoning module ShaderFormatD3D (139)
[2017.12.19-10.03.16:931][797]LogModuleManager: Shutting down and abandoning module MetalShaderFormat (137)
[2017.12.19-10.03.16:931][797]LogModuleManager: Shutting down and abandoning module TextureFormatUncompressed (135)
[2017.12.19-10.03.16:931][797]LogModuleManager: Shutting down and abandoning module TextureFormatPVR (133)
[2017.12.19-10.03.16:931][797]LogModuleManager: Shutting down and abandoning module TextureFormatDXT (131)
[2017.12.19-10.03.16:931][797]LogModuleManager: Shutting down and abandoning module TextureFormatIntelISPCTexComp (129)
[2017.12.19-10.03.16:931][797]LogModuleManager: Shutting down and abandoning module TextureFormatASTC (127)
[2017.12.19-10.03.16:931][797]LogModuleManager: Shutting down and abandoning module ImageWrapper (126)
[2017.12.19-10.03.16:931][797]LogModuleManager: Shutting down and abandoning module TextureFormatAndroid (123)
[2017.12.19-10.03.16:931][797]LogModuleManager: Shutting down and abandoning module AudioFormatOpus (121)
[2017.12.19-10.03.16:931][797]LogModuleManager: Shutting down and abandoning module AudioFormatOgg (119)
[2017.12.19-10.03.16:931][797]LogModuleManager: Shutting down and abandoning module AudioFormatADPCM (117)
[2017.12.19-10.03.16:931][797]LogModuleManager: Shutting down and abandoning module LinuxTargetPlatform (115)
[2017.12.19-10.03.16:932][797]LogModuleManager: Shutting down and abandoning module LinuxServerTargetPlatform (113)
[2017.12.19-10.03.16:932][797]LogModuleManager: Shutting down and abandoning module LinuxNoEditorTargetPlatform (111)
[2017.12.19-10.03.16:932][797]LogModuleManager: Shutting down and abandoning module LinuxClientTargetPlatform (109)
[2017.12.19-10.03.16:932][797]LogModuleManager: Shutting down and abandoning module TVOSTargetPlatform (107)
[2017.12.19-10.03.16:932][797]LogModuleManager: Shutting down and abandoning module Messaging (105)
[2017.12.19-10.03.16:932][797]LogModuleManager: Shutting down and abandoning module IOSTargetPlatform (103)
[2017.12.19-10.03.16:932][797]LogModuleManager: Shutting down and abandoning module HTML5TargetPlatform (101)
[2017.12.19-10.03.16:932][797]LogModuleManager: Shutting down and abandoning module AndroidTargetPlatform (99)
[2017.12.19-10.03.16:932][797]LogModuleManager: Shutting down and abandoning module Android_PVRTCTargetPlatform (97)
[2017.12.19-10.03.16:932][797]LogModuleManager: Shutting down and abandoning module Android_MultiTargetPlatform (95)
[2017.12.19-10.03.16:932][797]LogModuleManager: Shutting down and abandoning module Android_ETC2TargetPlatform (93)
[2017.12.19-10.03.16:932][797]LogModuleManager: Shutting down and abandoning module Android_ETC1TargetPlatform (91)
[2017.12.19-10.03.16:932][797]LogModuleManager: Shutting down and abandoning module Android_DXTTargetPlatform (89)
[2017.12.19-10.03.16:932][797]LogModuleManager: Shutting down and abandoning module Android_ATCTargetPlatform (87)
[2017.12.19-10.03.16:932][797]LogModuleManager: Shutting down and abandoning module Android_ASTCTargetPlatform (85)
[2017.12.19-10.03.16:932][797]LogModuleManager: Shutting down and abandoning module WindowsTargetPlatform (83)
[2017.12.19-10.03.16:933][797]LogModuleManager: Shutting down and abandoning module WindowsServerTargetPlatform (81)
[2017.12.19-10.03.16:933][797]LogModuleManager: Shutting down and abandoning module WindowsNoEditorTargetPlatform (79)
[2017.12.19-10.03.16:933][797]LogModuleManager: Shutting down and abandoning module WindowsClientTargetPlatform (77)
[2017.12.19-10.03.16:933][797]LogModuleManager: Shutting down and abandoning module MacTargetPlatform (75)
[2017.12.19-10.03.16:933][797]LogModuleManager: Shutting down and abandoning module MacServerTargetPlatform (73)
[2017.12.19-10.03.16:933][797]LogModuleManager: Shutting down and abandoning module MacNoEditorTargetPlatform (71)
[2017.12.19-10.03.16:933][797]LogModuleManager: Shutting down and abandoning module MacClientTargetPlatform (69)
[2017.12.19-10.03.16:933][797]LogModuleManager: Shutting down and abandoning module AllDesktopTargetPlatform (67)
[2017.12.19-10.03.16:933][797]LogModuleManager: Shutting down and abandoning module InputCore (64)
[2017.12.19-10.03.16:933][797]LogModuleManager: Shutting down and abandoning module Settings (62)
[2017.12.19-10.03.16:933][797]LogModuleManager: Shutting down and abandoning module PhysXCooking (60)
[2017.12.19-10.03.16:934][797]LogModuleManager: Shutting down and abandoning module SteamVR (58)
[2017.12.19-10.03.16:934][797]LogModuleManager: Shutting down and abandoning module OculusHMD (56)
[2017.12.19-10.03.16:934][797]LogModuleManager: Shutting down and abandoning module ExampleDeviceProfileSelector (54)
[2017.12.19-10.03.16:934][797]LogModuleManager: Shutting down and abandoning module AppleARKit (52)
[2017.12.19-10.03.16:934][797]LogModuleManager: Shutting down and abandoning module AugmentedReality (51)
[2017.12.19-10.03.16:934][797]LogModuleManager: Shutting down and abandoning module OnlineBlueprintSupport (48)
[2017.12.19-10.03.16:934][797]LogModuleManager: Shutting down and abandoning module OnlineSubsystem (44)
[2017.12.19-10.03.16:934][797]LogModuleManager: Shutting down and abandoning module XMPP (43)
[2017.12.19-10.03.16:934][797]LogModuleManager: Shutting down and abandoning module HTTP (41)
[2017.12.19-10.03.16:934][797]LogHttp: Display: Http module shutting down, but needs to wait on 1 outstanding Http requests:
[2017.12.19-10.03.16:934][797]LogHttp: Display: 	verb=[POST] url=[https://datarouter.ol.epicgames.com/datarouter/api/v1/public/data?SessionID=%7B110E9FEE-45B7-FCD4-CAC6-5083ADF82C38%7D&AppID=UEEditor.Rocket.Release&AppVersion=4.18.2-3794801%2B%2B%2BUE4%2BRelease-4.18&UserID=44c137564cd73af8dc4634902bd95367%7C12c06c2326474aecb2f5dcf612c28778%7C58d89bb0-4705-4ce8-bfa6-64e85d62f35c&AppEnvironment=datacollector-binary&UploadType=eteventstream] status=Processing
[2017.12.19-10.03.16:937][797]LogModuleManager: Shutting down and abandoning module SSL (40)
[2017.12.19-10.03.16:941][797]LogModuleManager: Shutting down and abandoning module AnimationModifiers (36)
[2017.12.19-10.03.16:941][797]LogModuleManager: Shutting down and abandoning module PropertyEditor (35)
[2017.12.19-10.03.16:941][797]LogModuleManager: Shutting down and abandoning module AudioEditor (32)
[2017.12.19-10.03.16:941][797]LogModuleManager: Shutting down and abandoning module TextureCompressor (30)
[2017.12.19-10.03.16:941][797]LogModuleManager: Shutting down and abandoning module ShaderCore (28)
[2017.12.19-10.03.16:941][797]LogModuleManager: Shutting down and abandoning module Landscape (26)
[2017.12.19-10.03.16:941][797]LogModuleManager: Shutting down and abandoning module SlateRHIRenderer (24)
[2017.12.19-10.03.16:945][797]LogModuleManager: Shutting down and abandoning module OpenGLDrv (22)
[2017.12.19-10.03.16:945][797]LogModuleManager: Shutting down and abandoning module D3D11RHI (20)
[2017.12.19-10.03.16:945][797]LogModuleManager: Shutting down and abandoning module AnimGraphRuntime (18)
[2017.12.19-10.03.16:945][797]LogModuleManager: Shutting down and abandoning module Renderer (16)
[2017.12.19-10.03.16:945][797]LogModuleManager: Shutting down and abandoning module Engine (14)
[2017.12.19-10.03.16:945][797]LogModuleManager: Shutting down and abandoning module CoreUObject (12)
[2017.12.19-10.03.16:945][797]LogModuleManager: Shutting down and abandoning module NetworkFile (10)
[2017.12.19-10.03.16:945][797]LogModuleManager: Shutting down and abandoning module CookedIterativeFile (8)
[2017.12.19-10.03.16:946][797]LogModuleManager: Shutting down and abandoning module StreamingFile (6)
[2017.12.19-10.03.16:946][797]LogModuleManager: Shutting down and abandoning module SandboxFile (4)
[2017.12.19-10.03.16:946][797]LogModuleManager: Shutting down and abandoning module PakFile (2)
[2017.12.19-10.03.16:958][797]LogExit: Exiting.
[2017.12.19-10.03.17:000][797]Log file closed, 12/19/17 19:03:17
