Log file open, 01/16/18 13:47:27
LogWindows: Failed to load 'aqProf.dll' (GetLastError=126)
LogWindows: File 'aqProf.dll' does not exist
LogWindows: Failed to load 'VtuneApi.dll' (GetLastError=126)
LogWindows: File 'VtuneApi.dll' does not exist
LogWindows: Failed to load 'VtuneApi32e.dll' (GetLastError=126)
LogWindows: File 'VtuneApi32e.dll' does not exist
LogInit: Display: Running engine for game: Graduation
LogPlatformFile: Not using cached read wrapper
LogInit: Display: RandInit(-64013347) SRandInit(-64013347).
LogInit: Read version file with build ID '3709383'
LogInit: Overriding engine version to CL 3794801, compatible CL 3709383
LogInit: Registered custom module enumerator with build ID '3709383'
LogTaskGraph: Started task graph with 5 named threads and 14 total threads with 3 sets of task threads.
LogStats: Stats thread started at 0.208413
LogD3D11RHI: Aftermath initialized
LogModuleManager: Display: Found up-to-date module file ../../../Engine/Plugins/2D/Paper2D/Binaries/Win64/UE4Editor-Paper2D.dll (API version 3709383).
LogModuleManager: Display: Found up-to-date module file ../../../Engine/Plugins/2D/Paper2D/Binaries/Win64/UE4Editor-Paper2DEditor.dll (API version 3709383).
LogModuleManager: Display: Found up-to-date module file ../../../Engine/Plugins/2D/Paper2D/Binaries/Win64/UE4Editor-PaperSpriteSheetImporter.dll (API version 3709383).
LogModuleManager: Display: Found up-to-date module file ../../../Engine/Plugins/2D/Paper2D/Binaries/Win64/UE4Editor-PaperTiledImporter.dll (API version 3709383).
LogModuleManager: Display: Found up-to-date module file ../../../Engine/Plugins/2D/Paper2D/Binaries/Win64/UE4Editor-SmartSnapping.dll (API version 3709383).
LogModuleManager: Display: Found up-to-date module file ../../../Engine/Plugins/Blendables/LightPropagationVolume/Binaries/Win64/UE4Editor-LightPropagationVolumeRuntime.dll (API version 3709383).
LogModuleManager: Display: Found up-to-date module file ../../../Engine/Plugins/Blendables/LightPropagationVolume/Binaries/Win64/UE4Editor-LightPropagationVolumeEditor.dll (API version 3709383).
LogModuleManager: Display: Found up-to-date module file ../../../Engine/Plugins/Developer/GitSourceControl/Binaries/Win64/UE4Editor-GitSourceControl.dll (API version 3709383).
LogModuleManager: Display: Found up-to-date module file ../../../Engine/Plugins/Developer/PerforceSourceControl/Binaries/Win64/UE4Editor-PerforceSourceControl.dll (API version 3709383).
LogModuleManager: Display: Found up-to-date module file ../../../Engine/Plugins/Developer/SubversionSourceControl/Binaries/Win64/UE4Editor-SubversionSourceControl.dll (API version 3709383).
LogModuleManager: Display: Found up-to-date module file ../../../Engine/Plugins/Developer/UObjectPlugin/Binaries/Win64/UE4Editor-UObjectPlugin.dll (API version 3709383).
LogModuleManager: Display: Found up-to-date module file ../../../Engine/Plugins/Developer/VisualStudioCodeSourceCodeAccess/Binaries/Win64/UE4Editor-VisualStudioCodeSourceCodeAccess.dll (API version 3709383).
LogModuleManager: Display: Found up-to-date module file ../../../Engine/Plugins/Developer/VisualStudioSourceCodeAccess/Binaries/Win64/UE4Editor-VisualStudioSourceCodeAccess.dll (API version 3709383).
LogModuleManager: Display: Found up-to-date module file ../../../Engine/Plugins/Editor/AssetManagerEditor/Binaries/Win64/UE4Editor-AssetManagerEditor.dll (API version 3709383).
LogModuleManager: Display: Found up-to-date module file ../../../Engine/Plugins/Editor/AudioCapture/Binaries/Win64/UE4Editor-AudioCapture.dll (API version 3709383).
LogModuleManager: Display: Found up-to-date module file ../../../Engine/Plugins/Editor/FacialAnimation/Binaries/Win64/UE4Editor-FacialAnimation.dll (API version 3709383).
LogModuleManager: Display: Found up-to-date module file ../../../Engine/Plugins/Editor/FacialAnimation/Binaries/Win64/UE4Editor-FacialAnimationEditor.dll (API version 3709383).
LogModuleManager: Display: Found up-to-date module file ../../../Engine/Plugins/Editor/GameplayTagsEditor/Binaries/Win64/UE4Editor-GameplayTagsEditor.dll (API version 3709383).
LogModuleManager: Display: Found up-to-date module file ../../../Engine/Plugins/Editor/MobileLauncherProfileWizard/Binaries/Win64/UE4Editor-MobileLauncherProfileWizard.dll (API version 3709383).
LogModuleManager: Display: Found up-to-date module file ../../../Engine/Plugins/Editor/PluginBrowser/Binaries/Win64/UE4Editor-PluginBrowser.dll (API version 3709383).
LogModuleManager: Display: Found up-to-date module file ../../../Engine/Plugins/Editor/SpeedTreeImporter/Binaries/Win64/UE4Editor-SpeedTreeImporter.dll (API version 3709383).
LogModuleManager: Display: Found up-to-date module file ../../../Engine/Plugins/Experimental/AlembicImporter/Binaries/Win64/UE4Editor-AlembicImporter.dll (API version 3709383).
LogModuleManager: Display: Found up-to-date module file ../../../Engine/Plugins/Experimental/AlembicImporter/Binaries/Win64/UE4Editor-AlembicLibrary.dll (API version 3709383).
LogModuleManager: Display: Found up-to-date module file ../../../Engine/Plugins/Experimental/CharacterAI/Binaries/Win64/UE4Editor-CharacterAI.dll (API version 3709383).
LogModuleManager: Display: Found up-to-date module file ../../../Engine/Plugins/Experimental/HTML5Networking/Binaries/Win64/UE4Editor-HTML5Networking.dll (API version 3709383).
LogModuleManager: Display: Found up-to-date module file ../../../Engine/Plugins/Media/AndroidMedia/Binaries/Win64/UE4Editor-AndroidMediaEditor.dll (API version 3709383).
LogModuleManager: Display: Found up-to-date module file ../../../Engine/Plugins/Media/AndroidMedia/Binaries/Win64/UE4Editor-AndroidMediaFactory.dll (API version 3709383).
LogModuleManager: Display: Found up-to-date module file ../../../Engine/Plugins/Media/AvfMedia/Binaries/Win64/UE4Editor-AvfMediaEditor.dll (API version 3709383).
LogModuleManager: Display: Found up-to-date module file ../../../Engine/Plugins/Media/AvfMedia/Binaries/Win64/UE4Editor-AvfMediaFactory.dll (API version 3709383).
LogModuleManager: Display: Found up-to-date module file ../../../Engine/Plugins/Media/AvfMedia/Binaries/Win64/UE4Editor-AvfMediaFactory.dll (API version 3709383).
LogModuleManager: Display: Found up-to-date module file ../../../Engine/Plugins/Media/ImgMedia/Binaries/Win64/UE4Editor-ImgMedia.dll (API version 3709383).
LogModuleManager: Display: Found up-to-date module file ../../../Engine/Plugins/Media/ImgMedia/Binaries/Win64/UE4Editor-ImgMediaEditor.dll (API version 3709383).
LogModuleManager: Display: Found up-to-date module file ../../../Engine/Plugins/Media/ImgMedia/Binaries/Win64/UE4Editor-ImgMediaFactory.dll (API version 3709383).
LogModuleManager: Display: Found up-to-date module file ../../../Engine/Plugins/Media/ImgMedia/Binaries/Win64/UE4Editor-ImgMediaFactory.dll (API version 3709383).
LogModuleManager: Display: Found up-to-date module file ../../../Engine/Plugins/Media/ImgMedia/Binaries/Win64/UE4Editor-OpenExrWrapper.dll (API version 3709383).
LogModuleManager: Display: Found up-to-date module file ../../../Engine/Plugins/Media/MediaCompositing/Binaries/Win64/UE4Editor-MediaCompositing.dll (API version 3709383).
LogModuleManager: Display: Found up-to-date module file ../../../Engine/Plugins/Media/MediaCompositing/Binaries/Win64/UE4Editor-MediaCompositingEditor.dll (API version 3709383).
LogModuleManager: Display: Found up-to-date module file ../../../Engine/Plugins/Media/MediaPlayerEditor/Binaries/Win64/UE4Editor-MediaPlayerEditor.dll (API version 3709383).
LogModuleManager: Display: Found up-to-date module file ../../../Engine/Plugins/Media/WmfMedia/Binaries/Win64/UE4Editor-WmfMedia.dll (API version 3709383).
LogModuleManager: Display: Found up-to-date module file ../../../Engine/Plugins/Media/WmfMedia/Binaries/Win64/UE4Editor-WmfMediaEditor.dll (API version 3709383).
LogModuleManager: Display: Found up-to-date module file ../../../Engine/Plugins/Media/WmfMedia/Binaries/Win64/UE4Editor-WmfMediaFactory.dll (API version 3709383).
LogModuleManager: Display: Found up-to-date module file ../../../Engine/Plugins/Media/WmfMedia/Binaries/Win64/UE4Editor-WmfMediaFactory.dll (API version 3709383).
LogModuleManager: Display: Found up-to-date module file ../../../Engine/Plugins/Messaging/TcpMessaging/Binaries/Win64/UE4Editor-TcpMessaging.dll (API version 3709383).
LogModuleManager: Display: Found up-to-date module file ../../../Engine/Plugins/Messaging/UdpMessaging/Binaries/Win64/UE4Editor-UdpMessaging.dll (API version 3709383).
LogModuleManager: Display: Found up-to-date module file ../../../Engine/Plugins/MovieScene/ActorSequence/Binaries/Win64/UE4Editor-ActorSequence.dll (API version 3709383).
LogModuleManager: Display: Found up-to-date module file ../../../Engine/Plugins/MovieScene/LevelSequenceEditor/Binaries/Win64/UE4Editor-LevelSequenceEditor.dll (API version 3709383).
LogModuleManager: Display: Found up-to-date module file ../../../Engine/Plugins/MovieScene/MatineeToLevelSequence/Binaries/Win64/UE4Editor-MatineeToLevelSequence.dll (API version 3709383).
LogModuleManager: Display: Found up-to-date module file ../../../Engine/Plugins/Online/OnlineSubsystem/Binaries/Win64/UE4Editor-OnlineSubsystem.dll (API version 3709383).
LogModuleManager: Display: Found up-to-date module file ../../../Engine/Plugins/Runtime/AndroidPermission/Binaries/Win64/UE4Editor-AndroidPermission.dll (API version 3709383).
LogModuleManager: Display: Found up-to-date module file ../../../Engine/Plugins/Online/OnlineSubsystemNull/Binaries/Win64/UE4Editor-OnlineSubsystemNull.dll (API version 3709383).
LogModuleManager: Display: Found up-to-date module file ../../../Engine/Plugins/Online/OnlineSubsystemUtils/Binaries/Win64/UE4Editor-OnlineSubsystemUtils.dll (API version 3709383).
LogModuleManager: Display: Found up-to-date module file ../../../Engine/Plugins/Online/OnlineSubsystemUtils/Binaries/Win64/UE4Editor-OnlineBlueprintSupport.dll (API version 3709383).
LogModuleManager: Display: Found up-to-date module file ../../../Engine/Plugins/Runtime/AndroidDeviceProfileSelector/Binaries/Win64/UE4Editor-AndroidDeviceProfileSelector.dll (API version 3709383).
LogModuleManager: Display: Found up-to-date module file ../../../Engine/Plugins/Runtime/AppleARKit/Binaries/Win64/UE4Editor-AppleARKit.dll (API version 3709383).
LogModuleManager: Display: Found up-to-date module file ../../../Engine/Plugins/Runtime/ArchVisCharacter/Binaries/Win64/UE4Editor-ArchVisCharacter.dll (API version 3709383).
LogModuleManager: Display: Found up-to-date module file ../../../Engine/Plugins/Runtime/CableComponent/Binaries/Win64/UE4Editor-CableComponent.dll (API version 3709383).
LogModuleManager: Display: Found up-to-date module file ../../../Engine/Plugins/Runtime/CustomMeshComponent/Binaries/Win64/UE4Editor-CustomMeshComponent.dll (API version 3709383).
LogModuleManager: Display: Found up-to-date module file ../../../Engine/Plugins/Runtime/ExampleDeviceProfileSelector/Binaries/Win64/UE4Editor-ExampleDeviceProfileSelector.dll (API version 3709383).
LogModuleManager: Display: Found up-to-date module file ../../../Engine/Plugins/Runtime/ImmediatePhysics/Binaries/Win64/UE4Editor-ImmediatePhysics.dll (API version 3709383).
LogModuleManager: Display: Found up-to-date module file ../../../Engine/Plugins/Runtime/ImmediatePhysics/Binaries/Win64/UE4Editor-ImmediatePhysicsEditor.dll (API version 3709383).
LogModuleManager: Display: Found up-to-date module file ../../../Engine/Plugins/Runtime/LocationServicesBPLibrary/Binaries/Win64/UE4Editor-LocationServicesBPLibrary.dll (API version 3709383).
LogModuleManager: Display: Found up-to-date module file ../../../Engine/Plugins/Runtime/MobilePatchingUtils/Binaries/Win64/UE4Editor-MobilePatchingUtils.dll (API version 3709383).
LogModuleManager: Display: Found up-to-date module file ../../../Engine/Plugins/Runtime/Oculus/OculusVR/Binaries/Win64/UE4Editor-OculusHMD.dll (API version 3709383).
LogModuleManager: Display: Found up-to-date module file ../../../Engine/Plugins/Runtime/Oculus/OculusVR/Binaries/Win64/UE4Editor-OculusInput.dll (API version 3709383).
LogModuleManager: Display: Found up-to-date module file ../../../Engine/Plugins/Runtime/Oculus/OculusVR/Binaries/Win64/UE4Editor-OculusEditor.dll (API version 3709383).
LogModuleManager: Display: Found up-to-date module file ../../../Engine/Plugins/Runtime/PhysXVehicles/Binaries/Win64/UE4Editor-PhysXVehicles.dll (API version 3709383).
LogModuleManager: Display: Found up-to-date module file ../../../Engine/Plugins/Runtime/PhysXVehicles/Binaries/Win64/UE4Editor-PhysXVehiclesEditor.dll (API version 3709383).
LogModuleManager: Display: Found up-to-date module file ../../../Engine/Plugins/Runtime/ProceduralMeshComponent/Binaries/Win64/UE4Editor-ProceduralMeshComponent.dll (API version 3709383).
LogModuleManager: Display: Found up-to-date module file ../../../Engine/Plugins/Runtime/ProceduralMeshComponent/Binaries/Win64/UE4Editor-ProceduralMeshComponentEditor.dll (API version 3709383).
LogModuleManager: Display: Found up-to-date module file ../../../Engine/Plugins/Runtime/RuntimePhysXCooking/Binaries/Win64/UE4Editor-RuntimePhysXCooking.dll (API version 3709383).
LogModuleManager: Display: Found up-to-date module file ../../../Engine/Plugins/Runtime/Steam/SteamVR/Binaries/Win64/UE4Editor-SteamVR.dll (API version 3709383).
LogModuleManager: Display: Found up-to-date module file ../../../Engine/Plugins/Runtime/Steam/SteamVR/Binaries/Win64/UE4Editor-SteamVRController.dll (API version 3709383).
LogModuleManager: Display: Found up-to-date module file ../../../Engine/Plugins/Runtime/WindowsMoviePlayer/Binaries/Win64/UE4Editor-WindowsMoviePlayer.dll (API version 3709383).
LogPluginManager: Mounting plugin Paper2D
LogPluginManager: Mounting plugin LightPropagationVolume
LogPluginManager: Mounting plugin CodeLiteSourceCodeAccess
LogPluginManager: Mounting plugin GitSourceControl
LogPluginManager: Mounting plugin KDevelopSourceCodeAccess
LogPluginManager: Mounting plugin NullSourceCodeAccess
LogPluginManager: Mounting plugin PerforceSourceControl
LogPluginManager: Mounting plugin SubversionSourceControl
LogPluginManager: Mounting plugin UObjectPlugin
LogPluginManager: Mounting plugin VisualStudioCodeSourceCodeAccess
LogPluginManager: Mounting plugin VisualStudioSourceCodeAccess
LogPluginManager: Mounting plugin XCodeSourceCodeAccess
LogPluginManager: Mounting plugin AssetManagerEditor
LogPluginManager: Mounting plugin AudioCapture
LogPluginManager: Mounting plugin FacialAnimation
LogPluginManager: Mounting plugin GameplayTagsEditor
LogPluginManager: Mounting plugin MobileLauncherProfileWizard
LogPluginManager: Mounting plugin PluginBrowser
LogPluginManager: Mounting plugin SpeedTreeImporter
LogPluginManager: Mounting plugin AlembicImporter
LogPluginManager: Mounting plugin CharacterAI
LogPluginManager: Mounting plugin HTML5Networking
LogPluginManager: Mounting plugin AndroidMedia
LogPluginManager: Mounting plugin AvfMedia
LogPluginManager: Mounting plugin ImgMedia
LogPluginManager: Mounting plugin MediaCompositing
LogPluginManager: Mounting plugin MediaPlayerEditor
LogPluginManager: Mounting plugin WmfMedia
LogPluginManager: Mounting plugin TcpMessaging
LogPluginManager: Mounting plugin UdpMessaging
LogPluginManager: Mounting plugin ActorSequence
LogPluginManager: Mounting plugin LevelSequenceEditor
LogPluginManager: Mounting plugin MatineeToLevelSequence
LogPluginManager: Mounting plugin OnlineSubsystemGooglePlay
LogPluginManager: Mounting plugin OnlineSubsystemIOS
LogPluginManager: Mounting plugin OnlineSubsystem
LogPluginManager: Mounting plugin OnlineSubsystemNull
LogPluginManager: Mounting plugin OnlineSubsystemUtils
LogPluginManager: Mounting plugin AndroidDeviceProfileSelector
LogPluginManager: Mounting plugin AndroidMoviePlayer
LogPluginManager: Mounting plugin AndroidPermission
LogPluginManager: Mounting plugin AppleARKit
LogPluginManager: Mounting plugin AppleMoviePlayer
LogPluginManager: Mounting plugin ArchVisCharacter
LogPluginManager: Mounting plugin CableComponent
LogPluginManager: Mounting plugin CustomMeshComponent
LogPluginManager: Mounting plugin ExampleDeviceProfileSelector
LogPluginManager: Mounting plugin GoogleCloudMessaging
LogPluginManager: Mounting plugin ImmediatePhysics
LogPluginManager: Mounting plugin IOSDeviceProfileSelector
LogPluginManager: Mounting plugin LinuxDeviceProfileSelector
LogPluginManager: Mounting plugin LocationServicesBPLibrary
LogPluginManager: Mounting plugin MobilePatchingUtils
LogPluginManager: Mounting plugin OculusVR
LogPluginManager: Plugin shader directory ../../../Engine/Plugins/Runtime/Oculus/OculusVR/Shaders found
LogPluginManager: Mapping shader source directory ../../../Engine/Plugins/Runtime/Oculus/OculusVR/Shaders to virtual directory /Plugin/OculusVR
LogPluginManager: Mounting plugin PhysXVehicles
LogPluginManager: Mounting plugin ProceduralMeshComponent
LogPluginManager: Mounting plugin RuntimePhysXCooking
LogPluginManager: Mounting plugin SteamVR
LogPluginManager: Mounting plugin WindowsMoviePlayer
LogInit: Using libcurl 7.47.1
LogInit:  - built for x86_64-pc-win32
LogInit:  - supports SSL with OpenSSL/1.0.2g
LogInit:  - supports HTTP deflate (compression) using libz 1.2.8
LogInit:  - other features:
LogInit:      CURL_VERSION_SSL
LogInit:      CURL_VERSION_LIBZ
LogInit:      CURL_VERSION_IPV6
LogInit:      CURL_VERSION_ASYNCHDNS
LogInit:      CURL_VERSION_LARGEFILE
LogInit:      CURL_VERSION_IDN
LogInit:  CurlRequestOptions (configurable via config and command line):
LogInit:  - bVerifyPeer = false  - Libcurl will NOT verify peer certificate
LogInit:  - bUseHttpProxy = false  - Libcurl will NOT use HTTP proxy
LogInit:  - bDontReuseConnections = false  - Libcurl will reuse connections
LogInit:  - CertBundlePath = nullptr  - Libcurl will use whatever was configured at build time.
LogInit: Build: ++UE4+Release-4.18-CL-3794801
LogInit: Engine Version: 4.18.2-3794801+++UE4+Release-4.18
LogInit: Compatible Engine Version: 4.18.0-3709383+++UE4+Release-4.18
LogInit: Net CL: 3709383
LogDevObjectVersion: Number of dev versions registered: 16
LogDevObjectVersion:   Dev-Blueprints (B0D832E4-1F89-4F0D-ACCF-7EB736FD4AA2): 10
LogDevObjectVersion:   Dev-Build (E1C64328-A22C-4D53-A36C-8E866417BD8C): 0
LogDevObjectVersion:   Dev-Core (375EC13C-06E4-48FB-B500-84F0262A717E): 2
LogDevObjectVersion:   Dev-Editor (E4B068ED-F494-42E9-A231-DA0B2E46BB41): 20
LogDevObjectVersion:   Dev-Framework (CFFC743F-43B0-4480-9391-14DF171D2073): 30
LogDevObjectVersion:   Dev-Mobile (B02B49B5-BB20-44E9-A304-32B752E40360): 0
LogDevObjectVersion:   Dev-Networking (A4E4105C-59A1-49B5-A7C5-40C4547EDFEE): 0
LogDevObjectVersion:   Dev-Online (39C831C9-5AE6-47DC-9A44-9C173E1C8E7C): 0
LogDevObjectVersion:   Dev-Physics (78F01B33-EBEA-4F98-B9B4-84EACCB95AA2): 0
LogDevObjectVersion:   Dev-Platform (6631380F-2D4D-43E0-8009-CF276956A95A): 0
LogDevObjectVersion:   Dev-Rendering (12F88B9F-8875-4AFC-A67C-D90C383ABD29): 20
LogDevObjectVersion:   Dev-Sequencer (7B5AE74C-D270-4C10-A958-57980B212A5A): 4
LogDevObjectVersion:   Dev-VR (D7296918-1DD6-4BDD-9DE2-64A83CC13884): 0
LogDevObjectVersion:   Dev-LoadTimes (C2A15278-BFE7-4AFE-6C17-90FF531DF755): 1
LogDevObjectVersion:   Private-Geometry (6EACA3D4-40EC-4CC1-B786-8BED09428FC5): 1
LogDevObjectVersion:   Dev-AnimPhys (29E575DD-E0A3-4627-9D10-D276232CDCEA): 12
LogInit: Compiled (64-bit): Dec  8 2017 02:04:53
LogInit: Compiled with Visual C++: 19.00.24215.01
LogInit: Build Configuration: Development
LogInit: Branch Name: ++UE4+Release-4.18
LogInit: Command line:  
LogInit: Base directory: C:/Program Files/Epic Games/UE_4.18/Engine/Binaries/Win64/
LogInit: Installed Engine Build: 1
LogInit: Presizing for max 8388607 objects, including 0 objects not considered by GC, pre-allocating 0 bytes for permanent pool.
LogInit: Object subsystem initialized
[2018.01.16-04.47.29:637][  0]LogInit: Selected Device Profile: [Windows]
[2018.01.16-04.47.29:637][  0]LogInit: Applying CVar settings loaded from the selected device profile: [Windows]
[2018.01.16-04.47.29:653][  0]LogInit: Computer: DESKTOP-LNEO1MM
[2018.01.16-04.47.29:653][  0]LogInit: User: yudainishikawa
[2018.01.16-04.47.29:653][  0]LogInit: CPU Page size=4096, Cores=4
[2018.01.16-04.47.29:653][  0]LogInit: High frequency timer resolution =2.531248 MHz
[2018.01.16-04.47.29:654][  0]LogMemory: Memory total: Physical=7.9GB (8GB approx)
[2018.01.16-04.47.29:654][  0]LogMemory: Platform Memory Stats for Windows
[2018.01.16-04.47.29:654][  0]LogMemory: Process Physical Memory: 273.86 MB used, 273.86 MB peak
[2018.01.16-04.47.29:654][  0]LogMemory: Process Virtual Memory: 269.86 MB used, 269.86 MB peak
[2018.01.16-04.47.29:654][  0]LogMemory: Physical Memory: 4110.25 MB used,  3954.71 MB free, 8064.96 MB total
[2018.01.16-04.47.29:654][  0]LogMemory: Virtual Memory: 677.30 MB used,  3954.71 MB free, 134217728.00 MB total
[2018.01.16-04.47.30:526][  0]LogInit: Using OS detected language (ja-JP).
[2018.01.16-04.47.30:526][  0]LogInit: Using OS detected locale (ja-JP).
[2018.01.16-04.47.30:530][  0]LogTextLocalizationManager: No specific localization for 'ja-JP' exists, so the 'ja' localization will be used.
[2018.01.16-04.47.30:770][  0]LogInit: Setting process to per monitor DPI aware
[2018.01.16-04.47.31:160][  0]LogD3D11RHI: D3D11 adapters:
[2018.01.16-04.47.31:216][  0]LogD3D11RHI:    0. 'NVIDIA GeForce GTX 960M' (Feature Level 11_0)
[2018.01.16-04.47.31:216][  0]LogD3D11RHI:       4065/0/4032 MB DedicatedVideo/DedicatedSystem/SharedSystem, Outputs:1, VendorId:0x10de
[2018.01.16-04.47.31:232][  0]LogD3D11RHI:    1. 'Intel(R) HD Graphics 530' (Feature Level 11_0)
[2018.01.16-04.47.31:232][  0]LogD3D11RHI:       128/0/4032 MB DedicatedVideo/DedicatedSystem/SharedSystem, Outputs:0, VendorId:0x8086
[2018.01.16-04.47.31:237][  0]LogD3D11RHI:    2. 'Microsoft Basic Render Driver' (Feature Level 11_0)
[2018.01.16-04.47.31:237][  0]LogD3D11RHI:       0/0/4032 MB DedicatedVideo/DedicatedSystem/SharedSystem, Outputs:0, VendorId:0x1414
[2018.01.16-04.47.31:237][  0]LogD3D11RHI: Chosen D3D11 Adapter: 0
[2018.01.16-04.47.31:253][  0]LogD3D11RHI: Creating new Direct3DDevice
[2018.01.16-04.47.31:253][  0]LogD3D11RHI:     GPU DeviceId: 0x139b (for the marketing name, search the web for "GPU Device Id")
[2018.01.16-04.47.31:253][  0]LogWindows: EnumDisplayDevices:
[2018.01.16-04.47.31:253][  0]LogWindows:    0. 'Intel(R) HD Graphics 530' (P:1 D:1)
[2018.01.16-04.47.31:254][  0]LogWindows:    1. 'Intel(R) HD Graphics 530' (P:0 D:0)
[2018.01.16-04.47.31:255][  0]LogWindows:    2. 'Intel(R) HD Graphics 530' (P:0 D:0)
[2018.01.16-04.47.31:255][  0]LogWindows: DebugString: GetVideoDriverDetailsInvalid PrimaryIsNotTheChoosenAdapter GetVideoDriverDetailsInvalid PrimaryIsNotTheChoosenAdapter GetVideoDriverDetailsInvalid PrimaryIsNotTheChoosenAdapter FoundDriverCount:0 
[2018.01.16-04.47.31:255][  0]LogD3D11RHI:     Adapter Name: NVIDIA GeForce GTX 960M
[2018.01.16-04.47.31:255][  0]LogD3D11RHI:   Driver Version: Unknown (internal:Unknown, unified:Unknown)
[2018.01.16-04.47.31:255][  0]LogD3D11RHI:      Driver Date: Unknown
[2018.01.16-04.47.31:255][  0]LogRHI: Texture pool is 2846 MB (70% of 4065 MB)
[2018.01.16-04.47.31:306][  0]LogD3D11RHI: Async texture creation enabled
[2018.01.16-04.47.31:325][  0]LogD3D11RHI: GPU Timing Frequency: 1000.000000 (Debug: 2 1)
[2018.01.16-04.47.31:326][  0]LogShaderCompilers: Guid format shader working directory is -17 characters bigger than the processId version (../../../../../../Users/yudai nishikawa/Desktop/git/Graduation/Graduation/Intermediate/Shaders/WorkingDirectory/9468/).
[2018.01.16-04.47.31:326][  0]LogShaderCompilers: Cleaned the shader compiler working directory 'C:/Users/yudai nishikawa/AppData/Local/Temp/UnrealShaderWorkingDir/7A2D86764821A6400012F1941E74585B/'.
[2018.01.16-04.47.31:326][  0]LogShaderCompilers: Display: Using Local Shader Compiler.
[2018.01.16-04.47.32:364][  0]LogTemp: Display: Loaded TP AllDesktopTargetPlatform
[2018.01.16-04.47.32:414][  0]LogTemp: Display: Loaded TP MacClientTargetPlatform
[2018.01.16-04.47.32:466][  0]LogTemp: Display: Loaded TP MacNoEditorTargetPlatform
[2018.01.16-04.47.32:549][  0]LogTemp: Display: Loaded TP MacServerTargetPlatform
[2018.01.16-04.47.32:659][  0]LogTemp: Display: Loaded TP MacTargetPlatform
[2018.01.16-04.47.32:726][  0]LogTemp: Display: Loaded TP WindowsClientTargetPlatform
[2018.01.16-04.47.32:778][  0]LogTemp: Display: Loaded TP WindowsNoEditorTargetPlatform
[2018.01.16-04.47.32:829][  0]LogTemp: Display: Loaded TP WindowsServerTargetPlatform
[2018.01.16-04.47.32:873][  0]LogTemp: Display: Loaded TP WindowsTargetPlatform
[2018.01.16-04.47.32:928][  0]LogTemp: Display: Loaded TP Android_ASTCTargetPlatform
[2018.01.16-04.47.32:984][  0]LogTemp: Display: Loaded TP Android_ATCTargetPlatform
[2018.01.16-04.47.33:035][  0]LogTemp: Display: Loaded TP Android_DXTTargetPlatform
[2018.01.16-04.47.33:084][  0]LogTemp: Display: Loaded TP Android_ETC1TargetPlatform
[2018.01.16-04.47.33:132][  0]LogTemp: Display: Loaded TP Android_ETC2TargetPlatform
[2018.01.16-04.47.33:233][  0]LogTemp: Display: Loaded TP Android_MultiTargetPlatform
[2018.01.16-04.47.33:233][  0]LogTemp: Display: Loaded TP Android_PVRTCTargetPlatform
[2018.01.16-04.47.33:309][  0]LogTemp: Display: Loaded TP AndroidTargetPlatform
[2018.01.16-04.47.33:348][  0]LogTemp: Display: Loaded TP HTML5TargetPlatform
[2018.01.16-04.47.33:440][  0]LogTemp: Display: Loaded TP IOSTargetPlatform
[2018.01.16-04.47.33:496][  0]LogTemp: Display: Loaded TP TVOSTargetPlatform
[2018.01.16-04.47.33:565][  0]LogTemp: Display: Loaded TP LinuxClientTargetPlatform
[2018.01.16-04.47.33:670][  0]LogTemp: Display: Loaded TP LinuxNoEditorTargetPlatform
[2018.01.16-04.47.33:725][  0]LogTemp: Display: Loaded TP LinuxServerTargetPlatform
[2018.01.16-04.47.33:777][  0]LogTemp: Display: Loaded TP LinuxTargetPlatform
[2018.01.16-04.47.33:777][  0]LogTargetPlatformManager: Display: Building Assets For Windows
[2018.01.16-04.47.34:418][  0]LogDerivedDataCache: Display: Max Cache Size: 512 MB
[2018.01.16-04.47.34:508][  0]LogDerivedDataCache: Loaded boot cache 0.09s 78MB C:/Users/yudai nishikawa/AppData/Local/UnrealEngine/4.18/DerivedDataCache/Boot.ddc.
[2018.01.16-04.47.34:508][  0]LogDerivedDataCache: Display: Loaded Boot cache: C:/Users/yudai nishikawa/AppData/Local/UnrealEngine/4.18/DerivedDataCache/Boot.ddc
[2018.01.16-04.47.34:508][  0]LogDerivedDataCache: FDerivedDataBackendGraph:  Pak pak cache file ../../../../../../Users/yudai nishikawa/Desktop/git/Graduation/Graduation/DerivedDataCache/DDC.ddp not found, will not use a pak cache.
[2018.01.16-04.47.34:508][  0]LogDerivedDataCache: Unable to find inner node Pak for hierarchical cache Hierarchy.
[2018.01.16-04.47.34:509][  0]LogDerivedDataCache: FDerivedDataBackendGraph:  CompressedPak pak cache file ../../../../../../Users/yudai nishikawa/Desktop/git/Graduation/Graduation/DerivedDataCache/Compressed.ddp not found, will not use a pak cache.
[2018.01.16-04.47.34:509][  0]LogDerivedDataCache: Unable to find inner node CompressedPak for hierarchical cache Hierarchy.
[2018.01.16-04.47.34:537][  0]LogDerivedDataCache: Display: Pak cache opened for reading ../../../Engine/DerivedDataCache/Compressed.ddp.
[2018.01.16-04.47.34:549][  0]LogDerivedDataCache: Using Local data cache path C:/Users/yudai nishikawa/AppData/Local/UnrealEngine/Common/DerivedDataCache: Writable
[2018.01.16-04.47.34:559][  0]LogMaterial: Verifying Global Shaders for PCD3D_SM5
[2018.01.16-04.47.34:559][  0]LogSlate: Using Freetype 2.6.0
[2018.01.16-04.47.34:560][  0]LogSlate: SlateFontCache - WITH_FREETYPE: 1, WITH_HARFBUZZ: 1
[2018.01.16-04.47.34:560][  0]LogSlate: SlateFontCache - WITH_FREETYPE: 1, WITH_HARFBUZZ: 1
[2018.01.16-04.47.34:960][  0]LogInit: Selected Device Profile: [Windows]
[2018.01.16-04.47.35:385][  0]LogSimplygon: Simplygon DLL not present - disabling.
[2018.01.16-04.47.35:427][  0]LogMeshReduction: Using SimplygonSwarm for distributed automatic mesh merging
[2018.01.16-04.47.35:427][  0]LogMeshReduction: Using QuadricMeshReduction for automatic static mesh reduction
[2018.01.16-04.47.35:427][  0]LogMeshReduction: No automatic skeletal mesh reduction module available
[2018.01.16-04.47.35:427][  0]LogMeshReduction: No automatic mesh merging module available
[2018.01.16-04.47.35:427][  0]LogMeshMerging: No automatic mesh merging module available
[2018.01.16-04.47.35:463][  0]LogNetVersion: Graduation , NetCL: 3709383, EngineNetVer: 2, GameNetVer: 0 (Checksum: 1134082851)
[2018.01.16-04.47.35:874][  0]LogAssetRegistry: FAssetRegistry took 0.0270 seconds to start up
[2018.01.16-04.47.37:032][  0]LogPackageLocalizationCache: Processed 7 localized package path(s) for 2 prioritized culture(s) in 0.118864 seconds
[2018.01.16-04.47.37:038][  0]LogUObjectArray: 35900 objects as part of root set at end of initial load.
[2018.01.16-04.47.37:038][  0]LogUObjectAllocator: 7372016 out of 0 bytes used by permanent object pool.
[2018.01.16-04.47.37:038][  0]LogUObjectArray: CloseDisregardForGC: 0/0 objects in disregard for GC pool
[2018.01.16-04.47.37:114][  0]LogInit: WinSock: version 1.1 (2.2), MaxSocks=32767, MaxUdp=65467
[2018.01.16-04.47.40:698][  0]LogTcpMessaging: Initializing TcpMessaging bridge
[2018.01.16-04.47.40:771][  0]LogUdpMessaging: Initializing bridge on interface 0.0.0.0:0 to multicast group 230.0.0.1:6666.
[2018.01.16-04.47.41:666][  0]LogMaterial: Uniform references updated for custom material expression Custom.
[2018.01.16-04.47.42:362][  0]SourceControl: ソースコントロールは無効です
[2018.01.16-04.47.42:362][  0]SourceControl: ソースコントロールは無効です
[2018.01.16-04.47.42:418][  0]SourceControl: ソースコントロールは無効です
[2018.01.16-04.47.42:517][  0]SourceControl: ソースコントロールは無効です
[2018.01.16-04.47.43:718][  0]LogAndroidPermission: UAndroidPermissionCallbackProxy::GetInstance
[2018.01.16-04.47.44:191][  0]LogOcInput: OculusInput pre-init called
[2018.01.16-04.47.44:595][  0]LogEngine: Initializing Engine...
[2018.01.16-04.47.44:598][  0]LogHMD: Failed to initialize OpenVR with code 110
[2018.01.16-04.47.45:035][  0]LogStats: UGameplayTagsManager::ConstructGameplayTagTree: Construct from data asset -  0.000 s
[2018.01.16-04.47.45:035][  0]LogStats: UGameplayTagsManager::ConstructGameplayTagTree: GameplayTagTreeChangedEvent.Broadcast -  0.000 s
[2018.01.16-04.47.45:179][  0]LogAIModule: Creating AISystem for world Untitled
[2018.01.16-04.47.45:187][  0]LogInit: XAudio2 using 'スピーカー / ヘッドホン (Realtek High Definition Audio)' : 2 channels at 48 kHz using 32 bits per sample (channel mask 0x3)
[2018.01.16-04.47.45:637][  0]LogInit: FAudioDevice initialized.
[2018.01.16-04.47.45:813][  0]LogDerivedDataCache: Saved boot cache 0.18s 78MB C:/Users/yudai nishikawa/AppData/Local/UnrealEngine/4.18/DerivedDataCache/Boot.ddc.
[2018.01.16-04.47.45:835][  0]LogInit: Texture streaming: Enabled
[2018.01.16-04.47.45:989][  0]LogEngineSessionManager: EngineSessionManager initialized
[2018.01.16-04.47.46:123][  0]LogInit: Transaction tracking system initialized
[2018.01.16-04.47.46:478][  0]BlueprintLog: New page: エディタの読み込み
[2018.01.16-04.47.47:498][  0]LocalizationService: ローカライズのサービスが無効になりました
[2018.01.16-04.47.48:411][  0]LogConsoleResponse: Display: 
[2018.01.16-04.47.48:641][  0]LogCook: Display: Max memory allowance for cook 16384mb min free memory 0mb
[2018.01.16-04.47.48:641][  0]LogCook: Display: Mobile HDR setting 1
[2018.01.16-04.47.48:641][  0]LogGameplayTags: Display: UGameplayTagsManager::DoneAddingNativeTags. DelegateIsBound: 0
[2018.01.16-04.47.49:536][  0]LogFileCache: Scanning file cache for directory 'C:/Users/yudai nishikawa/Desktop/git/Graduation/Graduation/Content/' took 0.02s
[2018.01.16-04.47.50:287][  0]SourceControl: ソースコントロールは無効です
[2018.01.16-04.47.50:287][  0]Cmd: MAP LOAD FILE="../../../../../../Users/yudai nishikawa/Desktop/git/Graduation/Graduation/Content/ThirdPersonBP/Maps/ThirdPersonExampleMap.umap" TEMPLATE=0 SHOWPROGRESS=1 FEATURELEVEL=3
[2018.01.16-04.47.50:288][  0]LightingResults: New page: ライティングのビルド
[2018.01.16-04.47.50:332][  0]MapCheck: New page: マップをチェック
[2018.01.16-04.47.50:332][  0]LightingResults: New page: <何も選択されていません>
[2018.01.16-04.47.50:912][  0]LogMaterial: Missing cached shader map for material BasicShapeMaterial, compiling. 
[2018.01.16-04.47.51:095][  0]LogAIModule: Creating AISystem for world ThirdPersonExampleMap
[2018.01.16-04.47.51:110][  0]LogEditorServer: Finished looking for orphan Actors (0.000 secs)
[2018.01.16-04.47.51:128][  0]Cmd: MAP CHECKDEP NOCLEARLOG
[2018.01.16-04.47.51:197][  0]MapCheck: マップチェックが完了: 0 エラー、 0 警告、完了に 68.632ミリ秒かかりました。
[2018.01.16-04.47.51:197][  0]LogFileHelpers: Loading map 'ThirdPersonExampleMap' took 0.909
[2018.01.16-04.47.51:301][  0]LogWindowsTextInputMethodSystem: Display: IME system now activated using TSF (Microsoft IME).
[2018.01.16-04.47.51:435][  0]LogCollectionManager: Loaded 0 collections in 0.003244 seconds
[2018.01.16-04.47.51:539][  0]LogFileCache: Scanning file cache for directory 'C:/Users/yudai nishikawa/Desktop/git/Graduation/Graduation/Saved/Collections/' took 0.01s
[2018.01.16-04.47.51:539][  0]LogFileCache: Scanning file cache for directory 'C:/Users/yudai nishikawa/Desktop/git/Graduation/Graduation/Content/Developers/yudainishikawa/Collections/' took 0.01s
[2018.01.16-04.47.51:539][  0]LogFileCache: Scanning file cache for directory 'C:/Users/yudai nishikawa/Desktop/git/Graduation/Graduation/Content/Collections/' took 0.01s
[2018.01.16-04.47.51:539][  0]LogCollectionManager: Rebuilt the GUID cache for 0 collections in 0.000000 seconds
[2018.01.16-04.47.51:553][  0]LogContentBrowser: Native class hierarchy populated in 0.0140 seconds. Added 2363 classes and 519 folders.
[2018.01.16-04.47.51:658][  0]LogContentBrowser: Native class hierarchy updated for 'WidgetCarousel' in 0.0004 seconds. Added 0 classes and 0 folders.
[2018.01.16-04.47.51:711][  0]LogContentBrowser: Native class hierarchy updated for 'AddContentDialog' in 0.0002 seconds. Added 0 classes and 0 folders.
[2018.01.16-04.47.51:767][  0]LogContentBrowser: Native class hierarchy updated for 'SceneOutliner' in 0.0002 seconds. Added 1 classes and 2 folders.
[2018.01.16-04.47.51:784][  0]LogSlate: Took 0.000295 seconds to synchronously load lazily loaded font '../../../Engine/Content/Slate/Fonts/Roboto-Regular.ttf' (155K)
[2018.01.16-04.47.51:791][  0]LogSlate: Took 0.004514 seconds to synchronously load lazily loaded font '../../../Engine/Content/Slate/Fonts/DroidSansFallback.ttf' (3848K)
[2018.01.16-04.47.51:792][  0]LogSlate: Took 0.000250 seconds to synchronously load lazily loaded font '../../../Engine/Content/Slate/Fonts/Roboto-Bold.ttf' (160K)
[2018.01.16-04.47.51:799][  0]LogSlate: Took 0.000233 seconds to synchronously load lazily loaded font '../../../Engine/Content/Editor/Slate/Fonts/FontAwesome.ttf' (139K)
[2018.01.16-04.47.51:930][  0]LogRenderer: Reallocating scene render targets to support 916x460 Format 10 NumSamples 1 (Frame:1).
[2018.01.16-04.47.52:150][  0]LogContentBrowser: Native class hierarchy updated for 'HierarchicalLODOutliner' in 0.0004 seconds. Added 1 classes and 2 folders.
[2018.01.16-04.47.52:151][  0]LogLoad: (Engine Initialization) Total time: 25.50 seconds
[2018.01.16-04.47.52:151][  0]LogLoad: (Engine Initialization) Total Blueprint compile time: 0.00 seconds
[2018.01.16-04.47.52:151][  0]LogExternalProfiler: Found external profiler: VSPerf
[2018.01.16-04.47.52:151][  0]LogExternalProfiler: Using external profiler: VSPerf
[2018.01.16-04.47.52:183][  0]LogContentStreaming: Texture pool size now 1000 MB
[2018.01.16-04.47.52:232][  0]LogSlate: Took 0.000196 seconds to synchronously load lazily loaded font '../../../Engine/Content/Slate/Fonts/Roboto-Light.ttf' (159K)
[2018.01.16-04.47.52:277][  1]LogAssetRegistry: Asset discovery search completed in 16.4249 seconds
[2018.01.16-04.47.52:280][  1]LogCollectionManager: Rebuilt the object cache for 0 collections in 0.000000 seconds (found 0 objects)
[2018.01.16-04.47.52:280][  1]LogCollectionManager: Fixed up redirectors for 0 collections in 0.000073 seconds (updated 0 objects)
[2018.01.16-04.49.21:153][579]MapCheck: New page: マップをチェック
[2018.01.16-04.49.21:287][579]Cmd: MAP REBUILD ALLVISIBLE
[2018.01.16-04.49.21:287][579]LogEditorServer: Rebuildmap Clear paths rebuilt
[2018.01.16-04.49.21:582][579]LogMaterial: Missing cached shader map for material FDebugViewModeMaterialProxy WorldGridMaterial, compiling. Is special engine material.
[2018.01.16-04.49.21:591][579]LogMaterial: Missing cached shader map for material FDebugViewModeMaterialProxy MaterialInstanceDynamic_1, compiling. 
[2018.01.16-04.49.21:599][579]LogMaterial: Missing cached shader map for material FDebugViewModeMaterialProxy HelpActorMaterial, compiling. 
[2018.01.16-04.49.21:609][579]LogMaterial: Missing cached shader map for material FDebugViewModeMaterialProxy RampMaterial, compiling. 
[2018.01.16-04.49.21:665][579]LogMaterial: Missing cached shader map for material FDebugViewModeMaterialProxy CubeMaterial, compiling. 
[2018.01.16-04.49.21:697][579]LogMaterial: Missing cached shader map for material FDebugViewModeMaterialProxy DefaultTextMaterialOpaque, compiling. 
[2018.01.16-04.49.21:721][579]LogMaterial: Missing cached shader map for material FDebugViewModeMaterialProxy BasicShapeMaterial, compiling. 
[2018.01.16-04.49.21:777][579]LogMaterial: Missing cached shader map for material FDebugViewModeMaterialProxy M_UE4Man_Body, compiling. 
[2018.01.16-04.49.21:802][579]LogMaterial: Missing cached shader map for material FDebugViewModeMaterialProxy M_UE4Man_ChestLogo, compiling. 
[2018.01.16-04.49.21:832][579]LogMaterial: Missing cached shader map for material FDebugViewModeMaterialProxy MatineeCam_mat, compiling. 
[2018.01.16-04.49.22:601][579]TextureStreamingBuild: Display: Compiling optional shaders took 1.029 seconds.
[2018.01.16-04.49.22:654][579]LogLevel: Display: Export Material TexCoord Scales took 0.053 seconds.
[2018.01.16-04.49.22:672][579]TextureStreamingBuild: Display: Build Texture Streaming took 0.017 seconds.
[2018.01.16-04.49.22:718][579]LightingResults: New page: ライティングのビルド - 2018/01/16 22:49:22
[2018.01.16-04.49.22:975][579]LogSwarmInterface: [OpenConnection] Registering TCP channel ...
[2018.01.16-04.49.23:178][579]LogSwarmInterface: [OpenConnection] Connecting to agent ...
[2018.01.16-04.49.23:194][579]LogSwarmInterface: [TryOpenConnection] Testing the Agent
[2018.01.16-04.49.25:371][579]LogSwarmInterface: Error: [TryOpenConnection] Waiting for the agent to start up ...
[2018.01.16-04.49.25:394][579]LogSwarmInterface: Error: System.Net.Sockets.SocketException (0x80004005): 対象のコンピューターによって拒否されたため、接続できませんでした。 127.0.0.1:8008

Server stack trace: 
   場所 System.Net.Sockets.Socket.DoConnect(EndPoint endPointSnapshot, SocketAddress socketAddress)
   場所 System.Net.Sockets.Socket.Connect(EndPoint remoteEP)
   場所 System.Runtime.Remoting.Channels.RemoteConnection.CreateNewSocket(EndPoint ipEndPoint)
   場所 System.Runtime.Remoting.Channels.SocketCache.GetSocket(String machinePortAndSid, Boolean openNew)
   場所 System.Runtime.Remoting.Channels.Tcp.TcpClientTransportSink.SendRequestWithRetry(IMessage msg, ITransportHeaders requestHeaders, Stream requestStream)
   場所 System.Runtime.Remoting.Channels.Tcp.TcpClientTransportSink.AsyncProcessRequest(IClientChannelSinkStack sinkStack, IMessage msg, ITransportHeaders headers, Stream stream)
   場所 System.Runtime.Remoting.Channels.BinaryClientFormatterSink.AsyncProcessMessage(IMessage msg, IMessageSink replySink)

Exception rethrown at [0]: 
   場所 System.Runtime.Remoting.Proxies.RealProxy.HandleReturnMessage(IMessage reqMsg, IMessage retMsg)
   場所 System.Runtime.Remoting.Proxies.RealProxy.PrivateInvoke(MessageData& msgData, Int32 type)
   場所 NSwarm.IAgentInterfaceWrapper.MethodDelegate.EndInvoke(Hashtable& OutParameters, IAsyncResult result)
   場所 NSwarm.FSwarmInterface.TryOpenConnection(FConnectionCallback CallbackFunc, IntPtr CallbackData, ELogFlags LoggingFlags)
[2018.01.16-04.49.30:434][579]LogSwarmInterface: [TryOpenConnection] Opening Connection to Agent
[2018.01.16-04.49.30:435][579]LogSwarmInterface: [TryOpenConnection] Local Process ID is 9468
[2018.01.16-04.49.35:128][579]LogStaticLightingSystem: Running Lightmass w/ ImmediateImport mode ENABLED
[2018.01.16-04.49.35:129][579]LogStaticLightingSystem: Running Lightmass w/ ImmediateProcess mode ENABLED
[2018.01.16-04.49.35:129][579]LogStaticLightingSystem: Running Lightmass w/ Sorting mode ENABLED
[2018.01.16-04.49.35:129][579]LogStaticLightingSystem: Running Lightmass w/ Mapping paddings ENABLED
[2018.01.16-04.49.35:129][579]LogStaticLightingSystem: Running Lightmass w/ Mapping debug paddings DISABLED
[2018.01.16-04.49.35:543][579]Cmd: MAP CHECK DONTDISPLAYDIALOG
[2018.01.16-04.49.35:543][579]MapCheck: New page: ThirdPersonExampleMap - 2018/01/16 22:49:35
[2018.01.16-04.49.35:584][579]MapCheck: Error: WorldInfo_0 マップはライティングの再ビルドが必要です 
[2018.01.16-04.49.35:673][579]MapCheck: マップチェックが完了: 1 エラー、 0 警告、完了に 130.41ミリ秒かかりました。
[2018.01.16-04.49.35:696][579]LogEditorBuildUtils: Build time 0:14
[2018.01.16-04.49.36:173][580]LogMaterial: Missing cached shader map for material FLightmassMaterialRenderer BasicShapeMaterial, compiling. 
[2018.01.16-04.49.36:193][580]LogMaterial: Missing cached shader map for material FLightmassMaterialRenderer BasicShapeMaterial, compiling. 
[2018.01.16-04.49.45:801][608]Job is a success!
[2018.01.16-04.49.46:171][609]LogSlate: Took 0.000495 seconds to synchronously load lazily loaded font '../../../Engine/Content/Slate/Fonts/Roboto-Light.ttf' (159K)
[2018.01.16-04.49.46:472][609]LogVolumetricLightmapImport: Imported Volumetric Lightmap in 0.030s
[2018.01.16-04.49.46:472][609]LogVolumetricLightmapImport:      Indirection Texture 16x16x16 = 0.0Mb
[2018.01.16-04.49.46:473][609]LogVolumetricLightmapImport:      BrickData 245x5x5 = 0.2Mb
[2018.01.16-04.49.46:473][609]LogVolumetricLightmapImport:      Bricks at Level
[2018.01.16-04.49.46:473][609]LogVolumetricLightmapImport:          0: 2.0% covering 100.0% of volume
[2018.01.16-04.49.46:473][609]LogVolumetricLightmapImport:          1: 8.2% covering 6.3% of volume
[2018.01.16-04.49.46:473][609]LogVolumetricLightmapImport:          2: 89.8% covering 1.1% of volume
[2018.01.16-04.49.47:237][609]LogTexture: Display: Building textures: SkyOcclusion1_2 (AutoDXT, 512X256)
[2018.01.16-04.49.47:237][609]LogTexture: Display: Building textures: LQ_Lightmap_1_1 (DXT1, 1024X1024)
[2018.01.16-04.49.47:237][609]LogTexture: Display: Building textures: SkyOcclusion1_1 (AutoDXT, 1024X512)
[2018.01.16-04.49.47:237][609]LogTexture: Display: Building textures: HQ_Lightmap1_1 (AutoDXT, 1024X1024)
[2018.01.16-04.49.47:237][609]LogTexture: Display: Building textures: HQ_Lightmap1_2 (AutoDXT, 512X512)
[2018.01.16-04.49.47:237][609]LogTexture: Display: Building textures: LQ_Lightmap_1_2 (DXT1, 512X512)
[2018.01.16-04.49.47:237][609]LogTexture: Display: Building textures: SkyOcclusion1_3 (AutoDXT, 64X32)
[2018.01.16-04.49.47:237][609]LogTexture: Display: Building textures: HQ_Lightmap1_3 (AutoDXT, 64X64)
[2018.01.16-04.49.47:237][609]LogTexture: Display: Building textures: LQ_Lightmap_1_3 (DXT1, 64X64)
[2018.01.16-04.49.47:437][609]LogTexture: Display: Building textures: ShadowMapTexture2D_1 (G8, 32X32)
[2018.01.16-04.49.47:534][609]LogTexture: Display: Building textures: ShadowMapTexture2D_0 (G8, 1024X1024)
[2018.01.16-04.49.47:603][609]Lightmass on DESKTOP-LNEO1MM: 8.32 sec total, 614 ms importing, 84 ms setup, 1.87 sec photons, 5.54 sec processing, 0 ms extra exporting [13/13 mappings]. Threads: 38.6 sec total, 10.3 sec processing.
[2018.01.16-04.49.47:737][609]LogStaticLightingSystem: Illumination: 24.6 sec (625 ms encoding lightmaps, 295 ms encoding shadowmaps)
[2018.01.16-04.49.47:737][609]LogStaticLightingSystem: Lightmap texture memory:  3.3 MB (3.3 MB streaming, 0.0 MB non-streaming), 6 textures
[2018.01.16-04.49.47:737][609]LogStaticLightingSystem: Shadowmap texture memory: 1.3 MB (1.3 MB streaming, 0.0 MB non-streaming), 2 textures
[2018.01.16-04.49.48:042][609]DumpUnbuiltLightIteractions
[2018.01.16-04.49.48:042][609]Lights with unbuilt interactions: 0
[2018.01.16-04.49.48:042][609]
[2018.01.16-04.49.48:042][609]Primitives with unbuilt interactions: 0
[2018.01.16-04.49.48:050][610]Cmd: MAP CHECK NOTIFYRESULTS
[2018.01.16-04.49.48:050][610]MapCheck: New page: ThirdPersonExampleMap - 2018/01/16 22:49:48
[2018.01.16-04.49.48:111][610]MapCheck: マップチェックが完了: 0 エラー、 0 警告、完了に 60.928ミリ秒かかりました。
[2018.01.16-04.57.45:289][468]LogSlate: Took 0.000357 seconds to synchronously load lazily loaded font '../../../Engine/Content/Slate/Fonts/Roboto-Light.ttf' (159K)
[2018.01.16-04.57.54:691][733]LogSavePackage: Save=318.26ms
[2018.01.16-04.57.54:691][733]LogSavePackage: Moving '../../../../../../Users/yudai nishikawa/Desktop/git/Graduation/Graduation/Saved/ThirdPersonExampleMap_Auto1E04BF5A64CD57CE2ED41CE97013B2251.tmp' to '../../../../../../Users/yudai nishikawa/Desktop/git/Graduation/Graduation/Saved/Autosaves/Game/ThirdPersonBP/Maps/ThirdPersonExampleMap_Auto1.umap'
[2018.01.16-04.57.54:697][733]LogSavePackage: Display: Finished SavePackage ../../../../../../Users/yudai nishikawa/Desktop/git/Graduation/Graduation/Saved/Autosaves/Game/ThirdPersonBP/Maps/ThirdPersonExampleMap_Auto1.umap
[2018.01.16-04.57.54:714][733]LogFileHelpers: Editor autosave (incl. sublevels) for '/Game/ThirdPersonBP/Maps/ThirdPersonExampleMap' took 0.384
[2018.01.16-04.57.54:714][733]LogFileHelpers: Editor autosave (incl. sublevels) for all levels took 0.384
[2018.01.16-04.57.54:723][733]OBJ SavePackage: Generating thumbnails for [0] asset(s) in package [/Game/ThirdPersonBP/Maps/ThirdPersonExampleMap_BuiltData] ([1] browsable assets)...
[2018.01.16-04.57.54:723][733]OBJ SavePackage: Finished generating thumbnails for package [/Game/ThirdPersonBP/Maps/ThirdPersonExampleMap_BuiltData]
[2018.01.16-04.57.54:809][733]LogSavePackage: Save=52.20ms
[2018.01.16-04.57.54:809][733]LogSavePackage: Moving '../../../../../../Users/yudai nishikawa/Desktop/git/Graduation/Graduation/Saved/ThirdPersonExampleMap_BuiltData_3D2AFEED4AFC0C95E2AEDF9D04A0A563.tmp' to '../../../../../../Users/yudai nishikawa/Desktop/git/Graduation/Graduation/Saved/Autosaves/Game/ThirdPersonBP/Maps/ThirdPersonExampleMap_BuiltData_Auto1.uasset'
[2018.01.16-04.57.54:812][733]LogSavePackage: Display: Finished SavePackage ../../../../../../Users/yudai nishikawa/Desktop/git/Graduation/Graduation/Saved/Autosaves/Game/ThirdPersonBP/Maps/ThirdPersonExampleMap_BuiltData_Auto1.uasset
[2018.01.16-04.57.54:812][733]LogFileHelpers: Auto-saving content packages took 0.093
[2018.01.16-04.58.18:113][957]LogEditorViewport: Clicking on Actor (LMB): StaticMeshActor (Floor)
[2018.01.16-04.58.27:882][233]LogEditorViewport: Clicking on Actor (LMB): StaticMeshActor (CubeMesh)
[2018.01.16-04.58.30:499][309]Cmd: DELETE
[2018.01.16-04.58.30:499][309]Cmd: ACTOR DELETE
[2018.01.16-04.58.30:541][309]LogEditorActor: Deleted Actor: StaticMeshActor
[2018.01.16-04.58.30:559][309]LogEditorActor: Deleted 1 Actors (0.056 secs)
[2018.01.16-04.58.31:164][329]LogEditorViewport: Clicking on Actor (LMB): StaticMeshActor (Ramp_StaticMesh)
[2018.01.16-04.58.31:648][342]Cmd: DELETE
[2018.01.16-04.58.31:648][342]Cmd: ACTOR DELETE
[2018.01.16-04.58.31:650][342]LogEditorActor: Deleted Actor: StaticMeshActor
[2018.01.16-04.58.31:662][342]LogEditorActor: Deleted 1 Actors (0.014 secs)
[2018.01.16-04.58.32:414][365]LogEditorViewport: Clicking on Actor (LMB): StaticMeshActor (LeftArm_StaticMesh)
[2018.01.16-04.58.32:648][370]Cmd: DELETE
[2018.01.16-04.58.32:648][370]Cmd: ACTOR DELETE
[2018.01.16-04.58.32:651][370]LogEditorActor: Deleted Actor: StaticMeshActor
[2018.01.16-04.58.32:672][370]LogEditorActor: Deleted 1 Actors (0.024 secs)
[2018.01.16-04.58.33:481][395]LogEditorViewport: Clicking on Actor (LMB): StaticMeshActor (Bump_StaticMesh)
[2018.01.16-04.58.33:714][400]Cmd: DELETE
[2018.01.16-04.58.33:714][400]Cmd: ACTOR DELETE
[2018.01.16-04.58.33:717][400]LogEditorActor: Deleted Actor: StaticMeshActor
[2018.01.16-04.58.33:732][400]LogEditorActor: Deleted 1 Actors (0.018 secs)
[2018.01.16-04.58.34:648][428]LogEditorViewport: Clicking on Actor (LMB): StaticMeshActor (Linear_Stair_StaticMesh)
[2018.01.16-04.58.34:932][435]Cmd: DELETE
[2018.01.16-04.58.34:932][435]Cmd: ACTOR DELETE
[2018.01.16-04.58.34:937][435]LogEditorActor: Deleted Actor: StaticMeshActor
[2018.01.16-04.58.34:950][435]LogEditorActor: Deleted 1 Actors (0.018 secs)
[2018.01.16-04.58.35:897][464]LogEditorViewport: Clicking on Actor (LMB): StaticMeshActor (RightArm_StaticMesh)
[2018.01.16-04.58.36:447][479]Cmd: DELETE
[2018.01.16-04.58.36:447][479]Cmd: ACTOR DELETE
[2018.01.16-04.58.36:450][479]LogEditorActor: Deleted Actor: StaticMeshActor
[2018.01.16-04.58.36:466][479]LogEditorActor: Deleted 1 Actors (0.018 secs)
[2018.01.16-04.58.38:710][536]MapCheck: New page: マップをチェック
[2018.01.16-04.58.38:843][536]Cmd: MAP REBUILD ALLVISIBLE
[2018.01.16-04.58.38:843][536]LogEditorServer: Rebuildmap Clear paths rebuilt
[2018.01.16-04.58.38:986][536]LogMaterial: Missing cached shader map for material FDebugViewModeMaterialProxy WorldGridMaterial, compiling. Is special engine material.
[2018.01.16-04.58.38:993][536]LogMaterial: Missing cached shader map for material FDebugViewModeMaterialProxy MaterialInstanceDynamic_2, compiling. 
[2018.01.16-04.58.38:999][536]LogMaterial: Missing cached shader map for material FDebugViewModeMaterialProxy HelpActorMaterial, compiling. 
[2018.01.16-04.58.39:006][536]LogMaterial: Missing cached shader map for material FDebugViewModeMaterialProxy CubeMaterial, compiling. 
[2018.01.16-04.58.39:014][536]LogMaterial: Missing cached shader map for material FDebugViewModeMaterialProxy DefaultTextMaterialOpaque, compiling. 
[2018.01.16-04.58.39:024][536]LogMaterial: Missing cached shader map for material FDebugViewModeMaterialProxy BasicShapeMaterial, compiling. 
[2018.01.16-04.58.39:032][536]LogMaterial: Missing cached shader map for material FDebugViewModeMaterialProxy M_UE4Man_Body, compiling. 
[2018.01.16-04.58.39:043][536]LogMaterial: Missing cached shader map for material FDebugViewModeMaterialProxy M_UE4Man_ChestLogo, compiling. 
[2018.01.16-04.58.39:054][536]LogMaterial: Missing cached shader map for material FDebugViewModeMaterialProxy MatineeCam_mat, compiling. 
[2018.01.16-04.58.39:890][536]TextureStreamingBuild: Display: Compiling optional shaders took 0.909 seconds.
[2018.01.16-04.58.39:896][536]LogLevel: Display: Export Material TexCoord Scales took 0.006 seconds.
[2018.01.16-04.58.39:901][536]TextureStreamingBuild: Display: Build Texture Streaming took 0.005 seconds.
[2018.01.16-04.58.39:911][536]LightingResults: New page: ライティングのビルド - 2018/01/16 22:58:39
[2018.01.16-04.58.39:918][536]LogSwarmInterface: [OpenConnection] Registering TCP channel ...
[2018.01.16-04.58.39:920][536]LogSwarmInterface: [OpenConnection] Connecting to agent ...
[2018.01.16-04.58.39:920][536]LogSwarmInterface: [TryOpenConnection] Testing the Agent
[2018.01.16-04.58.39:922][536]LogSwarmInterface: [TryOpenConnection] Opening Connection to Agent
[2018.01.16-04.58.39:922][536]LogSwarmInterface: [TryOpenConnection] Local Process ID is 9468
[2018.01.16-04.58.44:443][536]LogStaticLightingSystem: Running Lightmass w/ ImmediateImport mode ENABLED
[2018.01.16-04.58.44:443][536]LogStaticLightingSystem: Running Lightmass w/ ImmediateProcess mode ENABLED
[2018.01.16-04.58.44:443][536]LogStaticLightingSystem: Running Lightmass w/ Sorting mode ENABLED
[2018.01.16-04.58.44:443][536]LogStaticLightingSystem: Running Lightmass w/ Mapping paddings ENABLED
[2018.01.16-04.58.44:443][536]LogStaticLightingSystem: Running Lightmass w/ Mapping debug paddings DISABLED
[2018.01.16-04.58.44:572][536]Cmd: MAP CHECK DONTDISPLAYDIALOG
[2018.01.16-04.58.44:573][536]MapCheck: New page: ThirdPersonExampleMap - 2018/01/16 22:58:44
[2018.01.16-04.58.44:688][536]MapCheck: マップチェックが完了: 0 エラー、 0 警告、完了に 114.872ミリ秒かかりました。
[2018.01.16-04.58.44:711][536]LogEditorBuildUtils: Build time 0:05
[2018.01.16-04.58.50:804][624]Job is a success!
[2018.01.16-04.58.51:013][625]LogVolumetricLightmapImport: Imported Volumetric Lightmap in 0.026s
[2018.01.16-04.58.51:013][625]LogVolumetricLightmapImport:      Indirection Texture 16x16x16 = 0.0Mb
[2018.01.16-04.58.51:013][625]LogVolumetricLightmapImport:      BrickData 245x5x5 = 0.2Mb
[2018.01.16-04.58.51:013][625]LogVolumetricLightmapImport:      Bricks at Level
[2018.01.16-04.58.51:013][625]LogVolumetricLightmapImport:          0: 2.0% covering 100.0% of volume
[2018.01.16-04.58.51:013][625]LogVolumetricLightmapImport:          1: 8.2% covering 6.3% of volume
[2018.01.16-04.58.51:013][625]LogVolumetricLightmapImport:          2: 89.8% covering 1.1% of volume
[2018.01.16-04.58.51:778][625]LogTexture: Display: Building textures: LQ_Lightmap_0_1 (DXT1, 1024X1024)
[2018.01.16-04.58.51:778][625]LogTexture: Display: Building textures: LQ_Lightmap_0_2 (DXT1, 128X128)
[2018.01.16-04.58.51:778][625]LogTexture: Display: Building textures: HQ_Lightmap0_2 (AutoDXT, 128X128)
[2018.01.16-04.58.51:778][625]LogTexture: Display: Building textures: SkyOcclusion0_3 (AutoDXT, 64X32)
[2018.01.16-04.58.51:778][625]LogTexture: Display: Building textures: HQ_Lightmap0_1 (AutoDXT, 1024X1024)
[2018.01.16-04.58.51:778][625]LogTexture: Display: Building textures: LQ_Lightmap_0_3 (DXT1, 64X64)
[2018.01.16-04.58.51:778][625]LogTexture: Display: Building textures: SkyOcclusion0_1 (AutoDXT, 1024X512)
[2018.01.16-04.58.51:778][625]LogTexture: Display: Building textures: SkyOcclusion0_2 (AutoDXT, 128X64)
[2018.01.16-04.58.51:778][625]LogTexture: Display: Building textures: HQ_Lightmap0_3 (AutoDXT, 64X64)
[2018.01.16-04.58.51:976][625]LogTexture: Display: Building textures: ShadowMapTexture2D_3 (G8, 32X32)
[2018.01.16-04.58.52:075][625]LogTexture: Display: Building textures: ShadowMapTexture2D_2 (G8, 1024X1024)
[2018.01.16-04.58.52:095][625]Lightmass on DESKTOP-LNEO1MM: 6.07 sec total, 221 ms importing, 43 ms setup, 1.34 sec photons, 4.44 sec processing, 0 ms extra exporting [7/7 mappings]. Threads: 30.9 sec total, 8.17 sec processing.
[2018.01.16-04.58.52:210][625]LogStaticLightingSystem: Illumination: 12.2 sec (638 ms encoding lightmaps, 293 ms encoding shadowmaps)
[2018.01.16-04.58.52:210][625]LogStaticLightingSystem: Lightmap texture memory:  2.7 MB (2.7 MB streaming, 0.0 MB non-streaming), 6 textures
[2018.01.16-04.58.52:210][625]LogStaticLightingSystem: Shadowmap texture memory: 1.3 MB (1.3 MB streaming, 0.0 MB non-streaming), 2 textures
[2018.01.16-04.58.57:451][625]DumpUnbuiltLightIteractions
[2018.01.16-04.58.57:451][625]Lights with unbuilt interactions: 0
[2018.01.16-04.58.57:451][625]
[2018.01.16-04.58.57:451][625]Primitives with unbuilt interactions: 0
[2018.01.16-04.58.57:469][626]Cmd: MAP CHECK NOTIFYRESULTS
[2018.01.16-04.58.57:469][626]MapCheck: New page: ThirdPersonExampleMap - 2018/01/16 22:58:57
[2018.01.16-04.58.57:567][626]MapCheck: マップチェックが完了: 0 エラー、 0 警告、完了に 98.325ミリ秒かかりました。
[2018.01.16-04.59.09:219][947]LogSavePackage: Save=313.06ms
[2018.01.16-04.59.09:220][947]LogSavePackage: Moving '../../../../../../Users/yudai nishikawa/Desktop/git/Graduation/Graduation/Saved/ThirdPersonExampleMap38811BDA445C5C7A7C5C9B8C40F894A4.tmp' to '../../../../../../Users/yudai nishikawa/Desktop/git/Graduation/Graduation/Content/ThirdPersonBP/Maps/ThirdPersonExampleMap.umap'
[2018.01.16-04.59.09:235][947]LogSavePackage: Display: Finished SavePackage ../../../../../../Users/yudai nishikawa/Desktop/git/Graduation/Graduation/Content/ThirdPersonBP/Maps/ThirdPersonExampleMap.umap
[2018.01.16-04.59.09:621][947]LogSavePackage: Save=274.29ms
[2018.01.16-04.59.09:621][947]LogSavePackage: Moving '../../../../../../Users/yudai nishikawa/Desktop/git/Graduation/Graduation/Saved/ThirdPersonExampleMap_BuiltData699F9A83424C23C47165578F2FA2F904.tmp' to '../../../../../../Users/yudai nishikawa/Desktop/git/Graduation/Graduation/Content/ThirdPersonBP/Maps/ThirdPersonExampleMap_BuiltData.uasset'
[2018.01.16-04.59.09:633][947]LogSavePackage: Display: Finished SavePackage ../../../../../../Users/yudai nishikawa/Desktop/git/Graduation/Graduation/Content/ThirdPersonBP/Maps/ThirdPersonExampleMap_BuiltData.uasset
[2018.01.16-05.05.32:552][690]Cmd: QUIT_EDITOR
[2018.01.16-05.05.32:623][690]LogWindowsTextInputMethodSystem: Display: IME system now activated using TSF (Microsoft IME).
[2018.01.16-05.05.32:670][690]LogExit: Preparing to exit.
[2018.01.16-05.05.33:365][690]LogDirectoryWatcher: A directory notification for 'C:/Users/yudai nishikawa/Desktop/git/Graduation/Graduation/Content/' was aborted.
[2018.01.16-05.05.33:411][690]LogExit: Editor shut down
[2018.01.16-05.05.33:426][690]LogExit: Transaction tracking system shut down
[2018.01.16-05.05.33:656][690]LogDirectoryWatcher: A directory notification for '../../../Engine/Content/' was aborted.
[2018.01.16-05.05.33:656][690]LogDirectoryWatcher: A directory notification for '../../../../../../Users/yudai nishikawa/Desktop/git/Graduation/Graduation/Content/' was aborted.
[2018.01.16-05.05.33:657][690]LogDirectoryWatcher: A directory notification for '../../../Engine/Plugins/2D/Paper2D/Content/' was aborted.
[2018.01.16-05.05.33:657][690]LogDirectoryWatcher: A directory notification for '../../../Engine/Plugins/Media/MediaCompositing/Content/' was aborted.
[2018.01.16-05.05.33:657][690]LogDirectoryWatcher: A directory notification for '../../../Engine/Plugins/Runtime/AppleARKit/Content/' was aborted.
[2018.01.16-05.05.33:657][690]LogDirectoryWatcher: A directory notification for '../../../Engine/Plugins/Runtime/Oculus/OculusVR/Content/' was aborted.
[2018.01.16-05.05.33:657][690]LogDirectoryWatcher: A directory notification for '../../../Engine/Plugins/Runtime/Steam/SteamVR/Content/' was aborted.
[2018.01.16-05.05.33:783][690]LogExit: Object subsystem successfully closed.
[2018.01.16-05.05.33:815][690]LogD3D11RHI: Shutdown
[2018.01.16-05.05.33:815][690]LogD3D11RHI: CleanupD3DDevice
[2018.01.16-05.05.33:821][690]LogD3D11RHI: ~FD3D11DynamicRHI
[2018.01.16-05.05.33:858][690]LogModuleManager: Shutting down and abandoning module HierarchicalLODUtilities (550)
[2018.01.16-05.05.33:858][690]LogModuleManager: Shutting down and abandoning module HierarchicalLODOutliner (548)
[2018.01.16-05.05.33:858][690]LogModuleManager: Shutting down and abandoning module SceneOutliner (546)
[2018.01.16-05.05.33:858][690]LogModuleManager: Shutting down and abandoning module AddContentDialog (544)
[2018.01.16-05.05.33:859][690]LogDirectoryWatcher: A directory notification for 'C:/Program Files/Epic Games/UE_4.18/FeaturePacks/' was aborted.
[2018.01.16-05.05.33:861][690]LogModuleManager: Shutting down and abandoning module WidgetCarousel (543)
[2018.01.16-05.05.33:861][690]LogModuleManager: Shutting down and abandoning module EditorWidgets (540)
[2018.01.16-05.05.33:861][690]LogModuleManager: Shutting down and abandoning module CollectionManager (538)
[2018.01.16-05.05.33:861][690]LogDirectoryWatcher: A directory notification for 'C:/Users/yudai nishikawa/Desktop/git/Graduation/Graduation/Content/Collections/' was aborted.
[2018.01.16-05.05.33:861][690]LogDirectoryWatcher: A directory notification for 'C:/Users/yudai nishikawa/Desktop/git/Graduation/Graduation/Content/Developers/yudainishikawa/Collections/' was aborted.
[2018.01.16-05.05.33:861][690]LogDirectoryWatcher: A directory notification for 'C:/Users/yudai nishikawa/Desktop/git/Graduation/Graduation/Saved/Collections/' was aborted.
[2018.01.16-05.05.33:861][690]LogModuleManager: Shutting down and abandoning module StatsViewer (536)
[2018.01.16-05.05.33:862][690]LogModuleManager: Shutting down and abandoning module FoliageEdit (534)
[2018.01.16-05.05.33:862][690]LogModuleManager: Shutting down and abandoning module LandscapeEditor (532)
[2018.01.16-05.05.33:862][690]LogModuleManager: Shutting down and abandoning module MeshPaintMode (530)
[2018.01.16-05.05.33:862][690]LogModuleManager: Shutting down and abandoning module SceneDepthPickerMode (528)
[2018.01.16-05.05.33:862][690]LogModuleManager: Shutting down and abandoning module ActorPickerMode (526)
[2018.01.16-05.05.33:862][690]LogModuleManager: Shutting down and abandoning module GeometryMode (524)
[2018.01.16-05.05.33:862][690]LogModuleManager: Shutting down and abandoning module TextureAlignMode (522)
[2018.01.16-05.05.33:862][690]LogModuleManager: Shutting down and abandoning module BspMode (520)
[2018.01.16-05.05.33:862][690]LogModuleManager: Shutting down and abandoning module PIEPreviewDeviceProfileSelector (518)
[2018.01.16-05.05.33:862][690]LogModuleManager: Shutting down and abandoning module HardwareSurvey (516)
[2018.01.16-05.05.33:862][690]LogModuleManager: Shutting down and abandoning module SequenceRecorderSections (514)
[2018.01.16-05.05.33:862][690]LogModuleManager: Shutting down and abandoning module AutomationWorker (512)
[2018.01.16-05.05.33:862][690]LogModuleManager: Shutting down and abandoning module MatineeToLevelSequence (510)
[2018.01.16-05.05.33:862][690]LogModuleManager: Shutting down and abandoning module LevelSequenceEditor (508)
[2018.01.16-05.05.33:863][690]LogModuleManager: Shutting down and abandoning module PlacementMode (507)
[2018.01.16-05.05.33:863][690]LogModuleManager: Shutting down and abandoning module WmfMediaFactory (504)
[2018.01.16-05.05.33:863][690]LogModuleManager: Shutting down and abandoning module WmfMediaEditor (502)
[2018.01.16-05.05.33:863][690]LogModuleManager: Shutting down and abandoning module OpenExrWrapper (500)
[2018.01.16-05.05.33:863][690]LogModuleManager: Shutting down and abandoning module ImgMediaFactory (498)
[2018.01.16-05.05.33:863][690]LogModuleManager: Shutting down and abandoning module ImgMediaEditor (496)
[2018.01.16-05.05.33:863][690]LogModuleManager: Shutting down and abandoning module AvfMediaFactory (494)
[2018.01.16-05.05.33:863][690]LogModuleManager: Shutting down and abandoning module AvfMediaEditor (492)
[2018.01.16-05.05.33:863][690]LogModuleManager: Shutting down and abandoning module AndroidMediaFactory (490)
[2018.01.16-05.05.33:863][690]LogModuleManager: Shutting down and abandoning module AndroidMediaEditor (488)
[2018.01.16-05.05.33:863][690]LogModuleManager: Shutting down and abandoning module CharacterAI (486)
[2018.01.16-05.05.33:863][690]LogModuleManager: Shutting down and abandoning module AudioCapture (484)
[2018.01.16-05.05.33:863][690]LogModuleManager: Shutting down and abandoning module SequenceRecorder (483)
[2018.01.16-05.05.33:863][690]LogModuleManager: Shutting down and abandoning module SmartSnapping (480)
[2018.01.16-05.05.33:863][690]LogModuleManager: Shutting down and abandoning module SessionServices (478)
[2018.01.16-05.05.33:863][690]LogModuleManager: Shutting down and abandoning module ViewportSnapping (476)
[2018.01.16-05.05.33:863][690]LogModuleManager: Shutting down and abandoning module ViewportInteraction (474)
[2018.01.16-05.05.33:863][690]LogModuleManager: Shutting down and abandoning module ClothPainter (472)
[2018.01.16-05.05.33:863][690]LogModuleManager: Shutting down and abandoning module SkeletalMeshEditor (471)
[2018.01.16-05.05.33:864][690]LogModuleManager: Shutting down and abandoning module LogVisualizer (468)
[2018.01.16-05.05.33:864][690]LogModuleManager: Shutting down and abandoning module IntroTutorials (466)
[2018.01.16-05.05.33:864][690]LogModuleManager: Shutting down and abandoning module GameProjectGeneration (465)
[2018.01.16-05.05.33:864][690]LogModuleManager: Shutting down and abandoning module IOSPlatformEditor (462)
[2018.01.16-05.05.33:864][690]LogModuleManager: Shutting down and abandoning module HTML5PlatformEditor (460)
[2018.01.16-05.05.33:864][690]LogModuleManager: Shutting down and abandoning module AndroidPlatformEditor (458)
[2018.01.16-05.05.33:864][690]LogModuleManager: Shutting down and abandoning module AndroidDeviceDetection (457)
[2018.01.16-05.05.34:403][690]LogModuleManager: Shutting down and abandoning module WindowsPlatformEditor (454)
[2018.01.16-05.05.34:403][690]LogModuleManager: Shutting down and abandoning module IOSRuntimeSettings (452)
[2018.01.16-05.05.34:403][690]LogModuleManager: Shutting down and abandoning module AndroidRuntimeSettings (450)
[2018.01.16-05.05.34:403][690]LogModuleManager: Shutting down and abandoning module InputBindingEditor (448)
[2018.01.16-05.05.34:403][690]LogModuleManager: Shutting down and abandoning module MergeActors (446)
[2018.01.16-05.05.34:403][690]LogModuleManager: Shutting down and abandoning module SizeMap (444)
[2018.01.16-05.05.34:403][690]LogModuleManager: Shutting down and abandoning module TreeMap (442)
[2018.01.16-05.05.34:403][690]LogModuleManager: Shutting down and abandoning module ReferenceViewer (440)
[2018.01.16-05.05.34:403][690]LogModuleManager: Shutting down and abandoning module LocalizationDashboard (438)
[2018.01.16-05.05.34:403][690]LogModuleManager: Shutting down and abandoning module LocalizationService (437)
[2018.01.16-05.05.34:403][690]LogModuleManager: Shutting down and abandoning module HardwareTargeting (434)
[2018.01.16-05.05.34:403][690]LogModuleManager: Shutting down and abandoning module DeviceProfileEditor (432)
[2018.01.16-05.05.34:403][690]LogModuleManager: Shutting down and abandoning module UndoHistory (430)
[2018.01.16-05.05.34:404][690]LogModuleManager: Shutting down and abandoning module XmlParser (428)
[2018.01.16-05.05.34:404][690]LogModuleManager: Shutting down and abandoning module Blutility (426)
[2018.01.16-05.05.34:404][690]LogModuleManager: Shutting down and abandoning module ProjectSettingsViewer (424)
[2018.01.16-05.05.34:404][690]LogModuleManager: Shutting down and abandoning module ProjectTargetPlatformEditor (423)
[2018.01.16-05.05.34:404][690]LogModuleManager: Shutting down and abandoning module EditorSettingsViewer (420)
[2018.01.16-05.05.34:404][690]LogModuleManager: Shutting down and abandoning module SettingsEditor (418)
[2018.01.16-05.05.34:404][690]LogModuleManager: Shutting down and abandoning module ProjectLauncher (416)
[2018.01.16-05.05.34:404][690]LogModuleManager: Shutting down and abandoning module SessionFrontend (414)
[2018.01.16-05.05.34:404][690]LogModuleManager: Shutting down and abandoning module ProfilerClient (412)
[2018.01.16-05.05.34:404][690]LogModuleManager: Shutting down and abandoning module DeviceManager (410)
[2018.01.16-05.05.34:404][690]LogModuleManager: Shutting down and abandoning module TargetDeviceServices (409)
[2018.01.16-05.05.34:470][690]LogModuleManager: Shutting down and abandoning module AutomationController (406)
[2018.01.16-05.05.34:470][690]LogModuleManager: Shutting down and abandoning module AutomationWindow (404)
[2018.01.16-05.05.34:470][690]LogModuleManager: Shutting down and abandoning module Layers (402)
[2018.01.16-05.05.34:470][690]LogModuleManager: Shutting down and abandoning module ComponentVisualizers (400)
[2018.01.16-05.05.34:470][690]LogModuleManager: Shutting down and abandoning module DetailCustomizations (398)
[2018.01.16-05.05.34:470][690]LogModuleManager: Shutting down and abandoning module PackagesDialog (396)
[2018.01.16-05.05.34:470][690]LogModuleManager: Shutting down and abandoning module Persona (394)
[2018.01.16-05.05.34:470][690]LogModuleManager: Shutting down and abandoning module AdvancedPreviewScene (393)
[2018.01.16-05.05.34:470][690]LogModuleManager: Shutting down and abandoning module AnimGraph (391)
[2018.01.16-05.05.34:470][690]LogModuleManager: Shutting down and abandoning module Kismet (388)
[2018.01.16-05.05.34:471][690]LogModuleManager: Shutting down and abandoning module ClassViewer (386)
[2018.01.16-05.05.34:471][690]LogModuleManager: Shutting down and abandoning module Toolbox (384)
[2018.01.16-05.05.34:471][690]LogModuleManager: Shutting down and abandoning module ModuleUI (382)
[2018.01.16-05.05.34:471][690]LogModuleManager: Shutting down and abandoning module MovieSceneTools (380)
[2018.01.16-05.05.34:471][690]LogModuleManager: Shutting down and abandoning module OutputLog (378)
[2018.01.16-05.05.34:471][690]LogModuleManager: Shutting down and abandoning module GammaUI (376)
[2018.01.16-05.05.34:471][690]LogModuleManager: Shutting down and abandoning module Documentation (374)
[2018.01.16-05.05.34:471][690]LogModuleManager: Shutting down and abandoning module MovieSceneTracks (372)
[2018.01.16-05.05.34:471][690]LogModuleManager: Shutting down and abandoning module MovieScene (370)
[2018.01.16-05.05.34:471][690]LogModuleManager: Shutting down and abandoning module StreamingPauseRendering (368)
[2018.01.16-05.05.34:471][690]LogModuleManager: Shutting down and abandoning module LauncherPlatform (366)
[2018.01.16-05.05.34:471][690]LogModuleManager: Shutting down and abandoning module AnalyticsET (364)
[2018.01.16-05.05.34:471][690]LogModuleManager: Shutting down and abandoning module PortalServices (362)
[2018.01.16-05.05.34:471][690]LogModuleManager: Shutting down and abandoning module PortalRpc (360)
[2018.01.16-05.05.34:471][690]LogModuleManager: Shutting down and abandoning module MessagingRpc (358)
[2018.01.16-05.05.34:471][690]LogModuleManager: Shutting down and abandoning module AIModule (356)
[2018.01.16-05.05.34:471][690]LogModuleManager: Shutting down and abandoning module GameplayDebugger (355)
[2018.01.16-05.05.34:471][690]LogModuleManager: Shutting down and abandoning module AITestSuite (353)
[2018.01.16-05.05.34:471][690]LogModuleManager: Shutting down and abandoning module DesktopPlatform (350)
[2018.01.16-05.05.34:471][690]LogModuleManager: Shutting down and abandoning module ProfilerService (348)
[2018.01.16-05.05.34:645][690]LogModuleManager: Shutting down and abandoning module TaskGraph (346)
[2018.01.16-05.05.34:646][690]LogModuleManager: Shutting down and abandoning module SteamVRController (344)
[2018.01.16-05.05.34:646][690]LogModuleManager: Shutting down and abandoning module ProceduralMeshComponentEditor (342)
[2018.01.16-05.05.34:646][690]LogModuleManager: Shutting down and abandoning module ProceduralMeshComponent (340)
[2018.01.16-05.05.34:646][690]LogModuleManager: Shutting down and abandoning module OculusInput (338)
[2018.01.16-05.05.34:646][690]LogModuleManager: Shutting down and abandoning module MobilePatchingUtils (336)
[2018.01.16-05.05.34:646][690]LogModuleManager: Shutting down and abandoning module CustomMeshComponent (334)
[2018.01.16-05.05.34:646][690]LogModuleManager: Shutting down and abandoning module CableComponent (332)
[2018.01.16-05.05.34:646][690]LogModuleManager: Shutting down and abandoning module ArchVisCharacter (330)
[2018.01.16-05.05.34:646][690]LogModuleManager: Shutting down and abandoning module AndroidPermission (328)
[2018.01.16-05.05.34:646][690]LogModuleManager: Shutting down and abandoning module ActorSequence (324)
[2018.01.16-05.05.34:646][690]LogModuleManager: Shutting down and abandoning module MediaPlayerEditor (322)
[2018.01.16-05.05.34:646][690]LogModuleManager: Shutting down and abandoning module MediaCompositingEditor (320)
[2018.01.16-05.05.34:646][690]LogModuleManager: Shutting down and abandoning module MediaCompositing (318)
[2018.01.16-05.05.34:646][690]LogModuleManager: Shutting down and abandoning module HTML5Networking (316)
[2018.01.16-05.05.34:646][690]LogModuleManager: Shutting down and abandoning module AlembicImporter (314)
[2018.01.16-05.05.34:646][690]LogModuleManager: Shutting down and abandoning module AlembicLibrary (313)
[2018.01.16-05.05.34:646][690]LogModuleManager: Shutting down and abandoning module GeometryCache (312)
[2018.01.16-05.05.34:646][690]LogModuleManager: Shutting down and abandoning module GeometryCacheEd (311)
[2018.01.16-05.05.34:646][690]LogModuleManager: Shutting down and abandoning module SpeedTreeImporter (306)
[2018.01.16-05.05.34:647][690]LogModuleManager: Shutting down and abandoning module PluginBrowser (304)
[2018.01.16-05.05.34:647][690]LogModuleManager: Shutting down and abandoning module MobileLauncherProfileWizard (302)
[2018.01.16-05.05.34:647][690]LogModuleManager: Shutting down and abandoning module VisualStudioSourceCodeAccess (300)
[2018.01.16-05.05.34:647][690]LogModuleManager: Shutting down and abandoning module VisualStudioCodeSourceCodeAccess (298)
[2018.01.16-05.05.34:647][690]LogModuleManager: Shutting down and abandoning module UObjectPlugin (296)
[2018.01.16-05.05.34:647][690]LogModuleManager: Shutting down and abandoning module SubversionSourceControl (294)
[2018.01.16-05.05.34:647][690]LogModuleManager: Shutting down and abandoning module PerforceSourceControl (292)
[2018.01.16-05.05.34:647][690]LogModuleManager: Shutting down and abandoning module GitSourceControl (290)
[2018.01.16-05.05.34:647][690]LogModuleManager: Shutting down and abandoning module SourceControl (289)
[2018.01.16-05.05.34:647][690]LogModuleManager: Shutting down and abandoning module LightPropagationVolumeEditor (286)
[2018.01.16-05.05.34:647][690]LogModuleManager: Shutting down and abandoning module PaperTiledImporter (284)
[2018.01.16-05.05.34:647][690]LogModuleManager: Shutting down and abandoning module PaperSpriteSheetImporter (282)
[2018.01.16-05.05.34:647][690]LogModuleManager: Shutting down and abandoning module Paper2DEditor (280)
[2018.01.16-05.05.34:647][690]LogModuleManager: Shutting down and abandoning module MeshPaint (279)
[2018.01.16-05.05.34:648][690]LogModuleManager: Shutting down and abandoning module LevelEditor (277)
[2018.01.16-05.05.34:649][690]LogModuleManager: Shutting down and abandoning module PixelInspectorModule (276)
[2018.01.16-05.05.34:649][690]LogModuleManager: Shutting down and abandoning module MainFrame (274)
[2018.01.16-05.05.34:649][690]LogModuleManager: Shutting down and abandoning module HotReload (273)
[2018.01.16-05.05.34:650][690]LogModuleManager: Shutting down and abandoning module RuntimePhysXCooking (268)
[2018.01.16-05.05.34:650][690]LogModuleManager: Shutting down and abandoning module PhysXVehiclesEditor (266)
[2018.01.16-05.05.34:650][690]LogModuleManager: Shutting down and abandoning module PhysXVehicles (264)
[2018.01.16-05.05.34:650][690]LogModuleManager: Shutting down and abandoning module OculusEditor (262)
[2018.01.16-05.05.34:650][690]LogModuleManager: Shutting down and abandoning module LocationServicesBPLibrary (260)
[2018.01.16-05.05.34:650][690]LogModuleManager: Shutting down and abandoning module ImmediatePhysicsEditor (258)
[2018.01.16-05.05.34:650][690]LogModuleManager: Shutting down and abandoning module ImmediatePhysics (256)
[2018.01.16-05.05.34:650][690]LogModuleManager: Shutting down and abandoning module UdpMessaging (254)
[2018.01.16-05.05.34:751][690]LogModuleManager: Shutting down and abandoning module TcpMessaging (252)
[2018.01.16-05.05.34:852][690]LogModuleManager: Shutting down and abandoning module GameplayTagsEditor (250)
[2018.01.16-05.05.34:852][690]LogModuleManager: Shutting down and abandoning module FacialAnimationEditor (248)
[2018.01.16-05.05.34:852][690]LogModuleManager: Shutting down and abandoning module FacialAnimation (246)
[2018.01.16-05.05.34:852][690]LogModuleManager: Shutting down and abandoning module AssetManagerEditor (244)
[2018.01.16-05.05.34:852][690]LogModuleManager: Shutting down and abandoning module GraphEditor (243)
[2018.01.16-05.05.34:852][690]LogModuleManager: Shutting down and abandoning module ContentBrowser (241)
[2018.01.16-05.05.34:855][690]LogModuleManager: Shutting down and abandoning module LightPropagationVolumeRuntime (238)
[2018.01.16-05.05.34:855][690]LogModuleManager: Shutting down and abandoning module Paper2D (236)
[2018.01.16-05.05.34:855][690]LogModuleManager: Shutting down and abandoning module WindowsMoviePlayer (234)
[2018.01.16-05.05.34:855][690]LogModuleManager: Shutting down and abandoning module WmfMedia (232)
[2018.01.16-05.05.34:860][690]LogModuleManager: Shutting down and abandoning module ImgMedia (230)
[2018.01.16-05.05.34:860][690]LogModuleManager: Shutting down and abandoning module PacketHandler (228)
[2018.01.16-05.05.34:860][690]LogModuleManager: Shutting down and abandoning module ClothingSystemEditor (226)
[2018.01.16-05.05.34:860][690]LogModuleManager: Shutting down and abandoning module ClothingSystemRuntime (224)
[2018.01.16-05.05.34:860][690]LogModuleManager: Shutting down and abandoning module MediaAssets (222)
[2018.01.16-05.05.34:860][690]LogModuleManager: Shutting down and abandoning module Media (221)
[2018.01.16-05.05.34:868][690]LogModuleManager: Shutting down and abandoning module Overlay (218)
[2018.01.16-05.05.34:868][690]LogModuleManager: Shutting down and abandoning module OverlayEditor (217)
[2018.01.16-05.05.34:868][690]LogModuleManager: Shutting down and abandoning module VREditor (214)
[2018.01.16-05.05.34:868][690]LogModuleManager: Shutting down and abandoning module StringTableEditor (212)
[2018.01.16-05.05.34:868][690]LogModuleManager: Shutting down and abandoning module GameplayTasksEditor (210)
[2018.01.16-05.05.34:868][690]LogModuleManager: Shutting down and abandoning module BehaviorTreeEditor (208)
[2018.01.16-05.05.34:868][690]LogModuleManager: Shutting down and abandoning module FunctionalTesting (206)
[2018.01.16-05.05.34:868][690]LogModuleManager: Shutting down and abandoning module CollisionAnalyzer (204)
[2018.01.16-05.05.34:868][690]LogModuleManager: Shutting down and abandoning module WorkspaceMenuStructure (203)
[2018.01.16-05.05.34:868][690]LogModuleManager: Shutting down and abandoning module UMG (200)
[2018.01.16-05.05.34:868][690]LogModuleManager: Shutting down and abandoning module UMGEditor (199)
[2018.01.16-05.05.34:868][690]LogModuleManager: Shutting down and abandoning module Sequencer (198)
[2018.01.16-05.05.34:869][690]LogModuleManager: Shutting down and abandoning module MessageLog (195)
[2018.01.16-05.05.34:869][690]LogModuleManager: Shutting down and abandoning module SlateReflector (190)
[2018.01.16-05.05.34:869][690]LogModuleManager: Shutting down and abandoning module Slate (188)
[2018.01.16-05.05.34:869][690]LogModuleManager: Shutting down and abandoning module EditorStyle (186)
[2018.01.16-05.05.34:876][690]LogModuleManager: Shutting down and abandoning module MRMesh (184)
[2018.01.16-05.05.34:877][690]LogModuleManager: Shutting down and abandoning module SourceCodeAccess (182)
[2018.01.16-05.05.34:878][690]LogModuleManager: Shutting down and abandoning module HeadMountedDisplay (180)
[2018.01.16-05.05.34:878][690]LogModuleManager: Shutting down and abandoning module XAudio2 (178)
[2018.01.16-05.05.34:878][690]LogModuleManager: Shutting down and abandoning module Networking (176)
[2018.01.16-05.05.34:878][690]LogModuleManager: Shutting down and abandoning module Core (172)
[2018.01.16-05.05.34:878][690]LogModuleManager: Shutting down and abandoning module LevelSequence (168)
[2018.01.16-05.05.34:878][690]LogModuleManager: Shutting down and abandoning module DirectoryWatcher (166)
[2018.01.16-05.05.34:879][690]LogModuleManager: Shutting down and abandoning module KismetCompiler (164)
[2018.01.16-05.05.34:879][690]LogModuleManager: Shutting down and abandoning module MeshUtilities (162)
[2018.01.16-05.05.34:879][690]LogModuleManager: Shutting down and abandoning module MeshMergeUtilities (161)
[2018.01.16-05.05.34:880][690]LogModuleManager: Shutting down and abandoning module MeshReductionInterface (160)
[2018.01.16-05.05.34:880][690]LogModuleManager: Shutting down and abandoning module SimplygonSwarm (159)
[2018.01.16-05.05.34:880][690]LogModuleManager: Shutting down and abandoning module SimplygonMeshReduction (157)
[2018.01.16-05.05.34:880][690]LogModuleManager: Shutting down and abandoning module QuadricMeshReduction (155)
[2018.01.16-05.05.34:880][690]LogModuleManager: Shutting down and abandoning module MaterialBaking (151)
[2018.01.16-05.05.34:880][690]LogModuleManager: Shutting down and abandoning module DerivedDataCache (148)
[2018.01.16-05.05.34:923][690]LogDerivedDataCache: Shutdown
[2018.01.16-05.05.34:923][690]LogModuleManager: Shutting down and abandoning module TargetPlatform (146)
[2018.01.16-05.05.34:923][690]LogModuleManager: Shutting down and abandoning module VulkanShaderFormat (145)
[2018.01.16-05.05.34:923][690]LogModuleManager: Shutting down and abandoning module ShaderFormatVectorVM (143)
[2018.01.16-05.05.34:923][690]LogModuleManager: Shutting down and abandoning module ShaderFormatOpenGL (141)
[2018.01.16-05.05.34:924][690]LogModuleManager: Shutting down and abandoning module ShaderFormatD3D (139)
[2018.01.16-05.05.34:924][690]LogModuleManager: Shutting down and abandoning module MetalShaderFormat (137)
[2018.01.16-05.05.34:924][690]LogModuleManager: Shutting down and abandoning module TextureFormatUncompressed (135)
[2018.01.16-05.05.34:924][690]LogModuleManager: Shutting down and abandoning module TextureFormatPVR (133)
[2018.01.16-05.05.34:924][690]LogModuleManager: Shutting down and abandoning module TextureFormatDXT (131)
[2018.01.16-05.05.34:924][690]LogModuleManager: Shutting down and abandoning module TextureFormatIntelISPCTexComp (129)
[2018.01.16-05.05.34:924][690]LogModuleManager: Shutting down and abandoning module TextureFormatASTC (127)
[2018.01.16-05.05.34:924][690]LogModuleManager: Shutting down and abandoning module ImageWrapper (126)
[2018.01.16-05.05.34:924][690]LogModuleManager: Shutting down and abandoning module TextureFormatAndroid (123)
[2018.01.16-05.05.34:924][690]LogModuleManager: Shutting down and abandoning module AudioFormatOpus (121)
[2018.01.16-05.05.34:924][690]LogModuleManager: Shutting down and abandoning module AudioFormatOgg (119)
[2018.01.16-05.05.34:924][690]LogModuleManager: Shutting down and abandoning module AudioFormatADPCM (117)
[2018.01.16-05.05.34:924][690]LogModuleManager: Shutting down and abandoning module LinuxTargetPlatform (115)
[2018.01.16-05.05.34:924][690]LogModuleManager: Shutting down and abandoning module LinuxServerTargetPlatform (113)
[2018.01.16-05.05.34:924][690]LogModuleManager: Shutting down and abandoning module LinuxNoEditorTargetPlatform (111)
[2018.01.16-05.05.34:925][690]LogModuleManager: Shutting down and abandoning module LinuxClientTargetPlatform (109)
[2018.01.16-05.05.34:925][690]LogModuleManager: Shutting down and abandoning module TVOSTargetPlatform (107)
[2018.01.16-05.05.34:925][690]LogModuleManager: Shutting down and abandoning module Messaging (105)
[2018.01.16-05.05.34:925][690]LogModuleManager: Shutting down and abandoning module IOSTargetPlatform (103)
[2018.01.16-05.05.34:925][690]LogModuleManager: Shutting down and abandoning module HTML5TargetPlatform (101)
[2018.01.16-05.05.34:925][690]LogModuleManager: Shutting down and abandoning module AndroidTargetPlatform (99)
[2018.01.16-05.05.34:925][690]LogModuleManager: Shutting down and abandoning module Android_PVRTCTargetPlatform (97)
[2018.01.16-05.05.34:925][690]LogModuleManager: Shutting down and abandoning module Android_MultiTargetPlatform (95)
[2018.01.16-05.05.34:925][690]LogModuleManager: Shutting down and abandoning module Android_ETC2TargetPlatform (93)
[2018.01.16-05.05.34:925][690]LogModuleManager: Shutting down and abandoning module Android_ETC1TargetPlatform (91)
[2018.01.16-05.05.34:925][690]LogModuleManager: Shutting down and abandoning module Android_DXTTargetPlatform (89)
[2018.01.16-05.05.34:925][690]LogModuleManager: Shutting down and abandoning module Android_ATCTargetPlatform (87)
[2018.01.16-05.05.34:925][690]LogModuleManager: Shutting down and abandoning module Android_ASTCTargetPlatform (85)
[2018.01.16-05.05.34:926][690]LogModuleManager: Shutting down and abandoning module WindowsTargetPlatform (83)
[2018.01.16-05.05.34:926][690]LogModuleManager: Shutting down and abandoning module WindowsServerTargetPlatform (81)
[2018.01.16-05.05.34:926][690]LogModuleManager: Shutting down and abandoning module WindowsNoEditorTargetPlatform (79)
[2018.01.16-05.05.34:926][690]LogModuleManager: Shutting down and abandoning module WindowsClientTargetPlatform (77)
[2018.01.16-05.05.34:926][690]LogModuleManager: Shutting down and abandoning module MacTargetPlatform (75)
[2018.01.16-05.05.34:926][690]LogModuleManager: Shutting down and abandoning module MacServerTargetPlatform (73)
[2018.01.16-05.05.34:926][690]LogModuleManager: Shutting down and abandoning module MacNoEditorTargetPlatform (71)
[2018.01.16-05.05.34:926][690]LogModuleManager: Shutting down and abandoning module MacClientTargetPlatform (69)
[2018.01.16-05.05.34:926][690]LogModuleManager: Shutting down and abandoning module AllDesktopTargetPlatform (67)
[2018.01.16-05.05.34:926][690]LogModuleManager: Shutting down and abandoning module InputCore (64)
[2018.01.16-05.05.34:927][690]LogModuleManager: Shutting down and abandoning module Settings (62)
[2018.01.16-05.05.34:927][690]LogModuleManager: Shutting down and abandoning module PhysXCooking (60)
[2018.01.16-05.05.34:927][690]LogModuleManager: Shutting down and abandoning module SteamVR (58)
[2018.01.16-05.05.34:927][690]LogModuleManager: Shutting down and abandoning module OculusHMD (56)
[2018.01.16-05.05.34:927][690]LogModuleManager: Shutting down and abandoning module ExampleDeviceProfileSelector (54)
[2018.01.16-05.05.34:927][690]LogModuleManager: Shutting down and abandoning module AppleARKit (52)
[2018.01.16-05.05.34:927][690]LogModuleManager: Shutting down and abandoning module AugmentedReality (51)
[2018.01.16-05.05.34:927][690]LogModuleManager: Shutting down and abandoning module OnlineBlueprintSupport (48)
[2018.01.16-05.05.34:927][690]LogModuleManager: Shutting down and abandoning module OnlineSubsystem (44)
[2018.01.16-05.05.34:927][690]LogModuleManager: Shutting down and abandoning module XMPP (43)
[2018.01.16-05.05.34:927][690]LogModuleManager: Shutting down and abandoning module HTTP (41)
[2018.01.16-05.05.34:927][690]LogHttp: Display: Http module shutting down, but needs to wait on 1 outstanding Http requests:
[2018.01.16-05.05.34:927][690]LogHttp: Display: 	verb=[POST] url=[https://datarouter.ol.epicgames.com/datarouter/api/v1/public/data?SessionID=%7BF6AEA98A-4269-DF5F-9160-4786791F85BC%7D&AppID=UEEditor.Rocket.Release&AppVersion=4.18.2-3794801%2B%2B%2BUE4%2BRelease-4.18&UserID=44c137564cd73af8dc4634902bd95367%7C12c06c2326474aecb2f5dcf612c28778%7C58d89bb0-4705-4ce8-bfa6-64e85d62f35c&AppEnvironment=datacollector-binary&UploadType=eteventstream] status=Processing
[2018.01.16-05.05.34:934][690]LogModuleManager: Shutting down and abandoning module SSL (40)
[2018.01.16-05.05.34:938][690]LogModuleManager: Shutting down and abandoning module AnimationModifiers (36)
[2018.01.16-05.05.34:938][690]LogModuleManager: Shutting down and abandoning module PropertyEditor (35)
[2018.01.16-05.05.34:938][690]LogModuleManager: Shutting down and abandoning module AudioEditor (32)
[2018.01.16-05.05.34:939][690]LogModuleManager: Shutting down and abandoning module TextureCompressor (30)
[2018.01.16-05.05.34:939][690]LogModuleManager: Shutting down and abandoning module ShaderCore (28)
[2018.01.16-05.05.34:939][690]LogModuleManager: Shutting down and abandoning module Landscape (26)
[2018.01.16-05.05.34:939][690]LogModuleManager: Shutting down and abandoning module SlateRHIRenderer (24)
[2018.01.16-05.05.34:943][690]LogModuleManager: Shutting down and abandoning module OpenGLDrv (22)
[2018.01.16-05.05.34:944][690]LogModuleManager: Shutting down and abandoning module D3D11RHI (20)
[2018.01.16-05.05.34:944][690]LogModuleManager: Shutting down and abandoning module AnimGraphRuntime (18)
[2018.01.16-05.05.34:944][690]LogModuleManager: Shutting down and abandoning module Renderer (16)
[2018.01.16-05.05.34:944][690]LogModuleManager: Shutting down and abandoning module Engine (14)
[2018.01.16-05.05.34:944][690]LogModuleManager: Shutting down and abandoning module CoreUObject (12)
[2018.01.16-05.05.34:944][690]LogModuleManager: Shutting down and abandoning module NetworkFile (10)
[2018.01.16-05.05.34:944][690]LogModuleManager: Shutting down and abandoning module CookedIterativeFile (8)
[2018.01.16-05.05.34:944][690]LogModuleManager: Shutting down and abandoning module StreamingFile (6)
[2018.01.16-05.05.34:944][690]LogModuleManager: Shutting down and abandoning module SandboxFile (4)
[2018.01.16-05.05.34:944][690]LogModuleManager: Shutting down and abandoning module PakFile (2)
[2018.01.16-05.05.34:955][690]LogExit: Exiting.
[2018.01.16-05.05.34:996][690]Log file closed, 01/16/18 14:05:34
